2019-02-13 11:40:11,817 [Thread-22:87177032] [django.db.backends:111] [DEBUG]- (0.013) SELECT @@SQL_AUTO_IS_NULL; args=None
2019-02-13 11:40:11,835 [Thread-22:87177032] [django.db.backends:111] [DEBUG]- (0.012) SET SESSION TRANSACTION ISOLATION LEVEL READ COMMITTED; args=None
2019-02-13 11:40:11,843 [Thread-22:87177032] [django.db.backends:111] [DEBUG]- (0.007) SELECT COUNT(*) AS `__count` FROM `autoTest_teststep`; args=()
2019-02-13 11:40:11,856 [Thread-22:87177032] [django.db.backends:111] [DEBUG]- (0.006) SELECT `autoTest_project`.`pro_id`, `autoTest_project`.`pro_name`, `autoTest_project`.`description` FROM `autoTest_project`; args=()
2019-02-13 11:40:11,866 [Thread-22:87177032] [django.db.backends:111] [DEBUG]- (0.009) SELECT `autoTest_teststep`.`testStep_id`, `autoTest_teststep`.`testStep_name`, `autoTest_teststep`.`skip`, `autoTest_teststep`.`skipIf`, `autoTest_teststep`.`skipUnless`, `autoTest_teststep`.`times`, `autoTest_teststep`.`variables`, `autoTest_teststep`.`url`, `autoTest_teststep`.`headers`, `autoTest_teststep`.`content_type`, `autoTest_teststep`.`method`, `autoTest_teststep`.`body`, `autoTest_teststep`.`description`, `autoTest_teststep`.`extract`, `autoTest_teststep`.`validate`, `autoTest_teststep`.`setup_hooks`, `autoTest_teststep`.`teardown_hooks`, `autoTest_teststep`.`necessaryFlag_dict`, `autoTest_teststep`.`dataType_dict`, `autoTest_teststep`.`description_dict`, `autoTest_teststep`.`relative_api`, `autoTest_teststep`.`relative_pro` FROM `autoTest_teststep` ORDER BY `autoTest_teststep`.`testStep_id` ASC LIMIT 3; args=()
2019-02-13 11:40:11,870 [Thread-22:87177032] [django.server:124] [INFO]- "GET /autoTest/testStep_index/ HTTP/1.1" 200 20735
2019-02-13 11:40:14,108 [Thread-23:101958216] [django.db.backends:111] [DEBUG]- (0.010) SELECT @@SQL_AUTO_IS_NULL; args=None
2019-02-13 11:40:14,123 [Thread-23:101958216] [django.db.backends:111] [DEBUG]- (0.014) SET SESSION TRANSACTION ISOLATION LEVEL READ COMMITTED; args=None
2019-02-13 11:40:14,138 [Thread-23:101958216] [django.db.backends:111] [DEBUG]- (0.010) SELECT COUNT(*) AS `__count` FROM `autoTest_testcases`; args=()
2019-02-13 11:40:14,155 [Thread-23:101958216] [django.db.backends:111] [DEBUG]- (0.012) SELECT `autoTest_testcases`.`testCases_id`, `autoTest_testcases`.`testCases_name`, `autoTest_testcases`.`testSuite_function`, `autoTest_testcases`.`parameters`, `autoTest_testcases`.`variables`, `autoTest_testcases`.`headers`, `autoTest_testcases`.`description`, `autoTest_testcases`.`setup_hooks`, `autoTest_testcases`.`teardown_hooks`, `autoTest_testcases`.`output`, `autoTest_testcases`.`testCases_list`, `autoTest_testcases`.`dataType_dict`, `autoTest_testcases`.`description_dict`, `autoTest_testcases`.`file_path` FROM `autoTest_testcases` ORDER BY `autoTest_testcases`.`testCases_id` ASC LIMIT 1; args=()
2019-02-13 11:40:14,157 [Thread-23:101958216] [django.server:124] [INFO]- "GET /autoTest/testCases_index/ HTTP/1.1" 200 16635
2019-02-13 11:40:14,731 [Thread-24:87177032] [django.db.backends:111] [DEBUG]- (0.009) SELECT @@SQL_AUTO_IS_NULL; args=None
2019-02-13 11:40:14,744 [Thread-24:87177032] [django.db.backends:111] [DEBUG]- (0.009) SET SESSION TRANSACTION ISOLATION LEVEL READ COMMITTED; args=None
2019-02-13 11:40:14,756 [Thread-24:87177032] [django.db.backends:111] [DEBUG]- (0.011) SELECT `autoTest_teststep`.`testStep_id`, `autoTest_teststep`.`testStep_name`, `autoTest_teststep`.`skip`, `autoTest_teststep`.`skipIf`, `autoTest_teststep`.`skipUnless`, `autoTest_teststep`.`times`, `autoTest_teststep`.`variables`, `autoTest_teststep`.`url`, `autoTest_teststep`.`headers`, `autoTest_teststep`.`content_type`, `autoTest_teststep`.`method`, `autoTest_teststep`.`body`, `autoTest_teststep`.`description`, `autoTest_teststep`.`extract`, `autoTest_teststep`.`validate`, `autoTest_teststep`.`setup_hooks`, `autoTest_teststep`.`teardown_hooks`, `autoTest_teststep`.`necessaryFlag_dict`, `autoTest_teststep`.`dataType_dict`, `autoTest_teststep`.`description_dict`, `autoTest_teststep`.`relative_api`, `autoTest_teststep`.`relative_pro` FROM `autoTest_teststep` ORDER BY `autoTest_teststep`.`testStep_id` ASC; args=()
2019-02-13 11:40:14,769 [Thread-24:87177032] [django.db.backends:111] [DEBUG]- (0.011) SELECT `autoTest_testcases`.`testCases_id`, `autoTest_testcases`.`testCases_name`, `autoTest_testcases`.`testSuite_function`, `autoTest_testcases`.`parameters`, `autoTest_testcases`.`variables`, `autoTest_testcases`.`headers`, `autoTest_testcases`.`description`, `autoTest_testcases`.`setup_hooks`, `autoTest_testcases`.`teardown_hooks`, `autoTest_testcases`.`output`, `autoTest_testcases`.`testCases_list`, `autoTest_testcases`.`dataType_dict`, `autoTest_testcases`.`description_dict`, `autoTest_testcases`.`file_path` FROM `autoTest_testcases` ORDER BY `autoTest_testcases`.`testCases_id` ASC; args=()
2019-02-13 11:40:14,791 [Thread-24:87177032] [django.template:878] [DEBUG]- Exception while resolving variable 'testStep_id' in template 'autoTest/testCases_add.html'.
Traceback (most recent call last):
  File "C:\Python36\lib\site-packages\django\template\base.py", line 835, in _resolve_lookup
    current = current[bit]
TypeError: string indices must be integers

During handling of the above exception, another exception occurred:

Traceback (most recent call last):
  File "C:\Python36\lib\site-packages\django\template\base.py", line 843, in _resolve_lookup
    current = getattr(current, bit)
AttributeError: 'str' object has no attribute 'testStep_id'

During handling of the above exception, another exception occurred:

Traceback (most recent call last):
  File "C:\Python36\lib\site-packages\django\template\base.py", line 849, in _resolve_lookup
    current = current[int(bit)]
ValueError: invalid literal for int() with base 10: 'testStep_id'

During handling of the above exception, another exception occurred:

Traceback (most recent call last):
  File "C:\Python36\lib\site-packages\django\template\base.py", line 856, in _resolve_lookup
    (bit, current))  # missing attribute
django.template.base.VariableDoesNotExist: Failed lookup for key [testStep_id] in '<li name="testStep" value="1">ËÑË÷¹ÅÊ«´Ê×÷Õß¡ª¡ªÀî°×</li><li name="testStep" value="2">ËÑË÷¹ÅÊ«´Ê×÷Õß¡ª¡ª¶Å¸¦</li><li name="testStep" value="5">Ëæ»úÒ»Ê×Ê«´ÊÍÆ¼ö</li>'
2019-02-13 11:40:14,792 [Thread-24:87177032] [django.template:878] [DEBUG]- Exception while resolving variable 'testStep_name' in template 'autoTest/testCases_add.html'.
Traceback (most recent call last):
  File "C:\Python36\lib\site-packages\django\template\base.py", line 835, in _resolve_lookup
    current = current[bit]
TypeError: string indices must be integers

During handling of the above exception, another exception occurred:

Traceback (most recent call last):
  File "C:\Python36\lib\site-packages\django\template\base.py", line 843, in _resolve_lookup
    current = getattr(current, bit)
AttributeError: 'str' object has no attribute 'testStep_name'

During handling of the above exception, another exception occurred:

Traceback (most recent call last):
  File "C:\Python36\lib\site-packages\django\template\base.py", line 849, in _resolve_lookup
    current = current[int(bit)]
ValueError: invalid literal for int() with base 10: 'testStep_name'

During handling of the above exception, another exception occurred:

Traceback (most recent call last):
  File "C:\Python36\lib\site-packages\django\template\base.py", line 856, in _resolve_lookup
    (bit, current))  # missing attribute
django.template.base.VariableDoesNotExist: Failed lookup for key [testStep_name] in '<li name="testStep" value="1">ËÑË÷¹ÅÊ«´Ê×÷Õß¡ª¡ªÀî°×</li><li name="testStep" value="2">ËÑË÷¹ÅÊ«´Ê×÷Õß¡ª¡ª¶Å¸¦</li><li name="testStep" value="5">Ëæ»úÒ»Ê×Ê«´ÊÍÆ¼ö</li>'
2019-02-13 11:40:14,796 [Thread-24:87177032] [django.server:124] [INFO]- "GET /autoTest/testCases_add/ HTTP/1.1" 200 45003
2019-02-13 11:40:17,235 [Thread-25:101958216] [django.db.backends:111] [DEBUG]- (0.009) SELECT @@SQL_AUTO_IS_NULL; args=None
2019-02-13 11:40:17,244 [Thread-25:101958216] [django.db.backends:111] [DEBUG]- (0.009) SET SESSION TRANSACTION ISOLATION LEVEL READ COMMITTED; args=None
2019-02-13 11:40:17,253 [Thread-25:101958216] [django.db.backends:111] [DEBUG]- (0.009) SELECT COUNT(*) AS `__count` FROM `autoTest_testcases`; args=()
2019-02-13 11:40:17,271 [Thread-25:101958216] [django.db.backends:111] [DEBUG]- (0.014) SELECT `autoTest_testcases`.`testCases_id`, `autoTest_testcases`.`testCases_name`, `autoTest_testcases`.`testSuite_function`, `autoTest_testcases`.`parameters`, `autoTest_testcases`.`variables`, `autoTest_testcases`.`headers`, `autoTest_testcases`.`description`, `autoTest_testcases`.`setup_hooks`, `autoTest_testcases`.`teardown_hooks`, `autoTest_testcases`.`output`, `autoTest_testcases`.`testCases_list`, `autoTest_testcases`.`dataType_dict`, `autoTest_testcases`.`description_dict`, `autoTest_testcases`.`file_path` FROM `autoTest_testcases` ORDER BY `autoTest_testcases`.`testCases_id` ASC LIMIT 1; args=()
2019-02-13 11:40:17,275 [Thread-25:101958216] [django.server:124] [INFO]- "GET /autoTest/testCases_index/ HTTP/1.1" 200 16635
2019-02-13 11:40:18,743 [Thread-26:87177032] [django.db.backends:111] [DEBUG]- (0.015) SELECT @@SQL_AUTO_IS_NULL; args=None
2019-02-13 11:40:18,753 [Thread-26:87177032] [django.db.backends:111] [DEBUG]- (0.009) SET SESSION TRANSACTION ISOLATION LEVEL READ COMMITTED; args=None
2019-02-13 11:40:18,765 [Thread-26:87177032] [django.db.backends:111] [DEBUG]- (0.012) SELECT `autoTest_teststep`.`testStep_id`, `autoTest_teststep`.`testStep_name`, `autoTest_teststep`.`skip`, `autoTest_teststep`.`skipIf`, `autoTest_teststep`.`skipUnless`, `autoTest_teststep`.`times`, `autoTest_teststep`.`variables`, `autoTest_teststep`.`url`, `autoTest_teststep`.`headers`, `autoTest_teststep`.`content_type`, `autoTest_teststep`.`method`, `autoTest_teststep`.`body`, `autoTest_teststep`.`description`, `autoTest_teststep`.`extract`, `autoTest_teststep`.`validate`, `autoTest_teststep`.`setup_hooks`, `autoTest_teststep`.`teardown_hooks`, `autoTest_teststep`.`necessaryFlag_dict`, `autoTest_teststep`.`dataType_dict`, `autoTest_teststep`.`description_dict`, `autoTest_teststep`.`relative_api`, `autoTest_teststep`.`relative_pro` FROM `autoTest_teststep` ORDER BY `autoTest_teststep`.`testStep_id` ASC; args=()
2019-02-13 11:40:18,778 [Thread-26:87177032] [django.db.backends:111] [DEBUG]- (0.011) SELECT `autoTest_testcases`.`testCases_id`, `autoTest_testcases`.`testCases_name`, `autoTest_testcases`.`testSuite_function`, `autoTest_testcases`.`parameters`, `autoTest_testcases`.`variables`, `autoTest_testcases`.`headers`, `autoTest_testcases`.`description`, `autoTest_testcases`.`setup_hooks`, `autoTest_testcases`.`teardown_hooks`, `autoTest_testcases`.`output`, `autoTest_testcases`.`testCases_list`, `autoTest_testcases`.`dataType_dict`, `autoTest_testcases`.`description_dict`, `autoTest_testcases`.`file_path` FROM `autoTest_testcases` ORDER BY `autoTest_testcases`.`testCases_id` ASC; args=()
2019-02-13 11:40:18,785 [Thread-26:87177032] [django.template:878] [DEBUG]- Exception while resolving variable 'testStep_id' in template 'autoTest/testCases_add.html'.
Traceback (most recent call last):
  File "C:\Python36\lib\site-packages\django\template\base.py", line 835, in _resolve_lookup
    current = current[bit]
TypeError: string indices must be integers

During handling of the above exception, another exception occurred:

Traceback (most recent call last):
  File "C:\Python36\lib\site-packages\django\template\base.py", line 843, in _resolve_lookup
    current = getattr(current, bit)
AttributeError: 'str' object has no attribute 'testStep_id'

During handling of the above exception, another exception occurred:

Traceback (most recent call last):
  File "C:\Python36\lib\site-packages\django\template\base.py", line 849, in _resolve_lookup
    current = current[int(bit)]
ValueError: invalid literal for int() with base 10: 'testStep_id'

During handling of the above exception, another exception occurred:

Traceback (most recent call last):
  File "C:\Python36\lib\site-packages\django\template\base.py", line 856, in _resolve_lookup
    (bit, current))  # missing attribute
django.template.base.VariableDoesNotExist: Failed lookup for key [testStep_id] in '<li name="testStep" value="1">ËÑË÷¹ÅÊ«´Ê×÷Õß¡ª¡ªÀî°×</li><li name="testStep" value="2">ËÑË÷¹ÅÊ«´Ê×÷Õß¡ª¡ª¶Å¸¦</li><li name="testStep" value="5">Ëæ»úÒ»Ê×Ê«´ÊÍÆ¼ö</li>'
2019-02-13 11:40:18,787 [Thread-26:87177032] [django.template:878] [DEBUG]- Exception while resolving variable 'testStep_name' in template 'autoTest/testCases_add.html'.
Traceback (most recent call last):
  File "C:\Python36\lib\site-packages\django\template\base.py", line 835, in _resolve_lookup
    current = current[bit]
TypeError: string indices must be integers

During handling of the above exception, another exception occurred:

Traceback (most recent call last):
  File "C:\Python36\lib\site-packages\django\template\base.py", line 843, in _resolve_lookup
    current = getattr(current, bit)
AttributeError: 'str' object has no attribute 'testStep_name'

During handling of the above exception, another exception occurred:

Traceback (most recent call last):
  File "C:\Python36\lib\site-packages\django\template\base.py", line 849, in _resolve_lookup
    current = current[int(bit)]
ValueError: invalid literal for int() with base 10: 'testStep_name'

During handling of the above exception, another exception occurred:

Traceback (most recent call last):
  File "C:\Python36\lib\site-packages\django\template\base.py", line 856, in _resolve_lookup
    (bit, current))  # missing attribute
django.template.base.VariableDoesNotExist: Failed lookup for key [testStep_name] in '<li name="testStep" value="1">ËÑË÷¹ÅÊ«´Ê×÷Õß¡ª¡ªÀî°×</li><li name="testStep" value="2">ËÑË÷¹ÅÊ«´Ê×÷Õß¡ª¡ª¶Å¸¦</li><li name="testStep" value="5">Ëæ»úÒ»Ê×Ê«´ÊÍÆ¼ö</li>'
2019-02-13 11:40:18,789 [Thread-26:87177032] [django.server:124] [INFO]- "GET /autoTest/testCases_add/ HTTP/1.1" 200 45003
2019-02-13 11:40:36,527 [Thread-28:87177032] [django.db.backends:111] [DEBUG]- (0.009) SELECT @@SQL_AUTO_IS_NULL; args=None
2019-02-13 11:40:36,545 [Thread-28:87177032] [django.db.backends:111] [DEBUG]- (0.014) SET SESSION TRANSACTION ISOLATION LEVEL READ COMMITTED; args=None
2019-02-13 11:40:36,554 [Thread-28:87177032] [django.db.backends:111] [DEBUG]- (0.009) SELECT VERSION(); args=None
2019-02-13 11:40:36,611 [Thread-28:87177032] [django.db.backends:111] [DEBUG]- (0.009) SET SESSION TRANSACTION ISOLATION LEVEL READ COMMITTED; args=None
2019-02-13 11:40:36,621 [Thread-28:87177032] [django.db.backends:111] [DEBUG]- (0.010) SELECT `autoTest_testcases`.`testCases_id`, `autoTest_testcases`.`testCases_name`, `autoTest_testcases`.`testSuite_function`, `autoTest_testcases`.`parameters`, `autoTest_testcases`.`variables`, `autoTest_testcases`.`headers`, `autoTest_testcases`.`description`, `autoTest_testcases`.`setup_hooks`, `autoTest_testcases`.`teardown_hooks`, `autoTest_testcases`.`output`, `autoTest_testcases`.`testCases_list`, `autoTest_testcases`.`dataType_dict`, `autoTest_testcases`.`description_dict`, `autoTest_testcases`.`file_path` FROM `autoTest_testcases` WHERE `autoTest_testcases`.`testSuite_function` = 'suiteFunction1550029236()'; args=('suiteFunction1550029236()',)
2019-02-13 11:40:36,643 [Thread-28:87177032] [django.db.backends:111] [DEBUG]- (0.010) INSERT INTO `autoTest_testcases` (`testCases_name`, `testSuite_function`, `parameters`, `variables`, `headers`, `description`, `setup_hooks`, `teardown_hooks`, `output`, `testCases_list`, `dataType_dict`, `description_dict`, `file_path`) VALUES ('Ã°ÑÌÓÃÀý¼¯', 'suiteFunction1550029236()', '[]', '[]', '{}', 'Ã°ÑÌÓÃÀý¼¯', '[]', '[]', '[  ]', '[\"1\"]', '{\"headers\":[],\"variables\":[],\"parameters\":[]}', '{\"headers\":[],\"variables\":[],\"parameters\":[]}', 'E:\\github\\testGo\\httprunner\\tests\\testcases\\Ã°ÑÌÓÃÀý¼¯_1550029236.json'); args=['Ã°ÑÌÓÃÀý¼¯', 'suiteFunction1550029236()', '[]', '[]', '{}', 'Ã°ÑÌÓÃÀý¼¯', '[]', '[]', '[  ]', '["1"]', '{"headers":[],"variables":[],"parameters":[]}', '{"headers":[],"variables":[],"parameters":[]}', 'E:\\github\\testGo\\httprunner\\tests\\testcases\\Ã°ÑÌÓÃÀý¼¯_1550029236.json']
2019-02-13 11:40:36,680 [Thread-28:87177032] [django.db.backends:111] [DEBUG]- (0.011) SELECT `autoTest_teststep`.`testStep_id`, `autoTest_teststep`.`testStep_name`, `autoTest_teststep`.`skip`, `autoTest_teststep`.`skipIf`, `autoTest_teststep`.`skipUnless`, `autoTest_teststep`.`times`, `autoTest_teststep`.`variables`, `autoTest_teststep`.`url`, `autoTest_teststep`.`headers`, `autoTest_teststep`.`content_type`, `autoTest_teststep`.`method`, `autoTest_teststep`.`body`, `autoTest_teststep`.`description`, `autoTest_teststep`.`extract`, `autoTest_teststep`.`validate`, `autoTest_teststep`.`setup_hooks`, `autoTest_teststep`.`teardown_hooks`, `autoTest_teststep`.`necessaryFlag_dict`, `autoTest_teststep`.`dataType_dict`, `autoTest_teststep`.`description_dict`, `autoTest_teststep`.`relative_api`, `autoTest_teststep`.`relative_pro` FROM `autoTest_teststep` WHERE `autoTest_teststep`.`testStep_id` = 1; args=(1,)
2019-02-13 11:40:36,687 [Thread-28:87177032] [django.server:124] [INFO]- "POST /autoTest/testCases_add/ HTTP/1.1" 302 0
2019-02-13 11:40:36,738 [Thread-29:87177032] [django.db.backends:111] [DEBUG]- (0.013) SELECT @@SQL_AUTO_IS_NULL; args=None
2019-02-13 11:40:36,744 [Thread-29:87177032] [django.db.backends:111] [DEBUG]- (0.006) SET SESSION TRANSACTION ISOLATION LEVEL READ COMMITTED; args=None
2019-02-13 11:40:36,753 [Thread-29:87177032] [django.db.backends:111] [DEBUG]- (0.009) SELECT COUNT(*) AS `__count` FROM `autoTest_testcases`; args=()
2019-02-13 11:40:36,769 [Thread-29:87177032] [django.db.backends:111] [DEBUG]- (0.011) SELECT `autoTest_testcases`.`testCases_id`, `autoTest_testcases`.`testCases_name`, `autoTest_testcases`.`testSuite_function`, `autoTest_testcases`.`parameters`, `autoTest_testcases`.`variables`, `autoTest_testcases`.`headers`, `autoTest_testcases`.`description`, `autoTest_testcases`.`setup_hooks`, `autoTest_testcases`.`teardown_hooks`, `autoTest_testcases`.`output`, `autoTest_testcases`.`testCases_list`, `autoTest_testcases`.`dataType_dict`, `autoTest_testcases`.`description_dict`, `autoTest_testcases`.`file_path` FROM `autoTest_testcases` ORDER BY `autoTest_testcases`.`testCases_id` ASC LIMIT 2; args=()
2019-02-13 11:40:36,771 [Thread-29:87177032] [django.server:124] [INFO]- "GET /autoTest/testCases_index/ HTTP/1.1" 200 17444
2019-02-13 11:40:38,335 [Thread-30:87177032] [django.db.backends:111] [DEBUG]- (0.007) SELECT @@SQL_AUTO_IS_NULL; args=None
2019-02-13 11:40:38,343 [Thread-30:87177032] [django.db.backends:111] [DEBUG]- (0.007) SET SESSION TRANSACTION ISOLATION LEVEL READ COMMITTED; args=None
2019-02-13 11:40:38,353 [Thread-30:87177032] [django.db.backends:111] [DEBUG]- (0.008) SELECT COUNT(*) AS `__count` FROM `autoTest_testcases`; args=()
2019-02-13 11:40:38,370 [Thread-30:87177032] [django.db.backends:111] [DEBUG]- (0.011) SELECT `autoTest_testcases`.`testCases_id`, `autoTest_testcases`.`testCases_name`, `autoTest_testcases`.`testSuite_function`, `autoTest_testcases`.`parameters`, `autoTest_testcases`.`variables`, `autoTest_testcases`.`headers`, `autoTest_testcases`.`description`, `autoTest_testcases`.`setup_hooks`, `autoTest_testcases`.`teardown_hooks`, `autoTest_testcases`.`output`, `autoTest_testcases`.`testCases_list`, `autoTest_testcases`.`dataType_dict`, `autoTest_testcases`.`description_dict`, `autoTest_testcases`.`file_path` FROM `autoTest_testcases` ORDER BY `autoTest_testcases`.`testCases_id` ASC LIMIT 2; args=()
2019-02-13 11:40:38,374 [Thread-30:87177032] [django.server:124] [INFO]- "GET /autoTest/testCases_index/ HTTP/1.1" 200 17444
2019-02-13 11:40:41,694 [Thread-31:101958216] [django.db.backends:111] [DEBUG]- (0.019) SELECT @@SQL_AUTO_IS_NULL; args=None
2019-02-13 11:40:41,710 [Thread-31:101958216] [django.db.backends:111] [DEBUG]- (0.014) SET SESSION TRANSACTION ISOLATION LEVEL READ COMMITTED; args=None
2019-02-13 11:40:41,724 [Thread-31:101958216] [django.db.backends:111] [DEBUG]- (0.011) SELECT VERSION(); args=None
2019-02-13 11:40:41,775 [Thread-31:101958216] [django.db.backends:111] [DEBUG]- (0.007) SET SESSION TRANSACTION ISOLATION LEVEL READ COMMITTED; args=None
2019-02-13 11:40:41,785 [Thread-31:101958216] [django.db.backends:111] [DEBUG]- (0.009) SELECT `autoTest_testcases`.`testCases_id`, `autoTest_testcases`.`testCases_name`, `autoTest_testcases`.`testSuite_function`, `autoTest_testcases`.`parameters`, `autoTest_testcases`.`variables`, `autoTest_testcases`.`headers`, `autoTest_testcases`.`description`, `autoTest_testcases`.`setup_hooks`, `autoTest_testcases`.`teardown_hooks`, `autoTest_testcases`.`output`, `autoTest_testcases`.`testCases_list`, `autoTest_testcases`.`dataType_dict`, `autoTest_testcases`.`description_dict`, `autoTest_testcases`.`file_path` FROM `autoTest_testcases` WHERE `autoTest_testcases`.`testCases_id` = 5; args=(5,)
2019-02-13 11:40:41,797 [Thread-31:101958216] [django.db.backends:111] [DEBUG]- (0.010) SELECT `autoTest_teststep`.`testStep_id`, `autoTest_teststep`.`testStep_name`, `autoTest_teststep`.`skip`, `autoTest_teststep`.`skipIf`, `autoTest_teststep`.`skipUnless`, `autoTest_teststep`.`times`, `autoTest_teststep`.`variables`, `autoTest_teststep`.`url`, `autoTest_teststep`.`headers`, `autoTest_teststep`.`content_type`, `autoTest_teststep`.`method`, `autoTest_teststep`.`body`, `autoTest_teststep`.`description`, `autoTest_teststep`.`extract`, `autoTest_teststep`.`validate`, `autoTest_teststep`.`setup_hooks`, `autoTest_teststep`.`teardown_hooks`, `autoTest_teststep`.`necessaryFlag_dict`, `autoTest_teststep`.`dataType_dict`, `autoTest_teststep`.`description_dict`, `autoTest_teststep`.`relative_api`, `autoTest_teststep`.`relative_pro` FROM `autoTest_teststep` WHERE `autoTest_teststep`.`testStep_id` = 1; args=(1,)
2019-02-13 11:40:41,798 [Thread-31:101958216] [django.server:124] [INFO]- "POST /autoTest/find_data/ HTTP/1.1" 200 225
2019-02-13 11:41:41,703 [Thread-32:87177032] [django.db.backends:111] [DEBUG]- (0.012) SELECT @@SQL_AUTO_IS_NULL; args=None
2019-02-13 11:41:41,712 [Thread-32:87177032] [django.db.backends:111] [DEBUG]- (0.008) SET SESSION TRANSACTION ISOLATION LEVEL READ COMMITTED; args=None
2019-02-13 11:41:41,722 [Thread-32:87177032] [django.db.backends:111] [DEBUG]- (0.009) SELECT VERSION(); args=None
2019-02-13 11:41:41,813 [Thread-32:87177032] [django.db.backends:111] [DEBUG]- (0.032) SET SESSION TRANSACTION ISOLATION LEVEL READ COMMITTED; args=None
2019-02-13 11:41:41,828 [Thread-32:87177032] [django.db.backends:111] [DEBUG]- (0.014) SELECT `autoTest_testcases`.`testCases_id`, `autoTest_testcases`.`testCases_name`, `autoTest_testcases`.`testSuite_function`, `autoTest_testcases`.`parameters`, `autoTest_testcases`.`variables`, `autoTest_testcases`.`headers`, `autoTest_testcases`.`description`, `autoTest_testcases`.`setup_hooks`, `autoTest_testcases`.`teardown_hooks`, `autoTest_testcases`.`output`, `autoTest_testcases`.`testCases_list`, `autoTest_testcases`.`dataType_dict`, `autoTest_testcases`.`description_dict`, `autoTest_testcases`.`file_path` FROM `autoTest_testcases` WHERE `autoTest_testcases`.`testCases_id` = 5; args=(5,)
2019-02-13 11:41:42,042 [Thread-32:87177032] [django.server:124] [INFO]- "POST /autoTest/testCases_run/ HTTP/1.1" 200 138
2019-02-13 11:41:51,068 [Thread-33:87177032] [django.db.backends:111] [DEBUG]- (0.010) SELECT @@SQL_AUTO_IS_NULL; args=None
2019-02-13 11:41:51,078 [Thread-33:87177032] [django.db.backends:111] [DEBUG]- (0.010) SET SESSION TRANSACTION ISOLATION LEVEL READ COMMITTED; args=None
2019-02-13 11:41:51,088 [Thread-33:87177032] [django.db.backends:111] [DEBUG]- (0.009) SELECT VERSION(); args=None
2019-02-13 11:41:51,122 [Thread-33:87177032] [django.db.backends:111] [DEBUG]- (0.005) SET SESSION TRANSACTION ISOLATION LEVEL READ COMMITTED; args=None
2019-02-13 11:41:51,130 [Thread-33:87177032] [django.db.backends:111] [DEBUG]- (0.008) SELECT `autoTest_testcases`.`testCases_id`, `autoTest_testcases`.`testCases_name`, `autoTest_testcases`.`testSuite_function`, `autoTest_testcases`.`parameters`, `autoTest_testcases`.`variables`, `autoTest_testcases`.`headers`, `autoTest_testcases`.`description`, `autoTest_testcases`.`setup_hooks`, `autoTest_testcases`.`teardown_hooks`, `autoTest_testcases`.`output`, `autoTest_testcases`.`testCases_list`, `autoTest_testcases`.`dataType_dict`, `autoTest_testcases`.`description_dict`, `autoTest_testcases`.`file_path` FROM `autoTest_testcases` WHERE `autoTest_testcases`.`testCases_id` = 5; args=(5,)
2019-02-13 11:41:51,760 [Thread-33:87177032] [django.db.backends:111] [DEBUG]- (0.006) INSERT INTO `autoTest_report` (`report_name`, `path`, `relative_testCases`, `create_time`) VALUES ('Ã°ÑÌÓÃÀý¼¯_report', 'E:\\github\\testGo\\autoTest\\templates\\autoTest\\reports\\1550029311.html', '5', '2019-02-13 03:41:51.748800'); args=['Ã°ÑÌÓÃÀý¼¯_report', 'E:\\github\\testGo\\autoTest\\templates\\autoTest\\reports\\1550029311.html', '5', '2019-02-13 03:41:51.748800']
2019-02-13 11:41:51,780 [Thread-33:87177032] [django.db.backends:111] [DEBUG]- (0.005) SELECT `autoTest_report`.`report_id`, `autoTest_report`.`report_name`, `autoTest_report`.`path`, `autoTest_report`.`relative_testCases`, `autoTest_report`.`create_time` FROM `autoTest_report` WHERE `autoTest_report`.`path` = 'E:\\github\\testGo\\autoTest\\templates\\autoTest\\reports\\1550029311.html' LIMIT 1; args=('E:\\github\\testGo\\autoTest\\templates\\autoTest\\reports\\1550029311.html',)
2019-02-13 11:41:51,781 [Thread-33:87177032] [django.server:124] [INFO]- "POST /autoTest/testCases_run/ HTTP/1.1" 200 100
2019-02-13 11:41:51,948 [Thread-34:87177032] [django.db.backends:111] [DEBUG]- (0.017) SELECT @@SQL_AUTO_IS_NULL; args=None
2019-02-13 11:41:51,969 [Thread-34:87177032] [django.db.backends:111] [DEBUG]- (0.021) SET SESSION TRANSACTION ISOLATION LEVEL READ COMMITTED; args=None
2019-02-13 11:41:51,990 [Thread-34:87177032] [django.db.backends:111] [DEBUG]- (0.020) SELECT VERSION(); args=None
2019-02-13 11:41:52,264 [Thread-34:87177032] [django.db.backends:111] [DEBUG]- (0.007) SET SESSION TRANSACTION ISOLATION LEVEL READ COMMITTED; args=None
2019-02-13 11:41:52,271 [Thread-34:87177032] [django.db.backends:111] [DEBUG]- (0.006) SELECT `autoTest_report`.`report_id`, `autoTest_report`.`report_name`, `autoTest_report`.`path`, `autoTest_report`.`relative_testCases`, `autoTest_report`.`create_time` FROM `autoTest_report` WHERE `autoTest_report`.`report_id` = 1; args=(1,)
2019-02-13 11:41:52,273 [Thread-34:87177032] [django.server:124] [INFO]- "GET /autoTest/report_show/?report_id=1 HTTP/1.1" 200 17881
2019-02-13 11:41:57,670 [Thread-35:101961032] [django.db.backends:111] [DEBUG]- (0.006) SELECT @@SQL_AUTO_IS_NULL; args=None
2019-02-13 11:41:57,677 [Thread-35:101961032] [django.db.backends:111] [DEBUG]- (0.007) SET SESSION TRANSACTION ISOLATION LEVEL READ COMMITTED; args=None
2019-02-13 11:41:57,687 [Thread-35:101961032] [django.db.backends:111] [DEBUG]- (0.009) SELECT COUNT(*) AS `__count` FROM `django_celery_beat_periodictask`; args=()
2019-02-13 11:41:57,698 [Thread-35:101961032] [django.db.backends:111] [DEBUG]- (0.009) SELECT `django_celery_beat_intervalschedule`.`id`, `django_celery_beat_intervalschedule`.`every`, `django_celery_beat_intervalschedule`.`period` FROM `django_celery_beat_intervalschedule` ORDER BY `django_celery_beat_intervalschedule`.`id` ASC; args=()
2019-02-13 11:41:57,709 [Thread-35:101961032] [django.db.backends:111] [DEBUG]- (0.008) SELECT `django_celery_beat_crontabschedule`.`id`, `django_celery_beat_crontabschedule`.`minute`, `django_celery_beat_crontabschedule`.`hour`, `django_celery_beat_crontabschedule`.`day_of_week`, `django_celery_beat_crontabschedule`.`day_of_month`, `django_celery_beat_crontabschedule`.`month_of_year`, `django_celery_beat_crontabschedule`.`timezone` FROM `django_celery_beat_crontabschedule` ORDER BY `django_celery_beat_crontabschedule`.`id` ASC; args=()
2019-02-13 11:41:57,725 [Thread-35:101961032] [django.db.backends:111] [DEBUG]- (0.011) SELECT `django_celery_beat_periodictask`.`id`, `django_celery_beat_periodictask`.`name`, `django_celery_beat_periodictask`.`task`, `django_celery_beat_periodictask`.`interval_id`, `django_celery_beat_periodictask`.`crontab_id`, `django_celery_beat_periodictask`.`solar_id`, `django_celery_beat_periodictask`.`args`, `django_celery_beat_periodictask`.`kwargs`, `django_celery_beat_periodictask`.`queue`, `django_celery_beat_periodictask`.`exchange`, `django_celery_beat_periodictask`.`routing_key`, `django_celery_beat_periodictask`.`priority`, `django_celery_beat_periodictask`.`expires`, `django_celery_beat_periodictask`.`one_off`, `django_celery_beat_periodictask`.`start_time`, `django_celery_beat_periodictask`.`enabled`, `django_celery_beat_periodictask`.`last_run_at`, `django_celery_beat_periodictask`.`total_run_count`, `django_celery_beat_periodictask`.`date_changed`, `django_celery_beat_periodictask`.`description` FROM `django_celery_beat_periodictask` ORDER BY `django_celery_beat_periodictask`.`id` ASC LIMIT 3; args=()
2019-02-13 11:41:57,733 [Thread-35:101961032] [django.server:124] [INFO]- "GET /autoTest/plan_index/ HTTP/1.1" 200 13446
2019-02-13 11:41:58,582 [Thread-36:87177032] [django.db.backends:111] [DEBUG]- (0.008) SELECT @@SQL_AUTO_IS_NULL; args=None
2019-02-13 11:41:58,591 [Thread-36:87177032] [django.db.backends:111] [DEBUG]- (0.008) SET SESSION TRANSACTION ISOLATION LEVEL READ COMMITTED; args=None
2019-02-13 11:41:58,598 [Thread-36:87177032] [django.db.backends:111] [DEBUG]- (0.007) SELECT COUNT(*) AS `__count` FROM `autoTest_report`; args=()
2019-02-13 11:41:58,610 [Thread-36:87177032] [django.db.backends:111] [DEBUG]- (0.008) SELECT `autoTest_report`.`report_id`, `autoTest_report`.`report_name`, `autoTest_report`.`path`, `autoTest_report`.`relative_testCases`, `autoTest_report`.`create_time` FROM `autoTest_report` ORDER BY `autoTest_report`.`report_id` ASC LIMIT 1; args=()
2019-02-13 11:41:58,612 [Thread-36:87177032] [django.server:124] [INFO]- "GET /autoTest/report_index/ HTTP/1.1" 200 10182
2019-02-13 11:41:59,735 [Thread-37:101961032] [django.db.backends:111] [DEBUG]- (0.019) SELECT @@SQL_AUTO_IS_NULL; args=None
2019-02-13 11:41:59,743 [Thread-37:101961032] [django.db.backends:111] [DEBUG]- (0.008) SET SESSION TRANSACTION ISOLATION LEVEL READ COMMITTED; args=None
2019-02-13 11:41:59,751 [Thread-37:101961032] [django.db.backends:111] [DEBUG]- (0.007) SELECT COUNT(*) AS `__count` FROM `autoTest_testcases`; args=()
2019-02-13 11:41:59,764 [Thread-37:101961032] [django.db.backends:111] [DEBUG]- (0.008) SELECT `autoTest_testcases`.`testCases_id`, `autoTest_testcases`.`testCases_name`, `autoTest_testcases`.`testSuite_function`, `autoTest_testcases`.`parameters`, `autoTest_testcases`.`variables`, `autoTest_testcases`.`headers`, `autoTest_testcases`.`description`, `autoTest_testcases`.`setup_hooks`, `autoTest_testcases`.`teardown_hooks`, `autoTest_testcases`.`output`, `autoTest_testcases`.`testCases_list`, `autoTest_testcases`.`dataType_dict`, `autoTest_testcases`.`description_dict`, `autoTest_testcases`.`file_path` FROM `autoTest_testcases` ORDER BY `autoTest_testcases`.`testCases_id` ASC LIMIT 2; args=()
2019-02-13 11:41:59,767 [Thread-37:101961032] [django.server:124] [INFO]- "GET /autoTest/testCases_index/ HTTP/1.1" 200 17444
2019-02-13 11:42:02,282 [Thread-38:87177032] [django.db.backends:111] [DEBUG]- (0.005) SELECT @@SQL_AUTO_IS_NULL; args=None
2019-02-13 11:42:02,289 [Thread-38:87177032] [django.db.backends:111] [DEBUG]- (0.006) SET SESSION TRANSACTION ISOLATION LEVEL READ COMMITTED; args=None
2019-02-13 11:42:02,295 [Thread-38:87177032] [django.db.backends:111] [DEBUG]- (0.006) SELECT VERSION(); args=None
2019-02-13 11:42:02,343 [Thread-38:87177032] [django.db.backends:111] [DEBUG]- (0.008) SET SESSION TRANSACTION ISOLATION LEVEL READ COMMITTED; args=None
2019-02-13 11:42:02,352 [Thread-38:87177032] [django.db.backends:111] [DEBUG]- (0.008) SELECT `autoTest_testcases`.`testCases_id`, `autoTest_testcases`.`testCases_name`, `autoTest_testcases`.`testSuite_function`, `autoTest_testcases`.`parameters`, `autoTest_testcases`.`variables`, `autoTest_testcases`.`headers`, `autoTest_testcases`.`description`, `autoTest_testcases`.`setup_hooks`, `autoTest_testcases`.`teardown_hooks`, `autoTest_testcases`.`output`, `autoTest_testcases`.`testCases_list`, `autoTest_testcases`.`dataType_dict`, `autoTest_testcases`.`description_dict`, `autoTest_testcases`.`file_path` FROM `autoTest_testcases` WHERE `autoTest_testcases`.`testCases_id` = 5; args=(5,)
2019-02-13 11:42:02,364 [Thread-38:87177032] [django.db.backends:111] [DEBUG]- (0.010) SELECT `autoTest_teststep`.`testStep_id`, `autoTest_teststep`.`testStep_name`, `autoTest_teststep`.`skip`, `autoTest_teststep`.`skipIf`, `autoTest_teststep`.`skipUnless`, `autoTest_teststep`.`times`, `autoTest_teststep`.`variables`, `autoTest_teststep`.`url`, `autoTest_teststep`.`headers`, `autoTest_teststep`.`content_type`, `autoTest_teststep`.`method`, `autoTest_teststep`.`body`, `autoTest_teststep`.`description`, `autoTest_teststep`.`extract`, `autoTest_teststep`.`validate`, `autoTest_teststep`.`setup_hooks`, `autoTest_teststep`.`teardown_hooks`, `autoTest_teststep`.`necessaryFlag_dict`, `autoTest_teststep`.`dataType_dict`, `autoTest_teststep`.`description_dict`, `autoTest_teststep`.`relative_api`, `autoTest_teststep`.`relative_pro` FROM `autoTest_teststep` WHERE `autoTest_teststep`.`testStep_id` = 1; args=(1,)
2019-02-13 11:42:02,366 [Thread-38:87177032] [django.server:124] [INFO]- "POST /autoTest/find_data/ HTTP/1.1" 200 225
2019-02-13 11:42:04,254 [Thread-39:87177032] [django.db.backends:111] [DEBUG]- (0.006) SELECT @@SQL_AUTO_IS_NULL; args=None
2019-02-13 11:42:04,260 [Thread-39:87177032] [django.db.backends:111] [DEBUG]- (0.005) SET SESSION TRANSACTION ISOLATION LEVEL READ COMMITTED; args=None
2019-02-13 11:42:04,268 [Thread-39:87177032] [django.db.backends:111] [DEBUG]- (0.007) SELECT VERSION(); args=None
2019-02-13 11:42:04,340 [Thread-39:87177032] [django.db.backends:111] [DEBUG]- (0.011) SET SESSION TRANSACTION ISOLATION LEVEL READ COMMITTED; args=None
2019-02-13 11:42:04,348 [Thread-39:87177032] [django.db.backends:111] [DEBUG]- (0.007) SELECT `autoTest_testcases`.`testCases_id`, `autoTest_testcases`.`testCases_name`, `autoTest_testcases`.`testSuite_function`, `autoTest_testcases`.`parameters`, `autoTest_testcases`.`variables`, `autoTest_testcases`.`headers`, `autoTest_testcases`.`description`, `autoTest_testcases`.`setup_hooks`, `autoTest_testcases`.`teardown_hooks`, `autoTest_testcases`.`output`, `autoTest_testcases`.`testCases_list`, `autoTest_testcases`.`dataType_dict`, `autoTest_testcases`.`description_dict`, `autoTest_testcases`.`file_path` FROM `autoTest_testcases` WHERE `autoTest_testcases`.`testCases_id` = 5; args=(5,)
2019-02-13 11:42:04,523 [Thread-39:87177032] [django.server:124] [INFO]- "POST /autoTest/testCases_run/ HTTP/1.1" 200 138
2019-02-13 11:42:08,472 [Thread-40:87177032] [django.db.backends:111] [DEBUG]- (0.008) SELECT @@SQL_AUTO_IS_NULL; args=None
2019-02-13 11:42:08,481 [Thread-40:87177032] [django.db.backends:111] [DEBUG]- (0.008) SET SESSION TRANSACTION ISOLATION LEVEL READ COMMITTED; args=None
2019-02-13 11:42:08,490 [Thread-40:87177032] [django.db.backends:111] [DEBUG]- (0.009) SELECT VERSION(); args=None
2019-02-13 11:42:08,547 [Thread-40:87177032] [django.db.backends:111] [DEBUG]- (0.007) SET SESSION TRANSACTION ISOLATION LEVEL READ COMMITTED; args=None
2019-02-13 11:42:08,555 [Thread-40:87177032] [django.db.backends:111] [DEBUG]- (0.008) SELECT `autoTest_testcases`.`testCases_id`, `autoTest_testcases`.`testCases_name`, `autoTest_testcases`.`testSuite_function`, `autoTest_testcases`.`parameters`, `autoTest_testcases`.`variables`, `autoTest_testcases`.`headers`, `autoTest_testcases`.`description`, `autoTest_testcases`.`setup_hooks`, `autoTest_testcases`.`teardown_hooks`, `autoTest_testcases`.`output`, `autoTest_testcases`.`testCases_list`, `autoTest_testcases`.`dataType_dict`, `autoTest_testcases`.`description_dict`, `autoTest_testcases`.`file_path` FROM `autoTest_testcases` WHERE `autoTest_testcases`.`testCases_id` = 5; args=(5,)
2019-02-13 11:42:08,772 [Thread-40:87177032] [django.db.backends:111] [DEBUG]- (0.008) INSERT INTO `autoTest_report` (`report_name`, `path`, `relative_testCases`, `create_time`) VALUES ('Ã°ÑÌÓÃÀý¼¯_report', 'E:\\github\\testGo\\autoTest\\templates\\autoTest\\reports\\1550029328.html', '5', '2019-02-13 03:42:08.757800'); args=['Ã°ÑÌÓÃÀý¼¯_report', 'E:\\github\\testGo\\autoTest\\templates\\autoTest\\reports\\1550029328.html', '5', '2019-02-13 03:42:08.757800']
2019-02-13 11:42:08,807 [Thread-40:87177032] [django.db.backends:111] [DEBUG]- (0.008) SELECT `autoTest_report`.`report_id`, `autoTest_report`.`report_name`, `autoTest_report`.`path`, `autoTest_report`.`relative_testCases`, `autoTest_report`.`create_time` FROM `autoTest_report` WHERE `autoTest_report`.`path` = 'E:\\github\\testGo\\autoTest\\templates\\autoTest\\reports\\1550029328.html' LIMIT 1; args=('E:\\github\\testGo\\autoTest\\templates\\autoTest\\reports\\1550029328.html',)
2019-02-13 11:42:08,812 [Thread-40:87177032] [django.server:124] [INFO]- "POST /autoTest/testCases_run/ HTTP/1.1" 200 100
2019-02-13 11:42:08,887 [Thread-41:87177032] [django.db.backends:111] [DEBUG]- (0.010) SELECT @@SQL_AUTO_IS_NULL; args=None
2019-02-13 11:42:08,893 [Thread-41:87177032] [django.db.backends:111] [DEBUG]- (0.006) SET SESSION TRANSACTION ISOLATION LEVEL READ COMMITTED; args=None
2019-02-13 11:42:08,900 [Thread-41:87177032] [django.db.backends:111] [DEBUG]- (0.006) SELECT VERSION(); args=None
2019-02-13 11:42:09,029 [Thread-41:87177032] [django.db.backends:111] [DEBUG]- (0.051) SET SESSION TRANSACTION ISOLATION LEVEL READ COMMITTED; args=None
2019-02-13 11:42:09,044 [Thread-41:87177032] [django.db.backends:111] [DEBUG]- (0.015) SELECT `autoTest_report`.`report_id`, `autoTest_report`.`report_name`, `autoTest_report`.`path`, `autoTest_report`.`relative_testCases`, `autoTest_report`.`create_time` FROM `autoTest_report` WHERE `autoTest_report`.`report_id` = 2; args=(2,)
2019-02-13 11:42:09,047 [Thread-41:87177032] [django.server:124] [INFO]- "GET /autoTest/report_show/?report_id=2 HTTP/1.1" 200 17882
2019-02-13 11:42:12,609 [Thread-42:101961032] [django.db.backends:111] [DEBUG]- (0.014) SELECT @@SQL_AUTO_IS_NULL; args=None
2019-02-13 11:42:12,620 [Thread-42:101961032] [django.db.backends:111] [DEBUG]- (0.010) SET SESSION TRANSACTION ISOLATION LEVEL READ COMMITTED; args=None
2019-02-13 11:42:12,629 [Thread-42:101961032] [django.db.backends:111] [DEBUG]- (0.009) SELECT VERSION(); args=None
2019-02-13 11:42:12,673 [Thread-42:101961032] [django.db.backends:111] [DEBUG]- (0.005) SET SESSION TRANSACTION ISOLATION LEVEL READ COMMITTED; args=None
2019-02-13 11:42:12,685 [Thread-42:101961032] [django.db.backends:111] [DEBUG]- (0.008) SELECT `autoTest_testcases`.`testCases_id`, `autoTest_testcases`.`testCases_name`, `autoTest_testcases`.`testSuite_function`, `autoTest_testcases`.`parameters`, `autoTest_testcases`.`variables`, `autoTest_testcases`.`headers`, `autoTest_testcases`.`description`, `autoTest_testcases`.`setup_hooks`, `autoTest_testcases`.`teardown_hooks`, `autoTest_testcases`.`output`, `autoTest_testcases`.`testCases_list`, `autoTest_testcases`.`dataType_dict`, `autoTest_testcases`.`description_dict`, `autoTest_testcases`.`file_path` FROM `autoTest_testcases` WHERE `autoTest_testcases`.`testCases_id` = 1; args=(1,)
2019-02-13 11:42:12,696 [Thread-42:101961032] [django.db.backends:111] [DEBUG]- (0.010) SELECT `autoTest_teststep`.`testStep_id`, `autoTest_teststep`.`testStep_name`, `autoTest_teststep`.`skip`, `autoTest_teststep`.`skipIf`, `autoTest_teststep`.`skipUnless`, `autoTest_teststep`.`times`, `autoTest_teststep`.`variables`, `autoTest_teststep`.`url`, `autoTest_teststep`.`headers`, `autoTest_teststep`.`content_type`, `autoTest_teststep`.`method`, `autoTest_teststep`.`body`, `autoTest_teststep`.`description`, `autoTest_teststep`.`extract`, `autoTest_teststep`.`validate`, `autoTest_teststep`.`setup_hooks`, `autoTest_teststep`.`teardown_hooks`, `autoTest_teststep`.`necessaryFlag_dict`, `autoTest_teststep`.`dataType_dict`, `autoTest_teststep`.`description_dict`, `autoTest_teststep`.`relative_api`, `autoTest_teststep`.`relative_pro` FROM `autoTest_teststep` WHERE `autoTest_teststep`.`testStep_id` = 1; args=(1,)
2019-02-13 11:42:12,738 [Thread-42:101961032] [django.db.backends:111] [DEBUG]- (0.041) SELECT `autoTest_teststep`.`testStep_id`, `autoTest_teststep`.`testStep_name`, `autoTest_teststep`.`skip`, `autoTest_teststep`.`skipIf`, `autoTest_teststep`.`skipUnless`, `autoTest_teststep`.`times`, `autoTest_teststep`.`variables`, `autoTest_teststep`.`url`, `autoTest_teststep`.`headers`, `autoTest_teststep`.`content_type`, `autoTest_teststep`.`method`, `autoTest_teststep`.`body`, `autoTest_teststep`.`description`, `autoTest_teststep`.`extract`, `autoTest_teststep`.`validate`, `autoTest_teststep`.`setup_hooks`, `autoTest_teststep`.`teardown_hooks`, `autoTest_teststep`.`necessaryFlag_dict`, `autoTest_teststep`.`dataType_dict`, `autoTest_teststep`.`description_dict`, `autoTest_teststep`.`relative_api`, `autoTest_teststep`.`relative_pro` FROM `autoTest_teststep` WHERE `autoTest_teststep`.`testStep_id` = 5; args=(5,)
2019-02-13 11:42:12,739 [Thread-42:101961032] [django.server:124] [INFO]- "POST /autoTest/find_data/ HTTP/1.1" 200 294
2019-02-13 11:42:15,475 [Thread-43:101961032] [django.db.backends:111] [DEBUG]- (0.009) SELECT @@SQL_AUTO_IS_NULL; args=None
2019-02-13 11:42:15,485 [Thread-43:101961032] [django.db.backends:111] [DEBUG]- (0.009) SET SESSION TRANSACTION ISOLATION LEVEL READ COMMITTED; args=None
2019-02-13 11:42:15,494 [Thread-43:101961032] [django.db.backends:111] [DEBUG]- (0.009) SELECT VERSION(); args=None
2019-02-13 11:42:15,534 [Thread-43:101961032] [django.db.backends:111] [DEBUG]- (0.005) SET SESSION TRANSACTION ISOLATION LEVEL READ COMMITTED; args=None
2019-02-13 11:42:15,542 [Thread-43:101961032] [django.db.backends:111] [DEBUG]- (0.008) SELECT `autoTest_testcases`.`testCases_id`, `autoTest_testcases`.`testCases_name`, `autoTest_testcases`.`testSuite_function`, `autoTest_testcases`.`parameters`, `autoTest_testcases`.`variables`, `autoTest_testcases`.`headers`, `autoTest_testcases`.`description`, `autoTest_testcases`.`setup_hooks`, `autoTest_testcases`.`teardown_hooks`, `autoTest_testcases`.`output`, `autoTest_testcases`.`testCases_list`, `autoTest_testcases`.`dataType_dict`, `autoTest_testcases`.`description_dict`, `autoTest_testcases`.`file_path` FROM `autoTest_testcases` WHERE `autoTest_testcases`.`testCases_id` = 1; args=(1,)
2019-02-13 11:42:15,554 [Thread-43:101961032] [django.server:124] [ERROR]- "POST /autoTest/testCases_run/ HTTP/1.1" 500 16605
2019-02-13 11:42:21,470 [Thread-44:101961032] [django.db.backends:111] [DEBUG]- (0.006) SELECT @@SQL_AUTO_IS_NULL; args=None
2019-02-13 11:42:21,477 [Thread-44:101961032] [django.db.backends:111] [DEBUG]- (0.006) SET SESSION TRANSACTION ISOLATION LEVEL READ COMMITTED; args=None
2019-02-13 11:42:21,486 [Thread-44:101961032] [django.db.backends:111] [DEBUG]- (0.009) SELECT VERSION(); args=None
2019-02-13 11:42:21,570 [Thread-44:101961032] [django.db.backends:111] [DEBUG]- (0.010) SET SESSION TRANSACTION ISOLATION LEVEL READ COMMITTED; args=None
2019-02-13 11:42:21,582 [Thread-44:101961032] [django.db.backends:111] [DEBUG]- (0.011) SELECT `autoTest_testcases`.`testCases_id`, `autoTest_testcases`.`testCases_name`, `autoTest_testcases`.`testSuite_function`, `autoTest_testcases`.`parameters`, `autoTest_testcases`.`variables`, `autoTest_testcases`.`headers`, `autoTest_testcases`.`description`, `autoTest_testcases`.`setup_hooks`, `autoTest_testcases`.`teardown_hooks`, `autoTest_testcases`.`output`, `autoTest_testcases`.`testCases_list`, `autoTest_testcases`.`dataType_dict`, `autoTest_testcases`.`description_dict`, `autoTest_testcases`.`file_path` FROM `autoTest_testcases` WHERE `autoTest_testcases`.`testCases_id` = 1; args=(1,)
2019-02-13 11:42:21,600 [Thread-44:101961032] [django.db.backends:111] [DEBUG]- (0.016) SELECT `autoTest_teststep`.`testStep_id`, `autoTest_teststep`.`testStep_name`, `autoTest_teststep`.`skip`, `autoTest_teststep`.`skipIf`, `autoTest_teststep`.`skipUnless`, `autoTest_teststep`.`times`, `autoTest_teststep`.`variables`, `autoTest_teststep`.`url`, `autoTest_teststep`.`headers`, `autoTest_teststep`.`content_type`, `autoTest_teststep`.`method`, `autoTest_teststep`.`body`, `autoTest_teststep`.`description`, `autoTest_teststep`.`extract`, `autoTest_teststep`.`validate`, `autoTest_teststep`.`setup_hooks`, `autoTest_teststep`.`teardown_hooks`, `autoTest_teststep`.`necessaryFlag_dict`, `autoTest_teststep`.`dataType_dict`, `autoTest_teststep`.`description_dict`, `autoTest_teststep`.`relative_api`, `autoTest_teststep`.`relative_pro` FROM `autoTest_teststep` WHERE `autoTest_teststep`.`testStep_id` = 1; args=(1,)
2019-02-13 11:42:21,621 [Thread-44:101961032] [django.db.backends:111] [DEBUG]- (0.020) SELECT `autoTest_teststep`.`testStep_id`, `autoTest_teststep`.`testStep_name`, `autoTest_teststep`.`skip`, `autoTest_teststep`.`skipIf`, `autoTest_teststep`.`skipUnless`, `autoTest_teststep`.`times`, `autoTest_teststep`.`variables`, `autoTest_teststep`.`url`, `autoTest_teststep`.`headers`, `autoTest_teststep`.`content_type`, `autoTest_teststep`.`method`, `autoTest_teststep`.`body`, `autoTest_teststep`.`description`, `autoTest_teststep`.`extract`, `autoTest_teststep`.`validate`, `autoTest_teststep`.`setup_hooks`, `autoTest_teststep`.`teardown_hooks`, `autoTest_teststep`.`necessaryFlag_dict`, `autoTest_teststep`.`dataType_dict`, `autoTest_teststep`.`description_dict`, `autoTest_teststep`.`relative_api`, `autoTest_teststep`.`relative_pro` FROM `autoTest_teststep` WHERE `autoTest_teststep`.`testStep_id` = 5; args=(5,)
2019-02-13 11:42:21,622 [Thread-44:101961032] [django.server:124] [INFO]- "POST /autoTest/find_data/ HTTP/1.1" 200 294
2019-02-13 11:42:24,435 [Thread-45:101961032] [django.db.backends:111] [DEBUG]- (0.007) SELECT @@SQL_AUTO_IS_NULL; args=None
2019-02-13 11:42:24,441 [Thread-45:101961032] [django.db.backends:111] [DEBUG]- (0.006) SET SESSION TRANSACTION ISOLATION LEVEL READ COMMITTED; args=None
2019-02-13 11:42:24,448 [Thread-45:101961032] [django.db.backends:111] [DEBUG]- (0.006) SELECT COUNT(*) AS `__count` FROM `autoTest_teststep`; args=()
2019-02-13 11:42:24,459 [Thread-45:101961032] [django.db.backends:111] [DEBUG]- (0.006) SELECT `autoTest_project`.`pro_id`, `autoTest_project`.`pro_name`, `autoTest_project`.`description` FROM `autoTest_project`; args=()
2019-02-13 11:42:24,471 [Thread-45:101961032] [django.db.backends:111] [DEBUG]- (0.009) SELECT `autoTest_teststep`.`testStep_id`, `autoTest_teststep`.`testStep_name`, `autoTest_teststep`.`skip`, `autoTest_teststep`.`skipIf`, `autoTest_teststep`.`skipUnless`, `autoTest_teststep`.`times`, `autoTest_teststep`.`variables`, `autoTest_teststep`.`url`, `autoTest_teststep`.`headers`, `autoTest_teststep`.`content_type`, `autoTest_teststep`.`method`, `autoTest_teststep`.`body`, `autoTest_teststep`.`description`, `autoTest_teststep`.`extract`, `autoTest_teststep`.`validate`, `autoTest_teststep`.`setup_hooks`, `autoTest_teststep`.`teardown_hooks`, `autoTest_teststep`.`necessaryFlag_dict`, `autoTest_teststep`.`dataType_dict`, `autoTest_teststep`.`description_dict`, `autoTest_teststep`.`relative_api`, `autoTest_teststep`.`relative_pro` FROM `autoTest_teststep` ORDER BY `autoTest_teststep`.`testStep_id` ASC LIMIT 3; args=()
2019-02-13 11:42:24,474 [Thread-45:101961032] [django.server:124] [INFO]- "GET /autoTest/testStep_index/ HTTP/1.1" 200 20735
2019-02-13 11:42:26,698 [Thread-46:87177032] [django.db.backends:111] [DEBUG]- (0.010) SELECT @@SQL_AUTO_IS_NULL; args=None
2019-02-13 11:42:26,707 [Thread-46:87177032] [django.db.backends:111] [DEBUG]- (0.009) SET SESSION TRANSACTION ISOLATION LEVEL READ COMMITTED; args=None
2019-02-13 11:42:26,717 [Thread-46:87177032] [django.db.backends:111] [DEBUG]- (0.009) SELECT VERSION(); args=None
2019-02-13 11:42:26,781 [Thread-46:87177032] [django.db.backends:111] [DEBUG]- (0.016) SET SESSION TRANSACTION ISOLATION LEVEL READ COMMITTED; args=None
2019-02-13 11:42:26,795 [Thread-46:87177032] [django.db.backends:111] [DEBUG]- (0.012) SELECT `autoTest_teststep`.`testStep_id`, `autoTest_teststep`.`testStep_name`, `autoTest_teststep`.`skip`, `autoTest_teststep`.`skipIf`, `autoTest_teststep`.`skipUnless`, `autoTest_teststep`.`times`, `autoTest_teststep`.`variables`, `autoTest_teststep`.`url`, `autoTest_teststep`.`headers`, `autoTest_teststep`.`content_type`, `autoTest_teststep`.`method`, `autoTest_teststep`.`body`, `autoTest_teststep`.`description`, `autoTest_teststep`.`extract`, `autoTest_teststep`.`validate`, `autoTest_teststep`.`setup_hooks`, `autoTest_teststep`.`teardown_hooks`, `autoTest_teststep`.`necessaryFlag_dict`, `autoTest_teststep`.`dataType_dict`, `autoTest_teststep`.`description_dict`, `autoTest_teststep`.`relative_api`, `autoTest_teststep`.`relative_pro` FROM `autoTest_teststep` WHERE `autoTest_teststep`.`testStep_id` = 5; args=(5,)
2019-02-13 11:42:26,797 [Thread-46:87177032] [django.server:124] [INFO]- "POST /autoTest/find_data/ HTTP/1.1" 200 104
2019-02-13 11:42:28,794 [Thread-47:87177032] [django.db.backends:111] [DEBUG]- (0.005) SELECT @@SQL_AUTO_IS_NULL; args=None
2019-02-13 11:42:28,801 [Thread-47:87177032] [django.db.backends:111] [DEBUG]- (0.006) SET SESSION TRANSACTION ISOLATION LEVEL READ COMMITTED; args=None
2019-02-13 11:42:28,811 [Thread-47:87177032] [django.db.backends:111] [DEBUG]- (0.008) SELECT VERSION(); args=None
2019-02-13 11:42:28,881 [Thread-47:87177032] [django.db.backends:111] [DEBUG]- (0.006) SET SESSION TRANSACTION ISOLATION LEVEL READ COMMITTED; args=None
2019-02-13 11:42:28,890 [Thread-47:87177032] [django.db.backends:111] [DEBUG]- (0.009) SELECT `autoTest_teststep`.`testStep_id`, `autoTest_teststep`.`testStep_name`, `autoTest_teststep`.`skip`, `autoTest_teststep`.`skipIf`, `autoTest_teststep`.`skipUnless`, `autoTest_teststep`.`times`, `autoTest_teststep`.`variables`, `autoTest_teststep`.`url`, `autoTest_teststep`.`headers`, `autoTest_teststep`.`content_type`, `autoTest_teststep`.`method`, `autoTest_teststep`.`body`, `autoTest_teststep`.`description`, `autoTest_teststep`.`extract`, `autoTest_teststep`.`validate`, `autoTest_teststep`.`setup_hooks`, `autoTest_teststep`.`teardown_hooks`, `autoTest_teststep`.`necessaryFlag_dict`, `autoTest_teststep`.`dataType_dict`, `autoTest_teststep`.`description_dict`, `autoTest_teststep`.`relative_api`, `autoTest_teststep`.`relative_pro` FROM `autoTest_teststep` WHERE `autoTest_teststep`.`testStep_id` = 5; args=(5,)
2019-02-13 11:42:29,457 [Thread-47:87177032] [django.server:124] [INFO]- "POST /autoTest/testStep_run/ HTTP/1.1" 200 512
2019-02-13 11:42:33,251 [Thread-48:87177032] [django.db.backends:111] [DEBUG]- (0.008) SELECT @@SQL_AUTO_IS_NULL; args=None
2019-02-13 11:42:33,260 [Thread-48:87177032] [django.db.backends:111] [DEBUG]- (0.008) SET SESSION TRANSACTION ISOLATION LEVEL READ COMMITTED; args=None
2019-02-13 11:42:33,270 [Thread-48:87177032] [django.db.backends:111] [DEBUG]- (0.009) SELECT COUNT(*) AS `__count` FROM `autoTest_testcases`; args=()
2019-02-13 11:42:33,286 [Thread-48:87177032] [django.db.backends:111] [DEBUG]- (0.012) SELECT `autoTest_testcases`.`testCases_id`, `autoTest_testcases`.`testCases_name`, `autoTest_testcases`.`testSuite_function`, `autoTest_testcases`.`parameters`, `autoTest_testcases`.`variables`, `autoTest_testcases`.`headers`, `autoTest_testcases`.`description`, `autoTest_testcases`.`setup_hooks`, `autoTest_testcases`.`teardown_hooks`, `autoTest_testcases`.`output`, `autoTest_testcases`.`testCases_list`, `autoTest_testcases`.`dataType_dict`, `autoTest_testcases`.`description_dict`, `autoTest_testcases`.`file_path` FROM `autoTest_testcases` ORDER BY `autoTest_testcases`.`testCases_id` ASC LIMIT 2; args=()
2019-02-13 11:42:33,288 [Thread-48:87177032] [django.server:124] [INFO]- "GET /autoTest/testCases_index/ HTTP/1.1" 200 17444
2019-02-13 11:42:42,002 [Thread-49:101961032] [django.db.backends:111] [DEBUG]- (0.011) SELECT @@SQL_AUTO_IS_NULL; args=None
2019-02-13 11:42:42,016 [Thread-49:101961032] [django.db.backends:111] [DEBUG]- (0.009) SET SESSION TRANSACTION ISOLATION LEVEL READ COMMITTED; args=None
2019-02-13 11:42:42,030 [Thread-49:101961032] [django.db.backends:111] [DEBUG]- (0.013) SELECT `autoTest_teststep`.`testStep_id`, `autoTest_teststep`.`testStep_name`, `autoTest_teststep`.`skip`, `autoTest_teststep`.`skipIf`, `autoTest_teststep`.`skipUnless`, `autoTest_teststep`.`times`, `autoTest_teststep`.`variables`, `autoTest_teststep`.`url`, `autoTest_teststep`.`headers`, `autoTest_teststep`.`content_type`, `autoTest_teststep`.`method`, `autoTest_teststep`.`body`, `autoTest_teststep`.`description`, `autoTest_teststep`.`extract`, `autoTest_teststep`.`validate`, `autoTest_teststep`.`setup_hooks`, `autoTest_teststep`.`teardown_hooks`, `autoTest_teststep`.`necessaryFlag_dict`, `autoTest_teststep`.`dataType_dict`, `autoTest_teststep`.`description_dict`, `autoTest_teststep`.`relative_api`, `autoTest_teststep`.`relative_pro` FROM `autoTest_teststep` ORDER BY `autoTest_teststep`.`testStep_id` ASC; args=()
2019-02-13 11:42:42,043 [Thread-49:101961032] [django.db.backends:111] [DEBUG]- (0.012) SELECT `autoTest_testcases`.`testCases_id`, `autoTest_testcases`.`testCases_name`, `autoTest_testcases`.`testSuite_function`, `autoTest_testcases`.`parameters`, `autoTest_testcases`.`variables`, `autoTest_testcases`.`headers`, `autoTest_testcases`.`description`, `autoTest_testcases`.`setup_hooks`, `autoTest_testcases`.`teardown_hooks`, `autoTest_testcases`.`output`, `autoTest_testcases`.`testCases_list`, `autoTest_testcases`.`dataType_dict`, `autoTest_testcases`.`description_dict`, `autoTest_testcases`.`file_path` FROM `autoTest_testcases` ORDER BY `autoTest_testcases`.`testCases_id` ASC; args=()
2019-02-13 11:42:42,055 [Thread-49:101961032] [django.db.backends:111] [DEBUG]- (0.010) SELECT VERSION(); args=None
2019-02-13 11:42:42,067 [Thread-49:101961032] [django.db.backends:111] [DEBUG]- (0.012) SELECT `autoTest_testcases`.`testCases_id`, `autoTest_testcases`.`testCases_name`, `autoTest_testcases`.`testSuite_function`, `autoTest_testcases`.`parameters`, `autoTest_testcases`.`variables`, `autoTest_testcases`.`headers`, `autoTest_testcases`.`description`, `autoTest_testcases`.`setup_hooks`, `autoTest_testcases`.`teardown_hooks`, `autoTest_testcases`.`output`, `autoTest_testcases`.`testCases_list`, `autoTest_testcases`.`dataType_dict`, `autoTest_testcases`.`description_dict`, `autoTest_testcases`.`file_path` FROM `autoTest_testcases` WHERE `autoTest_testcases`.`testCases_id` = 1; args=(1,)
2019-02-13 11:42:42,097 [Thread-49:101961032] [django.db.backends:111] [DEBUG]- (0.029) SELECT `autoTest_teststep`.`testStep_id`, `autoTest_teststep`.`testStep_name`, `autoTest_teststep`.`skip`, `autoTest_teststep`.`skipIf`, `autoTest_teststep`.`skipUnless`, `autoTest_teststep`.`times`, `autoTest_teststep`.`variables`, `autoTest_teststep`.`url`, `autoTest_teststep`.`headers`, `autoTest_teststep`.`content_type`, `autoTest_teststep`.`method`, `autoTest_teststep`.`body`, `autoTest_teststep`.`description`, `autoTest_teststep`.`extract`, `autoTest_teststep`.`validate`, `autoTest_teststep`.`setup_hooks`, `autoTest_teststep`.`teardown_hooks`, `autoTest_teststep`.`necessaryFlag_dict`, `autoTest_teststep`.`dataType_dict`, `autoTest_teststep`.`description_dict`, `autoTest_teststep`.`relative_api`, `autoTest_teststep`.`relative_pro` FROM `autoTest_teststep` WHERE `autoTest_teststep`.`testStep_id` = 1; args=(1,)
2019-02-13 11:42:42,116 [Thread-49:101961032] [django.db.backends:111] [DEBUG]- (0.017) SELECT `autoTest_teststep`.`testStep_id`, `autoTest_teststep`.`testStep_name`, `autoTest_teststep`.`skip`, `autoTest_teststep`.`skipIf`, `autoTest_teststep`.`skipUnless`, `autoTest_teststep`.`times`, `autoTest_teststep`.`variables`, `autoTest_teststep`.`url`, `autoTest_teststep`.`headers`, `autoTest_teststep`.`content_type`, `autoTest_teststep`.`method`, `autoTest_teststep`.`body`, `autoTest_teststep`.`description`, `autoTest_teststep`.`extract`, `autoTest_teststep`.`validate`, `autoTest_teststep`.`setup_hooks`, `autoTest_teststep`.`teardown_hooks`, `autoTest_teststep`.`necessaryFlag_dict`, `autoTest_teststep`.`dataType_dict`, `autoTest_teststep`.`description_dict`, `autoTest_teststep`.`relative_api`, `autoTest_teststep`.`relative_pro` FROM `autoTest_teststep` WHERE `autoTest_teststep`.`testStep_id` = 5; args=(5,)
2019-02-13 11:42:42,120 [Thread-49:101961032] [django.template:878] [DEBUG]- Exception while resolving variable 'testStep_id' in template 'autoTest/testCases_update.html'.
Traceback (most recent call last):
  File "C:\Python36\lib\site-packages\django\template\base.py", line 835, in _resolve_lookup
    current = current[bit]
TypeError: string indices must be integers

During handling of the above exception, another exception occurred:

Traceback (most recent call last):
  File "C:\Python36\lib\site-packages\django\template\base.py", line 843, in _resolve_lookup
    current = getattr(current, bit)
AttributeError: 'str' object has no attribute 'testStep_id'

During handling of the above exception, another exception occurred:

Traceback (most recent call last):
  File "C:\Python36\lib\site-packages\django\template\base.py", line 849, in _resolve_lookup
    current = current[int(bit)]
ValueError: invalid literal for int() with base 10: 'testStep_id'

During handling of the above exception, another exception occurred:

Traceback (most recent call last):
  File "C:\Python36\lib\site-packages\django\template\base.py", line 856, in _resolve_lookup
    (bit, current))  # missing attribute
django.template.base.VariableDoesNotExist: Failed lookup for key [testStep_id] in '<li name="testStep" value="1">ËÑË÷¹ÅÊ«´Ê×÷Õß¡ª¡ªÀî°×</li><li name="testStep" value="2">ËÑË÷¹ÅÊ«´Ê×÷Õß¡ª¡ª¶Å¸¦</li><li name="testStep" value="5">Ëæ»úÒ»Ê×Ê«´ÊÍÆ¼ö</li>'
2019-02-13 11:42:42,126 [Thread-49:101961032] [django.template:878] [DEBUG]- Exception while resolving variable 'testStep_name' in template 'autoTest/testCases_update.html'.
Traceback (most recent call last):
  File "C:\Python36\lib\site-packages\django\template\base.py", line 835, in _resolve_lookup
    current = current[bit]
TypeError: string indices must be integers

During handling of the above exception, another exception occurred:

Traceback (most recent call last):
  File "C:\Python36\lib\site-packages\django\template\base.py", line 843, in _resolve_lookup
    current = getattr(current, bit)
AttributeError: 'str' object has no attribute 'testStep_name'

During handling of the above exception, another exception occurred:

Traceback (most recent call last):
  File "C:\Python36\lib\site-packages\django\template\base.py", line 849, in _resolve_lookup
    current = current[int(bit)]
ValueError: invalid literal for int() with base 10: 'testStep_name'

During handling of the above exception, another exception occurred:

Traceback (most recent call last):
  File "C:\Python36\lib\site-packages\django\template\base.py", line 856, in _resolve_lookup
    (bit, current))  # missing attribute
django.template.base.VariableDoesNotExist: Failed lookup for key [testStep_name] in '<li name="testStep" value="1">ËÑË÷¹ÅÊ«´Ê×÷Õß¡ª¡ªÀî°×</li><li name="testStep" value="2">ËÑË÷¹ÅÊ«´Ê×÷Õß¡ª¡ª¶Å¸¦</li><li name="testStep" value="5">Ëæ»úÒ»Ê×Ê«´ÊÍÆ¼ö</li>'
2019-02-13 11:42:42,129 [Thread-49:101961032] [django.server:124] [INFO]- "GET /autoTest/testCases_update/?testCases_id=1 HTTP/1.1" 200 51113
2019-02-13 11:42:51,508 [Thread-50:87177032] [django.db.backends:111] [DEBUG]- (0.008) SELECT @@SQL_AUTO_IS_NULL; args=None
2019-02-13 11:42:51,522 [Thread-50:87177032] [django.db.backends:111] [DEBUG]- (0.013) SET SESSION TRANSACTION ISOLATION LEVEL READ COMMITTED; args=None
2019-02-13 11:42:51,543 [Thread-50:87177032] [django.db.backends:111] [DEBUG]- (0.009) SELECT VERSION(); args=None
2019-02-13 11:42:51,559 [Thread-50:87177032] [django.db.backends:111] [DEBUG]- (0.015) DELETE FROM `autoTest_testcases` WHERE `autoTest_testcases`.`testCases_id` = 1; args=(1,)
2019-02-13 11:42:51,584 [Thread-50:87177032] [django.server:124] [INFO]- "GET /autoTest/testCases_delete/?testCases_id=1 HTTP/1.1" 302 0
2019-02-13 11:42:51,631 [Thread-51:101961032] [django.db.backends:111] [DEBUG]- (0.006) SELECT @@SQL_AUTO_IS_NULL; args=None
2019-02-13 11:42:51,642 [Thread-51:101961032] [django.db.backends:111] [DEBUG]- (0.010) SET SESSION TRANSACTION ISOLATION LEVEL READ COMMITTED; args=None
2019-02-13 11:42:51,660 [Thread-51:101961032] [django.db.backends:111] [DEBUG]- (0.017) SELECT COUNT(*) AS `__count` FROM `autoTest_testcases`; args=()
2019-02-13 11:42:51,671 [Thread-51:101961032] [django.db.backends:111] [DEBUG]- (0.007) SELECT `autoTest_testcases`.`testCases_id`, `autoTest_testcases`.`testCases_name`, `autoTest_testcases`.`testSuite_function`, `autoTest_testcases`.`parameters`, `autoTest_testcases`.`variables`, `autoTest_testcases`.`headers`, `autoTest_testcases`.`description`, `autoTest_testcases`.`setup_hooks`, `autoTest_testcases`.`teardown_hooks`, `autoTest_testcases`.`output`, `autoTest_testcases`.`testCases_list`, `autoTest_testcases`.`dataType_dict`, `autoTest_testcases`.`description_dict`, `autoTest_testcases`.`file_path` FROM `autoTest_testcases` ORDER BY `autoTest_testcases`.`testCases_id` ASC LIMIT 1; args=()
2019-02-13 11:42:51,673 [Thread-51:101961032] [django.server:124] [INFO]- "GET /autoTest/testCases_index/ HTTP/1.1" 200 16623
2019-02-13 11:42:52,622 [Thread-52:101961032] [django.db.backends:111] [DEBUG]- (0.008) SELECT @@SQL_AUTO_IS_NULL; args=None
2019-02-13 11:42:52,632 [Thread-52:101961032] [django.db.backends:111] [DEBUG]- (0.010) SET SESSION TRANSACTION ISOLATION LEVEL READ COMMITTED; args=None
2019-02-13 11:42:52,644 [Thread-52:101961032] [django.db.backends:111] [DEBUG]- (0.012) SELECT `autoTest_teststep`.`testStep_id`, `autoTest_teststep`.`testStep_name`, `autoTest_teststep`.`skip`, `autoTest_teststep`.`skipIf`, `autoTest_teststep`.`skipUnless`, `autoTest_teststep`.`times`, `autoTest_teststep`.`variables`, `autoTest_teststep`.`url`, `autoTest_teststep`.`headers`, `autoTest_teststep`.`content_type`, `autoTest_teststep`.`method`, `autoTest_teststep`.`body`, `autoTest_teststep`.`description`, `autoTest_teststep`.`extract`, `autoTest_teststep`.`validate`, `autoTest_teststep`.`setup_hooks`, `autoTest_teststep`.`teardown_hooks`, `autoTest_teststep`.`necessaryFlag_dict`, `autoTest_teststep`.`dataType_dict`, `autoTest_teststep`.`description_dict`, `autoTest_teststep`.`relative_api`, `autoTest_teststep`.`relative_pro` FROM `autoTest_teststep` ORDER BY `autoTest_teststep`.`testStep_id` ASC; args=()
2019-02-13 11:42:52,664 [Thread-52:101961032] [django.db.backends:111] [DEBUG]- (0.015) SELECT `autoTest_testcases`.`testCases_id`, `autoTest_testcases`.`testCases_name`, `autoTest_testcases`.`testSuite_function`, `autoTest_testcases`.`parameters`, `autoTest_testcases`.`variables`, `autoTest_testcases`.`headers`, `autoTest_testcases`.`description`, `autoTest_testcases`.`setup_hooks`, `autoTest_testcases`.`teardown_hooks`, `autoTest_testcases`.`output`, `autoTest_testcases`.`testCases_list`, `autoTest_testcases`.`dataType_dict`, `autoTest_testcases`.`description_dict`, `autoTest_testcases`.`file_path` FROM `autoTest_testcases` ORDER BY `autoTest_testcases`.`testCases_id` ASC; args=()
2019-02-13 11:42:52,667 [Thread-52:101961032] [django.template:878] [DEBUG]- Exception while resolving variable 'testStep_id' in template 'autoTest/testCases_add.html'.
Traceback (most recent call last):
  File "C:\Python36\lib\site-packages\django\template\base.py", line 835, in _resolve_lookup
    current = current[bit]
TypeError: string indices must be integers

During handling of the above exception, another exception occurred:

Traceback (most recent call last):
  File "C:\Python36\lib\site-packages\django\template\base.py", line 843, in _resolve_lookup
    current = getattr(current, bit)
AttributeError: 'str' object has no attribute 'testStep_id'

During handling of the above exception, another exception occurred:

Traceback (most recent call last):
  File "C:\Python36\lib\site-packages\django\template\base.py", line 849, in _resolve_lookup
    current = current[int(bit)]
ValueError: invalid literal for int() with base 10: 'testStep_id'

During handling of the above exception, another exception occurred:

Traceback (most recent call last):
  File "C:\Python36\lib\site-packages\django\template\base.py", line 856, in _resolve_lookup
    (bit, current))  # missing attribute
django.template.base.VariableDoesNotExist: Failed lookup for key [testStep_id] in '<li name="testStep" value="1">ËÑË÷¹ÅÊ«´Ê×÷Õß¡ª¡ªÀî°×</li><li name="testStep" value="2">ËÑË÷¹ÅÊ«´Ê×÷Õß¡ª¡ª¶Å¸¦</li><li name="testStep" value="5">Ëæ»úÒ»Ê×Ê«´ÊÍÆ¼ö</li>'
2019-02-13 11:42:52,670 [Thread-52:101961032] [django.template:878] [DEBUG]- Exception while resolving variable 'testStep_name' in template 'autoTest/testCases_add.html'.
Traceback (most recent call last):
  File "C:\Python36\lib\site-packages\django\template\base.py", line 835, in _resolve_lookup
    current = current[bit]
TypeError: string indices must be integers

During handling of the above exception, another exception occurred:

Traceback (most recent call last):
  File "C:\Python36\lib\site-packages\django\template\base.py", line 843, in _resolve_lookup
    current = getattr(current, bit)
AttributeError: 'str' object has no attribute 'testStep_name'

During handling of the above exception, another exception occurred:

Traceback (most recent call last):
  File "C:\Python36\lib\site-packages\django\template\base.py", line 849, in _resolve_lookup
    current = current[int(bit)]
ValueError: invalid literal for int() with base 10: 'testStep_name'

During handling of the above exception, another exception occurred:

Traceback (most recent call last):
  File "C:\Python36\lib\site-packages\django\template\base.py", line 856, in _resolve_lookup
    (bit, current))  # missing attribute
django.template.base.VariableDoesNotExist: Failed lookup for key [testStep_name] in '<li name="testStep" value="1">ËÑË÷¹ÅÊ«´Ê×÷Õß¡ª¡ªÀî°×</li><li name="testStep" value="2">ËÑË÷¹ÅÊ«´Ê×÷Õß¡ª¡ª¶Å¸¦</li><li name="testStep" value="5">Ëæ»úÒ»Ê×Ê«´ÊÍÆ¼ö</li>'
2019-02-13 11:42:52,673 [Thread-52:101961032] [django.server:124] [INFO]- "GET /autoTest/testCases_add/ HTTP/1.1" 200 44997
2019-02-13 11:43:10,443 [Thread-54:87177032] [django.db.backends:111] [DEBUG]- (0.010) SELECT @@SQL_AUTO_IS_NULL; args=None
2019-02-13 11:43:10,452 [Thread-54:87177032] [django.db.backends:111] [DEBUG]- (0.008) SET SESSION TRANSACTION ISOLATION LEVEL READ COMMITTED; args=None
2019-02-13 11:43:10,470 [Thread-54:87177032] [django.db.backends:111] [DEBUG]- (0.013) SELECT VERSION(); args=None
2019-02-13 11:43:10,529 [Thread-54:87177032] [django.db.backends:111] [DEBUG]- (0.010) SET SESSION TRANSACTION ISOLATION LEVEL READ COMMITTED; args=None
2019-02-13 11:43:10,540 [Thread-54:87177032] [django.db.backends:111] [DEBUG]- (0.010) SELECT `autoTest_testcases`.`testCases_id`, `autoTest_testcases`.`testCases_name`, `autoTest_testcases`.`testSuite_function`, `autoTest_testcases`.`parameters`, `autoTest_testcases`.`variables`, `autoTest_testcases`.`headers`, `autoTest_testcases`.`description`, `autoTest_testcases`.`setup_hooks`, `autoTest_testcases`.`teardown_hooks`, `autoTest_testcases`.`output`, `autoTest_testcases`.`testCases_list`, `autoTest_testcases`.`dataType_dict`, `autoTest_testcases`.`description_dict`, `autoTest_testcases`.`file_path` FROM `autoTest_testcases` WHERE `autoTest_testcases`.`testSuite_function` = 'suiteFunction1550029390()'; args=('suiteFunction1550029390()',)
2019-02-13 11:43:10,565 [Thread-54:87177032] [django.db.backends:111] [DEBUG]- (0.018) INSERT INTO `autoTest_testcases` (`testCases_name`, `testSuite_function`, `parameters`, `variables`, `headers`, `description`, `setup_hooks`, `teardown_hooks`, `output`, `testCases_list`, `dataType_dict`, `description_dict`, `file_path`) VALUES ('Ã°ÑÌÓÃÀý¼¯2', 'suiteFunction1550029390()', '[]', '[]', '{}', 'Ã°ÑÌÓÃÀý¼¯2', '[]', '[]', '[  ]', '[\"1\",\"2\"]', '{\"headers\":[],\"variables\":[],\"parameters\":[]}', '{\"headers\":[],\"variables\":[],\"parameters\":[]}', 'E:\\github\\testGo\\httprunner\\tests\\testcases\\Ã°ÑÌÓÃÀý¼¯2_1550029390.json'); args=['Ã°ÑÌÓÃÀý¼¯2', 'suiteFunction1550029390()', '[]', '[]', '{}', 'Ã°ÑÌÓÃÀý¼¯2', '[]', '[]', '[  ]', '["1","2"]', '{"headers":[],"variables":[],"parameters":[]}', '{"headers":[],"variables":[],"parameters":[]}', 'E:\\github\\testGo\\httprunner\\tests\\testcases\\Ã°ÑÌÓÃÀý¼¯2_1550029390.json']
2019-02-13 11:43:10,594 [Thread-54:87177032] [django.db.backends:111] [DEBUG]- (0.009) SELECT `autoTest_teststep`.`testStep_id`, `autoTest_teststep`.`testStep_name`, `autoTest_teststep`.`skip`, `autoTest_teststep`.`skipIf`, `autoTest_teststep`.`skipUnless`, `autoTest_teststep`.`times`, `autoTest_teststep`.`variables`, `autoTest_teststep`.`url`, `autoTest_teststep`.`headers`, `autoTest_teststep`.`content_type`, `autoTest_teststep`.`method`, `autoTest_teststep`.`body`, `autoTest_teststep`.`description`, `autoTest_teststep`.`extract`, `autoTest_teststep`.`validate`, `autoTest_teststep`.`setup_hooks`, `autoTest_teststep`.`teardown_hooks`, `autoTest_teststep`.`necessaryFlag_dict`, `autoTest_teststep`.`dataType_dict`, `autoTest_teststep`.`description_dict`, `autoTest_teststep`.`relative_api`, `autoTest_teststep`.`relative_pro` FROM `autoTest_teststep` WHERE `autoTest_teststep`.`testStep_id` = 1; args=(1,)
2019-02-13 11:43:10,605 [Thread-54:87177032] [django.db.backends:111] [DEBUG]- (0.009) SELECT `autoTest_teststep`.`testStep_id`, `autoTest_teststep`.`testStep_name`, `autoTest_teststep`.`skip`, `autoTest_teststep`.`skipIf`, `autoTest_teststep`.`skipUnless`, `autoTest_teststep`.`times`, `autoTest_teststep`.`variables`, `autoTest_teststep`.`url`, `autoTest_teststep`.`headers`, `autoTest_teststep`.`content_type`, `autoTest_teststep`.`method`, `autoTest_teststep`.`body`, `autoTest_teststep`.`description`, `autoTest_teststep`.`extract`, `autoTest_teststep`.`validate`, `autoTest_teststep`.`setup_hooks`, `autoTest_teststep`.`teardown_hooks`, `autoTest_teststep`.`necessaryFlag_dict`, `autoTest_teststep`.`dataType_dict`, `autoTest_teststep`.`description_dict`, `autoTest_teststep`.`relative_api`, `autoTest_teststep`.`relative_pro` FROM `autoTest_teststep` WHERE `autoTest_teststep`.`testStep_id` = 2; args=(2,)
2019-02-13 11:43:10,642 [Thread-54:87177032] [django.server:124] [INFO]- "POST /autoTest/testCases_add/ HTTP/1.1" 302 0
2019-02-13 11:43:10,715 [Thread-55:87177032] [django.db.backends:111] [DEBUG]- (0.015) SELECT @@SQL_AUTO_IS_NULL; args=None
2019-02-13 11:43:10,727 [Thread-55:87177032] [django.db.backends:111] [DEBUG]- (0.011) SET SESSION TRANSACTION ISOLATION LEVEL READ COMMITTED; args=None
2019-02-13 11:43:10,737 [Thread-55:87177032] [django.db.backends:111] [DEBUG]- (0.009) SELECT COUNT(*) AS `__count` FROM `autoTest_testcases`; args=()
2019-02-13 11:43:10,753 [Thread-55:87177032] [django.db.backends:111] [DEBUG]- (0.011) SELECT `autoTest_testcases`.`testCases_id`, `autoTest_testcases`.`testCases_name`, `autoTest_testcases`.`testSuite_function`, `autoTest_testcases`.`parameters`, `autoTest_testcases`.`variables`, `autoTest_testcases`.`headers`, `autoTest_testcases`.`description`, `autoTest_testcases`.`setup_hooks`, `autoTest_testcases`.`teardown_hooks`, `autoTest_testcases`.`output`, `autoTest_testcases`.`testCases_list`, `autoTest_testcases`.`dataType_dict`, `autoTest_testcases`.`description_dict`, `autoTest_testcases`.`file_path` FROM `autoTest_testcases` ORDER BY `autoTest_testcases`.`testCases_id` ASC LIMIT 2; args=()
2019-02-13 11:43:10,755 [Thread-55:87177032] [django.server:124] [INFO]- "GET /autoTest/testCases_index/ HTTP/1.1" 200 17434
2019-02-13 11:43:11,766 [Thread-56:87177032] [django.db.backends:111] [DEBUG]- (0.012) SELECT @@SQL_AUTO_IS_NULL; args=None
2019-02-13 11:43:11,778 [Thread-56:87177032] [django.db.backends:111] [DEBUG]- (0.011) SET SESSION TRANSACTION ISOLATION LEVEL READ COMMITTED; args=None
2019-02-13 11:43:11,796 [Thread-56:87177032] [django.db.backends:111] [DEBUG]- (0.017) SELECT COUNT(*) AS `__count` FROM `autoTest_testcases`; args=()
2019-02-13 11:43:11,811 [Thread-56:87177032] [django.db.backends:111] [DEBUG]- (0.009) SELECT `autoTest_testcases`.`testCases_id`, `autoTest_testcases`.`testCases_name`, `autoTest_testcases`.`testSuite_function`, `autoTest_testcases`.`parameters`, `autoTest_testcases`.`variables`, `autoTest_testcases`.`headers`, `autoTest_testcases`.`description`, `autoTest_testcases`.`setup_hooks`, `autoTest_testcases`.`teardown_hooks`, `autoTest_testcases`.`output`, `autoTest_testcases`.`testCases_list`, `autoTest_testcases`.`dataType_dict`, `autoTest_testcases`.`description_dict`, `autoTest_testcases`.`file_path` FROM `autoTest_testcases` ORDER BY `autoTest_testcases`.`testCases_id` ASC LIMIT 2; args=()
2019-02-13 11:43:11,816 [Thread-56:87177032] [django.server:124] [INFO]- "GET /autoTest/testCases_index/ HTTP/1.1" 200 17434
2019-02-13 11:43:14,412 [Thread-57:101961032] [django.db.backends:111] [DEBUG]- (0.006) SELECT @@SQL_AUTO_IS_NULL; args=None
2019-02-13 11:43:14,418 [Thread-57:101961032] [django.db.backends:111] [DEBUG]- (0.005) SET SESSION TRANSACTION ISOLATION LEVEL READ COMMITTED; args=None
2019-02-13 11:43:14,424 [Thread-57:101961032] [django.db.backends:111] [DEBUG]- (0.006) SELECT VERSION(); args=None
2019-02-13 11:43:14,508 [Thread-57:101961032] [django.db.backends:111] [DEBUG]- (0.017) SET SESSION TRANSACTION ISOLATION LEVEL READ COMMITTED; args=None
2019-02-13 11:43:14,517 [Thread-57:101961032] [django.db.backends:111] [DEBUG]- (0.009) SELECT `autoTest_testcases`.`testCases_id`, `autoTest_testcases`.`testCases_name`, `autoTest_testcases`.`testSuite_function`, `autoTest_testcases`.`parameters`, `autoTest_testcases`.`variables`, `autoTest_testcases`.`headers`, `autoTest_testcases`.`description`, `autoTest_testcases`.`setup_hooks`, `autoTest_testcases`.`teardown_hooks`, `autoTest_testcases`.`output`, `autoTest_testcases`.`testCases_list`, `autoTest_testcases`.`dataType_dict`, `autoTest_testcases`.`description_dict`, `autoTest_testcases`.`file_path` FROM `autoTest_testcases` WHERE `autoTest_testcases`.`testCases_id` = 6; args=(6,)
2019-02-13 11:43:14,531 [Thread-57:101961032] [django.db.backends:111] [DEBUG]- (0.012) SELECT `autoTest_teststep`.`testStep_id`, `autoTest_teststep`.`testStep_name`, `autoTest_teststep`.`skip`, `autoTest_teststep`.`skipIf`, `autoTest_teststep`.`skipUnless`, `autoTest_teststep`.`times`, `autoTest_teststep`.`variables`, `autoTest_teststep`.`url`, `autoTest_teststep`.`headers`, `autoTest_teststep`.`content_type`, `autoTest_teststep`.`method`, `autoTest_teststep`.`body`, `autoTest_teststep`.`description`, `autoTest_teststep`.`extract`, `autoTest_teststep`.`validate`, `autoTest_teststep`.`setup_hooks`, `autoTest_teststep`.`teardown_hooks`, `autoTest_teststep`.`necessaryFlag_dict`, `autoTest_teststep`.`dataType_dict`, `autoTest_teststep`.`description_dict`, `autoTest_teststep`.`relative_api`, `autoTest_teststep`.`relative_pro` FROM `autoTest_teststep` WHERE `autoTest_teststep`.`testStep_id` = 1; args=(1,)
2019-02-13 11:43:14,548 [Thread-57:101961032] [django.db.backends:111] [DEBUG]- (0.016) SELECT `autoTest_teststep`.`testStep_id`, `autoTest_teststep`.`testStep_name`, `autoTest_teststep`.`skip`, `autoTest_teststep`.`skipIf`, `autoTest_teststep`.`skipUnless`, `autoTest_teststep`.`times`, `autoTest_teststep`.`variables`, `autoTest_teststep`.`url`, `autoTest_teststep`.`headers`, `autoTest_teststep`.`content_type`, `autoTest_teststep`.`method`, `autoTest_teststep`.`body`, `autoTest_teststep`.`description`, `autoTest_teststep`.`extract`, `autoTest_teststep`.`validate`, `autoTest_teststep`.`setup_hooks`, `autoTest_teststep`.`teardown_hooks`, `autoTest_teststep`.`necessaryFlag_dict`, `autoTest_teststep`.`dataType_dict`, `autoTest_teststep`.`description_dict`, `autoTest_teststep`.`relative_api`, `autoTest_teststep`.`relative_pro` FROM `autoTest_teststep` WHERE `autoTest_teststep`.`testStep_id` = 2; args=(2,)
2019-02-13 11:43:14,549 [Thread-57:101961032] [django.server:124] [INFO]- "POST /autoTest/find_data/ HTTP/1.1" 200 301
2019-02-13 11:43:16,743 [Thread-58:101961032] [django.db.backends:111] [DEBUG]- (0.007) SELECT @@SQL_AUTO_IS_NULL; args=None
2019-02-13 11:43:16,752 [Thread-58:101961032] [django.db.backends:111] [DEBUG]- (0.009) SET SESSION TRANSACTION ISOLATION LEVEL READ COMMITTED; args=None
2019-02-13 11:43:16,765 [Thread-58:101961032] [django.db.backends:111] [DEBUG]- (0.012) SELECT VERSION(); args=None
2019-02-13 11:43:17,342 [Thread-58:101961032] [django.db.backends:111] [DEBUG]- (0.020) SET SESSION TRANSACTION ISOLATION LEVEL READ COMMITTED; args=None
2019-02-13 11:43:17,358 [Thread-58:101961032] [django.db.backends:111] [DEBUG]- (0.016) SELECT `autoTest_testcases`.`testCases_id`, `autoTest_testcases`.`testCases_name`, `autoTest_testcases`.`testSuite_function`, `autoTest_testcases`.`parameters`, `autoTest_testcases`.`variables`, `autoTest_testcases`.`headers`, `autoTest_testcases`.`description`, `autoTest_testcases`.`setup_hooks`, `autoTest_testcases`.`teardown_hooks`, `autoTest_testcases`.`output`, `autoTest_testcases`.`testCases_list`, `autoTest_testcases`.`dataType_dict`, `autoTest_testcases`.`description_dict`, `autoTest_testcases`.`file_path` FROM `autoTest_testcases` WHERE `autoTest_testcases`.`testCases_id` = 6; args=(6,)
2019-02-13 11:43:17,772 [Thread-58:101961032] [django.db.backends:111] [DEBUG]- (0.036) INSERT INTO `autoTest_report` (`report_name`, `path`, `relative_testCases`, `create_time`) VALUES ('Ã°ÑÌÓÃÀý¼¯2_report', 'E:\\github\\testGo\\autoTest\\templates\\autoTest\\reports\\1550029397.html', '6', '2019-02-13 03:43:17.689800'); args=['Ã°ÑÌÓÃÀý¼¯2_report', 'E:\\github\\testGo\\autoTest\\templates\\autoTest\\reports\\1550029397.html', '6', '2019-02-13 03:43:17.689800']
2019-02-13 11:43:17,866 [Thread-58:101961032] [django.db.backends:111] [DEBUG]- (0.039) SELECT `autoTest_report`.`report_id`, `autoTest_report`.`report_name`, `autoTest_report`.`path`, `autoTest_report`.`relative_testCases`, `autoTest_report`.`create_time` FROM `autoTest_report` WHERE `autoTest_report`.`path` = 'E:\\github\\testGo\\autoTest\\templates\\autoTest\\reports\\1550029397.html' LIMIT 1; args=('E:\\github\\testGo\\autoTest\\templates\\autoTest\\reports\\1550029397.html',)
2019-02-13 11:43:17,867 [Thread-58:101961032] [django.server:124] [INFO]- "POST /autoTest/testCases_run/ HTTP/1.1" 200 100
2019-02-13 11:43:18,079 [Thread-59:101961032] [django.db.backends:111] [DEBUG]- (0.029) SELECT @@SQL_AUTO_IS_NULL; args=None
2019-02-13 11:43:18,105 [Thread-59:101961032] [django.db.backends:111] [DEBUG]- (0.025) SET SESSION TRANSACTION ISOLATION LEVEL READ COMMITTED; args=None
2019-02-13 11:43:18,130 [Thread-59:101961032] [django.db.backends:111] [DEBUG]- (0.025) SELECT VERSION(); args=None
2019-02-13 11:43:18,821 [Thread-59:101961032] [django.db.backends:111] [DEBUG]- (0.027) SET SESSION TRANSACTION ISOLATION LEVEL READ COMMITTED; args=None
2019-02-13 11:43:18,872 [Thread-59:101961032] [django.db.backends:111] [DEBUG]- (0.050) SELECT `autoTest_report`.`report_id`, `autoTest_report`.`report_name`, `autoTest_report`.`path`, `autoTest_report`.`relative_testCases`, `autoTest_report`.`create_time` FROM `autoTest_report` WHERE `autoTest_report`.`report_id` = 3; args=(3,)
2019-02-13 11:43:18,874 [Thread-59:101961032] [django.server:124] [INFO]- "GET /autoTest/report_show/?report_id=3 HTTP/1.1" 200 30958
2019-02-13 11:44:40,745 [Thread-61:87177032] [django.db.backends:111] [DEBUG]- (0.010) SELECT @@SQL_AUTO_IS_NULL; args=None
2019-02-13 11:44:40,752 [Thread-61:87177032] [django.db.backends:111] [DEBUG]- (0.005) SET SESSION TRANSACTION ISOLATION LEVEL READ COMMITTED; args=None
2019-02-13 11:44:40,761 [Thread-61:87177032] [django.db.backends:111] [DEBUG]- (0.007) SELECT VERSION(); args=None
2019-02-13 11:44:40,829 [Thread-61:87177032] [django.db.backends:111] [DEBUG]- (0.009) SET SESSION TRANSACTION ISOLATION LEVEL READ COMMITTED; args=None
2019-02-13 11:44:40,841 [Thread-61:87177032] [django.db.backends:111] [DEBUG]- (0.010) SELECT `autoTest_testcases`.`testCases_id`, `autoTest_testcases`.`testCases_name`, `autoTest_testcases`.`testSuite_function`, `autoTest_testcases`.`parameters`, `autoTest_testcases`.`variables`, `autoTest_testcases`.`headers`, `autoTest_testcases`.`description`, `autoTest_testcases`.`setup_hooks`, `autoTest_testcases`.`teardown_hooks`, `autoTest_testcases`.`output`, `autoTest_testcases`.`testCases_list`, `autoTest_testcases`.`dataType_dict`, `autoTest_testcases`.`description_dict`, `autoTest_testcases`.`file_path` FROM `autoTest_testcases` WHERE `autoTest_testcases`.`testCases_id` = 5; args=(5,)
2019-02-13 11:44:40,856 [Thread-61:87177032] [django.db.backends:111] [DEBUG]- (0.012) SELECT `autoTest_teststep`.`testStep_id`, `autoTest_teststep`.`testStep_name`, `autoTest_teststep`.`skip`, `autoTest_teststep`.`skipIf`, `autoTest_teststep`.`skipUnless`, `autoTest_teststep`.`times`, `autoTest_teststep`.`variables`, `autoTest_teststep`.`url`, `autoTest_teststep`.`headers`, `autoTest_teststep`.`content_type`, `autoTest_teststep`.`method`, `autoTest_teststep`.`body`, `autoTest_teststep`.`description`, `autoTest_teststep`.`extract`, `autoTest_teststep`.`validate`, `autoTest_teststep`.`setup_hooks`, `autoTest_teststep`.`teardown_hooks`, `autoTest_teststep`.`necessaryFlag_dict`, `autoTest_teststep`.`dataType_dict`, `autoTest_teststep`.`description_dict`, `autoTest_teststep`.`relative_api`, `autoTest_teststep`.`relative_pro` FROM `autoTest_teststep` WHERE `autoTest_teststep`.`testStep_id` = 1; args=(1,)
2019-02-13 11:44:40,858 [Thread-61:87177032] [django.server:124] [INFO]- "POST /autoTest/find_data/ HTTP/1.1" 200 225
2019-02-13 11:44:42,274 [Thread-62:87177032] [django.db.backends:111] [DEBUG]- (0.011) SELECT @@SQL_AUTO_IS_NULL; args=None
2019-02-13 11:44:42,284 [Thread-62:87177032] [django.db.backends:111] [DEBUG]- (0.009) SET SESSION TRANSACTION ISOLATION LEVEL READ COMMITTED; args=None
2019-02-13 11:44:42,294 [Thread-62:87177032] [django.db.backends:111] [DEBUG]- (0.010) SELECT VERSION(); args=None
2019-02-13 11:44:42,367 [Thread-62:87177032] [django.db.backends:111] [DEBUG]- (0.017) SET SESSION TRANSACTION ISOLATION LEVEL READ COMMITTED; args=None
2019-02-13 11:44:42,378 [Thread-62:87177032] [django.db.backends:111] [DEBUG]- (0.011) SELECT `autoTest_testcases`.`testCases_id`, `autoTest_testcases`.`testCases_name`, `autoTest_testcases`.`testSuite_function`, `autoTest_testcases`.`parameters`, `autoTest_testcases`.`variables`, `autoTest_testcases`.`headers`, `autoTest_testcases`.`description`, `autoTest_testcases`.`setup_hooks`, `autoTest_testcases`.`teardown_hooks`, `autoTest_testcases`.`output`, `autoTest_testcases`.`testCases_list`, `autoTest_testcases`.`dataType_dict`, `autoTest_testcases`.`description_dict`, `autoTest_testcases`.`file_path` FROM `autoTest_testcases` WHERE `autoTest_testcases`.`testCases_id` = 5; args=(5,)
2019-02-13 11:44:43,134 [Thread-62:87177032] [django.db.backends:111] [DEBUG]- (0.010) INSERT INTO `autoTest_report` (`report_name`, `path`, `relative_testCases`, `create_time`) VALUES ('Ã°ÑÌÓÃÀý¼¯_report', 'E:\\github\\testGo\\autoTest\\templates\\autoTest\\reports\\1550029482.html', '5', '2019-02-13 03:44:43.109800'); args=['Ã°ÑÌÓÃÀý¼¯_report', 'E:\\github\\testGo\\autoTest\\templates\\autoTest\\reports\\1550029482.html', '5', '2019-02-13 03:44:43.109800']
2019-02-13 11:44:43,169 [Thread-62:87177032] [django.db.backends:111] [DEBUG]- (0.012) SELECT `autoTest_report`.`report_id`, `autoTest_report`.`report_name`, `autoTest_report`.`path`, `autoTest_report`.`relative_testCases`, `autoTest_report`.`create_time` FROM `autoTest_report` WHERE `autoTest_report`.`path` = 'E:\\github\\testGo\\autoTest\\templates\\autoTest\\reports\\1550029482.html' LIMIT 1; args=('E:\\github\\testGo\\autoTest\\templates\\autoTest\\reports\\1550029482.html',)
2019-02-13 11:44:43,171 [Thread-62:87177032] [django.server:124] [INFO]- "POST /autoTest/testCases_run/ HTTP/1.1" 200 100
2019-02-13 11:44:43,237 [Thread-63:87177032] [django.db.backends:111] [DEBUG]- (0.007) SELECT @@SQL_AUTO_IS_NULL; args=None
2019-02-13 11:44:43,244 [Thread-63:87177032] [django.db.backends:111] [DEBUG]- (0.006) SET SESSION TRANSACTION ISOLATION LEVEL READ COMMITTED; args=None
2019-02-13 11:44:43,251 [Thread-63:87177032] [django.db.backends:111] [DEBUG]- (0.007) SELECT VERSION(); args=None
2019-02-13 11:44:43,295 [Thread-63:87177032] [django.db.backends:111] [DEBUG]- (0.007) SET SESSION TRANSACTION ISOLATION LEVEL READ COMMITTED; args=None
2019-02-13 11:44:43,305 [Thread-63:87177032] [django.db.backends:111] [DEBUG]- (0.008) SELECT `autoTest_report`.`report_id`, `autoTest_report`.`report_name`, `autoTest_report`.`path`, `autoTest_report`.`relative_testCases`, `autoTest_report`.`create_time` FROM `autoTest_report` WHERE `autoTest_report`.`report_id` = 4; args=(4,)
2019-02-13 11:44:43,307 [Thread-63:87177032] [django.server:124] [INFO]- "GET /autoTest/report_show/?report_id=4 HTTP/1.1" 200 17882
2019-02-13 11:44:49,149 [Thread-64:101961032] [django.db.backends:111] [DEBUG]- (0.008) SELECT @@SQL_AUTO_IS_NULL; args=None
2019-02-13 11:44:49,158 [Thread-64:101961032] [django.db.backends:111] [DEBUG]- (0.008) SET SESSION TRANSACTION ISOLATION LEVEL READ COMMITTED; args=None
2019-02-13 11:44:49,166 [Thread-64:101961032] [django.db.backends:111] [DEBUG]- (0.008) SELECT COUNT(*) AS `__count` FROM `autoTest_report`; args=()
2019-02-13 11:44:49,181 [Thread-64:101961032] [django.db.backends:111] [DEBUG]- (0.010) SELECT `autoTest_report`.`report_id`, `autoTest_report`.`report_name`, `autoTest_report`.`path`, `autoTest_report`.`relative_testCases`, `autoTest_report`.`create_time` FROM `autoTest_report` ORDER BY `autoTest_report`.`report_id` ASC LIMIT 4; args=()
2019-02-13 11:44:49,185 [Thread-64:101961032] [django.server:124] [INFO]- "GET /autoTest/report_index/ HTTP/1.1" 200 12340
2019-02-13 11:44:50,499 [Thread-65:87177032] [django.db.backends:111] [DEBUG]- (0.012) SELECT @@SQL_AUTO_IS_NULL; args=None
2019-02-13 11:44:50,511 [Thread-65:87177032] [django.db.backends:111] [DEBUG]- (0.011) SET SESSION TRANSACTION ISOLATION LEVEL READ COMMITTED; args=None
2019-02-13 11:44:50,545 [Thread-65:87177032] [django.db.backends:111] [DEBUG]- (0.033) SELECT VERSION(); args=None
2019-02-13 11:44:50,598 [Thread-65:87177032] [django.db.backends:111] [DEBUG]- (0.006) SET SESSION TRANSACTION ISOLATION LEVEL READ COMMITTED; args=None
2019-02-13 11:44:50,609 [Thread-65:87177032] [django.db.backends:111] [DEBUG]- (0.010) SELECT `autoTest_report`.`report_id`, `autoTest_report`.`report_name`, `autoTest_report`.`path`, `autoTest_report`.`relative_testCases`, `autoTest_report`.`create_time` FROM `autoTest_report` WHERE `autoTest_report`.`report_id` = 4; args=(4,)
2019-02-13 11:44:50,612 [Thread-65:87177032] [django.server:124] [INFO]- "GET /autoTest/report_show/?report_id=4 HTTP/1.1" 200 17882
2019-02-13 11:44:53,493 [Thread-66:101961032] [django.db.backends:111] [DEBUG]- (0.009) SELECT @@SQL_AUTO_IS_NULL; args=None
2019-02-13 11:44:53,505 [Thread-66:101961032] [django.db.backends:111] [DEBUG]- (0.008) SET SESSION TRANSACTION ISOLATION LEVEL READ COMMITTED; args=None
2019-02-13 11:44:53,519 [Thread-66:101961032] [django.db.backends:111] [DEBUG]- (0.013) SELECT VERSION(); args=None
2019-02-13 11:44:53,582 [Thread-66:101961032] [django.db.backends:111] [DEBUG]- (0.009) SET SESSION TRANSACTION ISOLATION LEVEL READ COMMITTED; args=None
2019-02-13 11:44:53,594 [Thread-66:101961032] [django.db.backends:111] [DEBUG]- (0.011) SELECT `autoTest_report`.`report_id`, `autoTest_report`.`report_name`, `autoTest_report`.`path`, `autoTest_report`.`relative_testCases`, `autoTest_report`.`create_time` FROM `autoTest_report` WHERE `autoTest_report`.`report_id` = 1; args=(1,)
2019-02-13 11:44:53,596 [Thread-66:101961032] [django.server:124] [INFO]- "GET /autoTest/report_show/?report_id=1 HTTP/1.1" 200 17881
2019-02-13 11:44:57,988 [Thread-67:87177032] [django.db.backends:111] [DEBUG]- (0.005) SELECT @@SQL_AUTO_IS_NULL; args=None
2019-02-13 11:44:57,994 [Thread-67:87177032] [django.db.backends:111] [DEBUG]- (0.006) SET SESSION TRANSACTION ISOLATION LEVEL READ COMMITTED; args=None
2019-02-13 11:44:58,001 [Thread-67:87177032] [django.db.backends:111] [DEBUG]- (0.007) SELECT VERSION(); args=None
2019-02-13 11:44:58,056 [Thread-67:87177032] [django.db.backends:111] [DEBUG]- (0.009) SET SESSION TRANSACTION ISOLATION LEVEL READ COMMITTED; args=None
2019-02-13 11:44:58,076 [Thread-67:87177032] [django.db.backends:111] [DEBUG]- (0.020) SELECT `autoTest_report`.`report_id`, `autoTest_report`.`report_name`, `autoTest_report`.`path`, `autoTest_report`.`relative_testCases`, `autoTest_report`.`create_time` FROM `autoTest_report` WHERE `autoTest_report`.`report_id` = 1; args=(1,)
2019-02-13 11:44:58,097 [Thread-67:87177032] [django.db.backends:111] [DEBUG]- (0.009) DELETE FROM `autoTest_report` WHERE `autoTest_report`.`report_id` = 1; args=(1,)
2019-02-13 11:44:58,159 [Thread-67:87177032] [django.server:124] [INFO]- "GET /autoTest/report_delete/?report_id=1 HTTP/1.1" 302 0
2019-02-13 11:44:58,217 [Thread-68:101961032] [django.db.backends:111] [DEBUG]- (0.008) SELECT @@SQL_AUTO_IS_NULL; args=None
2019-02-13 11:44:58,232 [Thread-68:101961032] [django.db.backends:111] [DEBUG]- (0.014) SET SESSION TRANSACTION ISOLATION LEVEL READ COMMITTED; args=None
2019-02-13 11:44:58,246 [Thread-68:101961032] [django.db.backends:111] [DEBUG]- (0.009) SELECT COUNT(*) AS `__count` FROM `autoTest_report`; args=()
2019-02-13 11:44:58,269 [Thread-68:101961032] [django.db.backends:111] [DEBUG]- (0.017) SELECT `autoTest_report`.`report_id`, `autoTest_report`.`report_name`, `autoTest_report`.`path`, `autoTest_report`.`relative_testCases`, `autoTest_report`.`create_time` FROM `autoTest_report` ORDER BY `autoTest_report`.`report_id` ASC LIMIT 3; args=()
2019-02-13 11:44:58,272 [Thread-68:101961032] [django.server:124] [INFO]- "GET /autoTest/report_index/ HTTP/1.1" 200 11621
2019-02-13 11:45:00,469 [Thread-69:101961032] [django.db.backends:111] [DEBUG]- (0.006) SELECT @@SQL_AUTO_IS_NULL; args=None
2019-02-13 11:45:00,476 [Thread-69:101961032] [django.db.backends:111] [DEBUG]- (0.006) SET SESSION TRANSACTION ISOLATION LEVEL READ COMMITTED; args=None
2019-02-13 11:45:00,483 [Thread-69:101961032] [django.db.backends:111] [DEBUG]- (0.006) SELECT VERSION(); args=None
2019-02-13 11:45:00,540 [Thread-69:101961032] [django.db.backends:111] [DEBUG]- (0.017) SET SESSION TRANSACTION ISOLATION LEVEL READ COMMITTED; args=None
2019-02-13 11:45:00,548 [Thread-69:101961032] [django.db.backends:111] [DEBUG]- (0.007) SELECT `autoTest_report`.`report_id`, `autoTest_report`.`report_name`, `autoTest_report`.`path`, `autoTest_report`.`relative_testCases`, `autoTest_report`.`create_time` FROM `autoTest_report` WHERE `autoTest_report`.`report_id` = 2; args=(2,)
2019-02-13 11:45:00,570 [Thread-69:101961032] [django.db.backends:111] [DEBUG]- (0.013) DELETE FROM `autoTest_report` WHERE `autoTest_report`.`report_id` = 2; args=(2,)
2019-02-13 11:45:00,588 [Thread-69:101961032] [django.server:124] [INFO]- "GET /autoTest/report_delete/?report_id=2 HTTP/1.1" 302 0
2019-02-13 11:45:00,652 [Thread-70:87177032] [django.db.backends:111] [DEBUG]- (0.009) SELECT @@SQL_AUTO_IS_NULL; args=None
2019-02-13 11:45:00,662 [Thread-70:87177032] [django.db.backends:111] [DEBUG]- (0.009) SET SESSION TRANSACTION ISOLATION LEVEL READ COMMITTED; args=None
2019-02-13 11:45:00,687 [Thread-70:87177032] [django.db.backends:111] [DEBUG]- (0.024) SELECT COUNT(*) AS `__count` FROM `autoTest_report`; args=()
2019-02-13 11:45:00,707 [Thread-70:87177032] [django.db.backends:111] [DEBUG]- (0.012) SELECT `autoTest_report`.`report_id`, `autoTest_report`.`report_name`, `autoTest_report`.`path`, `autoTest_report`.`relative_testCases`, `autoTest_report`.`create_time` FROM `autoTest_report` ORDER BY `autoTest_report`.`report_id` ASC LIMIT 2; args=()
2019-02-13 11:45:00,709 [Thread-70:87177032] [django.server:124] [INFO]- "GET /autoTest/report_index/ HTTP/1.1" 200 10902
2019-02-13 11:45:02,981 [Thread-71:87177032] [django.db.backends:111] [DEBUG]- (0.017) SELECT @@SQL_AUTO_IS_NULL; args=None
2019-02-13 11:45:03,007 [Thread-71:87177032] [django.db.backends:111] [DEBUG]- (0.022) SET SESSION TRANSACTION ISOLATION LEVEL READ COMMITTED; args=None
2019-02-13 11:45:03,017 [Thread-71:87177032] [django.db.backends:111] [DEBUG]- (0.009) SELECT VERSION(); args=None
2019-02-13 11:45:03,067 [Thread-71:87177032] [django.db.backends:111] [DEBUG]- (0.011) SET SESSION TRANSACTION ISOLATION LEVEL READ COMMITTED; args=None
2019-02-13 11:45:03,075 [Thread-71:87177032] [django.db.backends:111] [DEBUG]- (0.007) SELECT `autoTest_report`.`report_id`, `autoTest_report`.`report_name`, `autoTest_report`.`path`, `autoTest_report`.`relative_testCases`, `autoTest_report`.`create_time` FROM `autoTest_report` WHERE `autoTest_report`.`report_id` = 3; args=(3,)
2019-02-13 11:45:03,095 [Thread-71:87177032] [django.db.backends:111] [DEBUG]- (0.006) DELETE FROM `autoTest_report` WHERE `autoTest_report`.`report_id` = 3; args=(3,)
2019-02-13 11:45:03,112 [Thread-71:87177032] [django.server:124] [INFO]- "GET /autoTest/report_delete/?report_id=3 HTTP/1.1" 302 0
2019-02-13 11:45:03,179 [Thread-72:90857544] [django.db.backends:111] [DEBUG]- (0.006) SELECT @@SQL_AUTO_IS_NULL; args=None
2019-02-13 11:45:03,185 [Thread-72:90857544] [django.db.backends:111] [DEBUG]- (0.005) SET SESSION TRANSACTION ISOLATION LEVEL READ COMMITTED; args=None
2019-02-13 11:45:03,191 [Thread-72:90857544] [django.db.backends:111] [DEBUG]- (0.005) SELECT COUNT(*) AS `__count` FROM `autoTest_report`; args=()
2019-02-13 11:45:03,205 [Thread-72:90857544] [django.db.backends:111] [DEBUG]- (0.010) SELECT `autoTest_report`.`report_id`, `autoTest_report`.`report_name`, `autoTest_report`.`path`, `autoTest_report`.`relative_testCases`, `autoTest_report`.`create_time` FROM `autoTest_report` ORDER BY `autoTest_report`.`report_id` ASC LIMIT 1; args=()
2019-02-13 11:45:03,206 [Thread-72:90857544] [django.server:124] [INFO]- "GET /autoTest/report_index/ HTTP/1.1" 200 10182
2019-02-13 11:45:04,761 [Thread-73:87177032] [django.db.backends:111] [DEBUG]- (0.010) SELECT @@SQL_AUTO_IS_NULL; args=None
2019-02-13 11:45:04,771 [Thread-73:87177032] [django.db.backends:111] [DEBUG]- (0.009) SET SESSION TRANSACTION ISOLATION LEVEL READ COMMITTED; args=None
2019-02-13 11:45:04,784 [Thread-73:87177032] [django.db.backends:111] [DEBUG]- (0.009) SELECT VERSION(); args=None
2019-02-13 11:45:04,824 [Thread-73:87177032] [django.db.backends:111] [DEBUG]- (0.011) SET SESSION TRANSACTION ISOLATION LEVEL READ COMMITTED; args=None
2019-02-13 11:45:04,832 [Thread-73:87177032] [django.db.backends:111] [DEBUG]- (0.006) SELECT `autoTest_report`.`report_id`, `autoTest_report`.`report_name`, `autoTest_report`.`path`, `autoTest_report`.`relative_testCases`, `autoTest_report`.`create_time` FROM `autoTest_report` WHERE `autoTest_report`.`report_id` = 4; args=(4,)
2019-02-13 11:45:04,849 [Thread-73:87177032] [django.db.backends:111] [DEBUG]- (0.006) DELETE FROM `autoTest_report` WHERE `autoTest_report`.`report_id` = 4; args=(4,)
2019-02-13 11:45:04,866 [Thread-73:87177032] [django.server:124] [INFO]- "GET /autoTest/report_delete/?report_id=4 HTTP/1.1" 302 0
2019-02-13 11:45:04,951 [Thread-74:90857544] [django.db.backends:111] [DEBUG]- (0.009) SELECT @@SQL_AUTO_IS_NULL; args=None
2019-02-13 11:45:04,963 [Thread-74:90857544] [django.db.backends:111] [DEBUG]- (0.011) SET SESSION TRANSACTION ISOLATION LEVEL READ COMMITTED; args=None
2019-02-13 11:45:04,972 [Thread-74:90857544] [django.db.backends:111] [DEBUG]- (0.009) SELECT COUNT(*) AS `__count` FROM `autoTest_report`; args=()
2019-02-13 11:45:04,977 [Thread-74:90857544] [django.server:124] [INFO]- "GET /autoTest/report_index/ HTTP/1.1" 200 9463
2019-02-13 11:45:05,905 [Thread-75:87177032] [django.db.backends:111] [DEBUG]- (0.007) SELECT @@SQL_AUTO_IS_NULL; args=None
2019-02-13 11:45:05,916 [Thread-75:87177032] [django.db.backends:111] [DEBUG]- (0.011) SET SESSION TRANSACTION ISOLATION LEVEL READ COMMITTED; args=None
2019-02-13 11:45:05,924 [Thread-75:87177032] [django.db.backends:111] [DEBUG]- (0.007) SELECT COUNT(*) AS `__count` FROM `autoTest_testcases`; args=()
2019-02-13 11:45:05,939 [Thread-75:87177032] [django.db.backends:111] [DEBUG]- (0.011) SELECT `autoTest_testcases`.`testCases_id`, `autoTest_testcases`.`testCases_name`, `autoTest_testcases`.`testSuite_function`, `autoTest_testcases`.`parameters`, `autoTest_testcases`.`variables`, `autoTest_testcases`.`headers`, `autoTest_testcases`.`description`, `autoTest_testcases`.`setup_hooks`, `autoTest_testcases`.`teardown_hooks`, `autoTest_testcases`.`output`, `autoTest_testcases`.`testCases_list`, `autoTest_testcases`.`dataType_dict`, `autoTest_testcases`.`description_dict`, `autoTest_testcases`.`file_path` FROM `autoTest_testcases` ORDER BY `autoTest_testcases`.`testCases_id` ASC LIMIT 2; args=()
2019-02-13 11:45:05,944 [Thread-75:87177032] [django.server:124] [INFO]- "GET /autoTest/testCases_index/ HTTP/1.1" 200 17434
2019-02-13 11:45:10,387 [Thread-76:90869832] [django.db.backends:111] [DEBUG]- (0.005) SELECT @@SQL_AUTO_IS_NULL; args=None
2019-02-13 11:45:10,393 [Thread-76:90869832] [django.db.backends:111] [DEBUG]- (0.005) SET SESSION TRANSACTION ISOLATION LEVEL READ COMMITTED; args=None
2019-02-13 11:45:10,409 [Thread-76:90869832] [django.db.backends:111] [DEBUG]- (0.010) SELECT VERSION(); args=None
2019-02-13 11:45:10,423 [Thread-76:90869832] [django.db.backends:111] [DEBUG]- (0.012) DELETE FROM `autoTest_testcases` WHERE `autoTest_testcases`.`testCases_id` = 6; args=(6,)
2019-02-13 11:45:10,437 [Thread-76:90869832] [django.server:124] [INFO]- "GET /autoTest/testCases_delete/?testCases_id=6 HTTP/1.1" 302 0
2019-02-13 11:45:10,489 [Thread-77:87177032] [django.db.backends:111] [DEBUG]- (0.011) SELECT @@SQL_AUTO_IS_NULL; args=None
2019-02-13 11:45:10,500 [Thread-77:87177032] [django.db.backends:111] [DEBUG]- (0.010) SET SESSION TRANSACTION ISOLATION LEVEL READ COMMITTED; args=None
2019-02-13 11:45:10,525 [Thread-77:87177032] [django.db.backends:111] [DEBUG]- (0.024) SELECT COUNT(*) AS `__count` FROM `autoTest_testcases`; args=()
2019-02-13 11:45:10,609 [Thread-77:87177032] [django.db.backends:111] [DEBUG]- (0.008) SELECT `autoTest_testcases`.`testCases_id`, `autoTest_testcases`.`testCases_name`, `autoTest_testcases`.`testSuite_function`, `autoTest_testcases`.`parameters`, `autoTest_testcases`.`variables`, `autoTest_testcases`.`headers`, `autoTest_testcases`.`description`, `autoTest_testcases`.`setup_hooks`, `autoTest_testcases`.`teardown_hooks`, `autoTest_testcases`.`output`, `autoTest_testcases`.`testCases_list`, `autoTest_testcases`.`dataType_dict`, `autoTest_testcases`.`description_dict`, `autoTest_testcases`.`file_path` FROM `autoTest_testcases` ORDER BY `autoTest_testcases`.`testCases_id` ASC LIMIT 1; args=()
2019-02-13 11:45:10,611 [Thread-77:87177032] [django.server:124] [INFO]- "GET /autoTest/testCases_index/ HTTP/1.1" 200 16623
2019-02-13 11:45:12,139 [Thread-78:87177032] [django.db.backends:111] [DEBUG]- (0.011) SELECT @@SQL_AUTO_IS_NULL; args=None
2019-02-13 11:45:12,150 [Thread-78:87177032] [django.db.backends:111] [DEBUG]- (0.010) SET SESSION TRANSACTION ISOLATION LEVEL READ COMMITTED; args=None
2019-02-13 11:45:12,171 [Thread-78:87177032] [django.db.backends:111] [DEBUG]- (0.010) SELECT VERSION(); args=None
2019-02-13 11:45:12,186 [Thread-78:87177032] [django.db.backends:111] [DEBUG]- (0.013) DELETE FROM `autoTest_testcases` WHERE `autoTest_testcases`.`testCases_id` = 5; args=(5,)
2019-02-13 11:45:12,212 [Thread-78:87177032] [django.server:124] [INFO]- "GET /autoTest/testCases_delete/?testCases_id=5 HTTP/1.1" 302 0
2019-02-13 11:45:12,261 [Thread-79:90865736] [django.db.backends:111] [DEBUG]- (0.008) SELECT @@SQL_AUTO_IS_NULL; args=None
2019-02-13 11:45:12,304 [Thread-79:90865736] [django.db.backends:111] [DEBUG]- (0.039) SET SESSION TRANSACTION ISOLATION LEVEL READ COMMITTED; args=None
2019-02-13 11:45:12,323 [Thread-79:90865736] [django.db.backends:111] [DEBUG]- (0.018) SELECT COUNT(*) AS `__count` FROM `autoTest_testcases`; args=()
2019-02-13 11:45:12,335 [Thread-79:90865736] [django.server:124] [INFO]- "GET /autoTest/testCases_index/ HTTP/1.1" 200 15814
2019-02-13 11:47:12,503 [Thread-80:90865736] [django.db.backends:111] [DEBUG]- (0.006) SELECT @@SQL_AUTO_IS_NULL; args=None
2019-02-13 11:47:12,510 [Thread-80:90865736] [django.db.backends:111] [DEBUG]- (0.006) SET SESSION TRANSACTION ISOLATION LEVEL READ COMMITTED; args=None
2019-02-13 11:47:12,519 [Thread-80:90865736] [django.db.backends:111] [DEBUG]- (0.006) SELECT COUNT(*) AS `__count` FROM `autoTest_testcases`; args=()
2019-02-13 11:47:12,537 [Thread-80:90865736] [django.db.backends:111] [DEBUG]- (0.014) SELECT `autoTest_testcases`.`testCases_id`, `autoTest_testcases`.`testCases_name`, `autoTest_testcases`.`testSuite_function`, `autoTest_testcases`.`parameters`, `autoTest_testcases`.`variables`, `autoTest_testcases`.`headers`, `autoTest_testcases`.`description`, `autoTest_testcases`.`setup_hooks`, `autoTest_testcases`.`teardown_hooks`, `autoTest_testcases`.`output`, `autoTest_testcases`.`testCases_list`, `autoTest_testcases`.`dataType_dict`, `autoTest_testcases`.`description_dict`, `autoTest_testcases`.`file_path` FROM `autoTest_testcases` ORDER BY `autoTest_testcases`.`testCases_id` ASC LIMIT 3; args=()
2019-02-13 11:47:12,544 [Thread-80:90865736] [django.server:124] [INFO]- "GET /autoTest/testCases_index/ HTTP/1.1" 200 18241
2019-02-13 11:47:21,928 [Thread-81:90865992] [django.db.backends:111] [DEBUG]- (0.012) SELECT @@SQL_AUTO_IS_NULL; args=None
2019-02-13 11:47:21,939 [Thread-81:90865992] [django.db.backends:111] [DEBUG]- (0.011) SET SESSION TRANSACTION ISOLATION LEVEL READ COMMITTED; args=None
2019-02-13 11:47:21,952 [Thread-81:90865992] [django.db.backends:111] [DEBUG]- (0.012) SELECT COUNT(*) AS `__count` FROM `autoTest_testcases`; args=()
2019-02-13 11:47:21,971 [Thread-81:90865992] [django.db.backends:111] [DEBUG]- (0.014) SELECT `autoTest_testcases`.`testCases_id`, `autoTest_testcases`.`testCases_name`, `autoTest_testcases`.`testSuite_function`, `autoTest_testcases`.`parameters`, `autoTest_testcases`.`variables`, `autoTest_testcases`.`headers`, `autoTest_testcases`.`description`, `autoTest_testcases`.`setup_hooks`, `autoTest_testcases`.`teardown_hooks`, `autoTest_testcases`.`output`, `autoTest_testcases`.`testCases_list`, `autoTest_testcases`.`dataType_dict`, `autoTest_testcases`.`description_dict`, `autoTest_testcases`.`file_path` FROM `autoTest_testcases` ORDER BY `autoTest_testcases`.`testCases_id` ASC LIMIT 2; args=()
2019-02-13 11:47:21,973 [Thread-81:90865992] [django.server:124] [INFO]- "GET /autoTest/testCases_index/ HTTP/1.1" 200 17432
2019-02-13 11:47:24,585 [Thread-82:90865736] [django.db.backends:111] [DEBUG]- (0.009) SELECT @@SQL_AUTO_IS_NULL; args=None
2019-02-13 11:47:24,603 [Thread-82:90865736] [django.db.backends:111] [DEBUG]- (0.017) SET SESSION TRANSACTION ISOLATION LEVEL READ COMMITTED; args=None
2019-02-13 11:47:24,623 [Thread-82:90865736] [django.db.backends:111] [DEBUG]- (0.010) SELECT VERSION(); args=None
2019-02-13 11:47:24,638 [Thread-82:90865736] [django.db.backends:111] [DEBUG]- (0.010) DELETE FROM `autoTest_testcases` WHERE `autoTest_testcases`.`testCases_id` = 8; args=(8,)
2019-02-13 11:47:24,660 [Thread-82:90865736] [django.server:124] [INFO]- "GET /autoTest/testCases_delete/?testCases_id=8 HTTP/1.1" 302 0
2019-02-13 11:47:24,706 [Thread-83:90865992] [django.db.backends:111] [DEBUG]- (0.006) SELECT @@SQL_AUTO_IS_NULL; args=None
2019-02-13 11:47:24,713 [Thread-83:90865992] [django.db.backends:111] [DEBUG]- (0.006) SET SESSION TRANSACTION ISOLATION LEVEL READ COMMITTED; args=None
2019-02-13 11:47:24,720 [Thread-83:90865992] [django.db.backends:111] [DEBUG]- (0.007) SELECT COUNT(*) AS `__count` FROM `autoTest_testcases`; args=()
2019-02-13 11:47:24,735 [Thread-83:90865992] [django.db.backends:111] [DEBUG]- (0.008) SELECT `autoTest_testcases`.`testCases_id`, `autoTest_testcases`.`testCases_name`, `autoTest_testcases`.`testSuite_function`, `autoTest_testcases`.`parameters`, `autoTest_testcases`.`variables`, `autoTest_testcases`.`headers`, `autoTest_testcases`.`description`, `autoTest_testcases`.`setup_hooks`, `autoTest_testcases`.`teardown_hooks`, `autoTest_testcases`.`output`, `autoTest_testcases`.`testCases_list`, `autoTest_testcases`.`dataType_dict`, `autoTest_testcases`.`description_dict`, `autoTest_testcases`.`file_path` FROM `autoTest_testcases` ORDER BY `autoTest_testcases`.`testCases_id` ASC LIMIT 1; args=()
2019-02-13 11:47:24,738 [Thread-83:90865992] [django.server:124] [INFO]- "GET /autoTest/testCases_index/ HTTP/1.1" 200 16623
2019-02-13 11:47:27,528 [Thread-84:90869832] [django.db.backends:111] [DEBUG]- (0.006) SELECT @@SQL_AUTO_IS_NULL; args=None
2019-02-13 11:47:27,537 [Thread-84:90869832] [django.db.backends:111] [DEBUG]- (0.006) SET SESSION TRANSACTION ISOLATION LEVEL READ COMMITTED; args=None
2019-02-13 11:47:27,550 [Thread-84:90869832] [django.db.backends:111] [DEBUG]- (0.006) SELECT VERSION(); args=None
2019-02-13 11:47:27,557 [Thread-84:90869832] [django.db.backends:111] [DEBUG]- (0.006) DELETE FROM `autoTest_testcases` WHERE `autoTest_testcases`.`testCases_id` = 7; args=(7,)
2019-02-13 11:47:27,573 [Thread-84:90869832] [django.server:124] [INFO]- "GET /autoTest/testCases_delete/?testCases_id=7 HTTP/1.1" 302 0
2019-02-13 11:47:27,627 [Thread-85:90870088] [django.db.backends:111] [DEBUG]- (0.010) SELECT @@SQL_AUTO_IS_NULL; args=None
2019-02-13 11:47:27,637 [Thread-85:90870088] [django.db.backends:111] [DEBUG]- (0.009) SET SESSION TRANSACTION ISOLATION LEVEL READ COMMITTED; args=None
2019-02-13 11:47:27,644 [Thread-85:90870088] [django.db.backends:111] [DEBUG]- (0.007) SELECT COUNT(*) AS `__count` FROM `autoTest_testcases`; args=()
2019-02-13 11:47:27,649 [Thread-85:90870088] [django.server:124] [INFO]- "GET /autoTest/testCases_index/ HTTP/1.1" 200 15814
2019-02-13 11:47:28,340 [Thread-86:90870088] [django.db.backends:111] [DEBUG]- (0.009) SELECT @@SQL_AUTO_IS_NULL; args=None
2019-02-13 11:47:28,351 [Thread-86:90870088] [django.db.backends:111] [DEBUG]- (0.009) SET SESSION TRANSACTION ISOLATION LEVEL READ COMMITTED; args=None
2019-02-13 11:47:28,369 [Thread-86:90870088] [django.db.backends:111] [DEBUG]- (0.017) SELECT `autoTest_teststep`.`testStep_id`, `autoTest_teststep`.`testStep_name`, `autoTest_teststep`.`skip`, `autoTest_teststep`.`skipIf`, `autoTest_teststep`.`skipUnless`, `autoTest_teststep`.`times`, `autoTest_teststep`.`variables`, `autoTest_teststep`.`url`, `autoTest_teststep`.`headers`, `autoTest_teststep`.`content_type`, `autoTest_teststep`.`method`, `autoTest_teststep`.`body`, `autoTest_teststep`.`description`, `autoTest_teststep`.`extract`, `autoTest_teststep`.`validate`, `autoTest_teststep`.`setup_hooks`, `autoTest_teststep`.`teardown_hooks`, `autoTest_teststep`.`necessaryFlag_dict`, `autoTest_teststep`.`dataType_dict`, `autoTest_teststep`.`description_dict`, `autoTest_teststep`.`relative_api`, `autoTest_teststep`.`relative_pro` FROM `autoTest_teststep` ORDER BY `autoTest_teststep`.`testStep_id` ASC; args=()
2019-02-13 11:47:28,381 [Thread-86:90870088] [django.db.backends:111] [DEBUG]- (0.011) SELECT `autoTest_testcases`.`testCases_id`, `autoTest_testcases`.`testCases_name`, `autoTest_testcases`.`testSuite_function`, `autoTest_testcases`.`parameters`, `autoTest_testcases`.`variables`, `autoTest_testcases`.`headers`, `autoTest_testcases`.`description`, `autoTest_testcases`.`setup_hooks`, `autoTest_testcases`.`teardown_hooks`, `autoTest_testcases`.`output`, `autoTest_testcases`.`testCases_list`, `autoTest_testcases`.`dataType_dict`, `autoTest_testcases`.`description_dict`, `autoTest_testcases`.`file_path` FROM `autoTest_testcases` ORDER BY `autoTest_testcases`.`testCases_id` ASC; args=()
2019-02-13 11:47:28,385 [Thread-86:90870088] [django.template:878] [DEBUG]- Exception while resolving variable 'testStep_id' in template 'autoTest/testCases_add.html'.
Traceback (most recent call last):
  File "C:\Python36\lib\site-packages\django\template\base.py", line 835, in _resolve_lookup
    current = current[bit]
TypeError: string indices must be integers

During handling of the above exception, another exception occurred:

Traceback (most recent call last):
  File "C:\Python36\lib\site-packages\django\template\base.py", line 843, in _resolve_lookup
    current = getattr(current, bit)
AttributeError: 'str' object has no attribute 'testStep_id'

During handling of the above exception, another exception occurred:

Traceback (most recent call last):
  File "C:\Python36\lib\site-packages\django\template\base.py", line 849, in _resolve_lookup
    current = current[int(bit)]
ValueError: invalid literal for int() with base 10: 'testStep_id'

During handling of the above exception, another exception occurred:

Traceback (most recent call last):
  File "C:\Python36\lib\site-packages\django\template\base.py", line 856, in _resolve_lookup
    (bit, current))  # missing attribute
django.template.base.VariableDoesNotExist: Failed lookup for key [testStep_id] in '<li name="testStep" value="1">ËÑË÷¹ÅÊ«´Ê×÷Õß¡ª¡ªÀî°×</li><li name="testStep" value="2">ËÑË÷¹ÅÊ«´Ê×÷Õß¡ª¡ª¶Å¸¦</li><li name="testStep" value="5">Ëæ»úÒ»Ê×Ê«´ÊÍÆ¼ö</li>'
2019-02-13 11:47:28,386 [Thread-86:90870088] [django.template:878] [DEBUG]- Exception while resolving variable 'testStep_name' in template 'autoTest/testCases_add.html'.
Traceback (most recent call last):
  File "C:\Python36\lib\site-packages\django\template\base.py", line 835, in _resolve_lookup
    current = current[bit]
TypeError: string indices must be integers

During handling of the above exception, another exception occurred:

Traceback (most recent call last):
  File "C:\Python36\lib\site-packages\django\template\base.py", line 843, in _resolve_lookup
    current = getattr(current, bit)
AttributeError: 'str' object has no attribute 'testStep_name'

During handling of the above exception, another exception occurred:

Traceback (most recent call last):
  File "C:\Python36\lib\site-packages\django\template\base.py", line 849, in _resolve_lookup
    current = current[int(bit)]
ValueError: invalid literal for int() with base 10: 'testStep_name'

During handling of the above exception, another exception occurred:

Traceback (most recent call last):
  File "C:\Python36\lib\site-packages\django\template\base.py", line 856, in _resolve_lookup
    (bit, current))  # missing attribute
django.template.base.VariableDoesNotExist: Failed lookup for key [testStep_name] in '<li name="testStep" value="1">ËÑË÷¹ÅÊ«´Ê×÷Õß¡ª¡ªÀî°×</li><li name="testStep" value="2">ËÑË÷¹ÅÊ«´Ê×÷Õß¡ª¡ª¶Å¸¦</li><li name="testStep" value="5">Ëæ»úÒ»Ê×Ê«´ÊÍÆ¼ö</li>'
2019-02-13 11:47:28,389 [Thread-86:90870088] [django.server:124] [INFO]- "GET /autoTest/testCases_add/ HTTP/1.1" 200 44944
2019-02-13 11:47:46,689 [Thread-88:90869832] [django.db.backends:111] [DEBUG]- (0.010) SELECT @@SQL_AUTO_IS_NULL; args=None
2019-02-13 11:47:46,699 [Thread-88:90869832] [django.db.backends:111] [DEBUG]- (0.009) SET SESSION TRANSACTION ISOLATION LEVEL READ COMMITTED; args=None
2019-02-13 11:47:46,711 [Thread-88:90869832] [django.db.backends:111] [DEBUG]- (0.009) SELECT VERSION(); args=None
2019-02-13 11:47:46,773 [Thread-88:90869832] [django.db.backends:111] [DEBUG]- (0.008) SET SESSION TRANSACTION ISOLATION LEVEL READ COMMITTED; args=None
2019-02-13 11:47:46,789 [Thread-88:90869832] [django.db.backends:111] [DEBUG]- (0.015) SELECT `autoTest_testcases`.`testCases_id`, `autoTest_testcases`.`testCases_name`, `autoTest_testcases`.`testSuite_function`, `autoTest_testcases`.`parameters`, `autoTest_testcases`.`variables`, `autoTest_testcases`.`headers`, `autoTest_testcases`.`description`, `autoTest_testcases`.`setup_hooks`, `autoTest_testcases`.`teardown_hooks`, `autoTest_testcases`.`output`, `autoTest_testcases`.`testCases_list`, `autoTest_testcases`.`dataType_dict`, `autoTest_testcases`.`description_dict`, `autoTest_testcases`.`file_path` FROM `autoTest_testcases` WHERE `autoTest_testcases`.`testSuite_function` = 'suiteFunction1550029666()'; args=('suiteFunction1550029666()',)
2019-02-13 11:47:46,810 [Thread-88:90869832] [django.db.backends:111] [DEBUG]- (0.010) INSERT INTO `autoTest_testcases` (`testCases_name`, `testSuite_function`, `parameters`, `variables`, `headers`, `description`, `setup_hooks`, `teardown_hooks`, `output`, `testCases_list`, `dataType_dict`, `description_dict`, `file_path`) VALUES ('µ÷ÊÔÓÃÀý¼¯1', 'suiteFunction1550029666()', '[]', '[]', '{}', 'µ÷ÊÔÓÃÀý¼¯1', '[]', '[]', '[  ]', '[\"1\"]', '{\"headers\":[],\"variables\":[],\"parameters\":[]}', '{\"headers\":[],\"variables\":[],\"parameters\":[]}', 'E:\\github\\testGo\\httprunner\\tests\\testcases\\µ÷ÊÔÓÃÀý¼¯1_1550029666.json'); args=['µ÷ÊÔÓÃÀý¼¯1', 'suiteFunction1550029666()', '[]', '[]', '{}', 'µ÷ÊÔÓÃÀý¼¯1', '[]', '[]', '[  ]', '["1"]', '{"headers":[],"variables":[],"parameters":[]}', '{"headers":[],"variables":[],"parameters":[]}', 'E:\\github\\testGo\\httprunner\\tests\\testcases\\µ÷ÊÔÓÃÀý¼¯1_1550029666.json']
2019-02-13 11:47:46,849 [Thread-88:90869832] [django.db.backends:111] [DEBUG]- (0.012) SELECT `autoTest_teststep`.`testStep_id`, `autoTest_teststep`.`testStep_name`, `autoTest_teststep`.`skip`, `autoTest_teststep`.`skipIf`, `autoTest_teststep`.`skipUnless`, `autoTest_teststep`.`times`, `autoTest_teststep`.`variables`, `autoTest_teststep`.`url`, `autoTest_teststep`.`headers`, `autoTest_teststep`.`content_type`, `autoTest_teststep`.`method`, `autoTest_teststep`.`body`, `autoTest_teststep`.`description`, `autoTest_teststep`.`extract`, `autoTest_teststep`.`validate`, `autoTest_teststep`.`setup_hooks`, `autoTest_teststep`.`teardown_hooks`, `autoTest_teststep`.`necessaryFlag_dict`, `autoTest_teststep`.`dataType_dict`, `autoTest_teststep`.`description_dict`, `autoTest_teststep`.`relative_api`, `autoTest_teststep`.`relative_pro` FROM `autoTest_teststep` WHERE `autoTest_teststep`.`testStep_id` = 1; args=(1,)
2019-02-13 11:47:46,854 [Thread-88:90869832] [django.server:124] [INFO]- "POST /autoTest/testCases_add/ HTTP/1.1" 302 0
2019-02-13 11:47:46,911 [Thread-89:90869832] [django.db.backends:111] [DEBUG]- (0.007) SELECT @@SQL_AUTO_IS_NULL; args=None
2019-02-13 11:47:46,920 [Thread-89:90869832] [django.db.backends:111] [DEBUG]- (0.008) SET SESSION TRANSACTION ISOLATION LEVEL READ COMMITTED; args=None
2019-02-13 11:47:46,932 [Thread-89:90869832] [django.db.backends:111] [DEBUG]- (0.008) SELECT COUNT(*) AS `__count` FROM `autoTest_testcases`; args=()
2019-02-13 11:47:46,946 [Thread-89:90869832] [django.db.backends:111] [DEBUG]- (0.009) SELECT `autoTest_testcases`.`testCases_id`, `autoTest_testcases`.`testCases_name`, `autoTest_testcases`.`testSuite_function`, `autoTest_testcases`.`parameters`, `autoTest_testcases`.`variables`, `autoTest_testcases`.`headers`, `autoTest_testcases`.`description`, `autoTest_testcases`.`setup_hooks`, `autoTest_testcases`.`teardown_hooks`, `autoTest_testcases`.`output`, `autoTest_testcases`.`testCases_list`, `autoTest_testcases`.`dataType_dict`, `autoTest_testcases`.`description_dict`, `autoTest_testcases`.`file_path` FROM `autoTest_testcases` ORDER BY `autoTest_testcases`.`testCases_id` ASC LIMIT 1; args=()
2019-02-13 11:47:46,948 [Thread-89:90869832] [django.server:124] [INFO]- "GET /autoTest/testCases_index/ HTTP/1.1" 200 16628
2019-02-13 11:47:48,507 [Thread-90:90869832] [django.db.backends:111] [DEBUG]- (0.010) SELECT @@SQL_AUTO_IS_NULL; args=None
2019-02-13 11:47:48,524 [Thread-90:90869832] [django.db.backends:111] [DEBUG]- (0.012) SET SESSION TRANSACTION ISOLATION LEVEL READ COMMITTED; args=None
2019-02-13 11:47:48,536 [Thread-90:90869832] [django.db.backends:111] [DEBUG]- (0.012) SELECT COUNT(*) AS `__count` FROM `autoTest_testcases`; args=()
2019-02-13 11:47:48,551 [Thread-90:90869832] [django.db.backends:111] [DEBUG]- (0.011) SELECT `autoTest_testcases`.`testCases_id`, `autoTest_testcases`.`testCases_name`, `autoTest_testcases`.`testSuite_function`, `autoTest_testcases`.`parameters`, `autoTest_testcases`.`variables`, `autoTest_testcases`.`headers`, `autoTest_testcases`.`description`, `autoTest_testcases`.`setup_hooks`, `autoTest_testcases`.`teardown_hooks`, `autoTest_testcases`.`output`, `autoTest_testcases`.`testCases_list`, `autoTest_testcases`.`dataType_dict`, `autoTest_testcases`.`description_dict`, `autoTest_testcases`.`file_path` FROM `autoTest_testcases` ORDER BY `autoTest_testcases`.`testCases_id` ASC LIMIT 1; args=()
2019-02-13 11:47:48,553 [Thread-90:90869832] [django.server:124] [INFO]- "GET /autoTest/testCases_index/ HTTP/1.1" 200 16628
2019-02-13 11:47:50,516 [Thread-91:90870344] [django.db.backends:111] [DEBUG]- (0.011) SELECT @@SQL_AUTO_IS_NULL; args=None
2019-02-13 11:47:50,525 [Thread-91:90870344] [django.db.backends:111] [DEBUG]- (0.008) SET SESSION TRANSACTION ISOLATION LEVEL READ COMMITTED; args=None
2019-02-13 11:47:50,535 [Thread-91:90870344] [django.db.backends:111] [DEBUG]- (0.008) SELECT VERSION(); args=None
2019-02-13 11:47:51,085 [Thread-91:90870344] [django.db.backends:111] [DEBUG]- (0.013) SET SESSION TRANSACTION ISOLATION LEVEL READ COMMITTED; args=None
2019-02-13 11:47:51,100 [Thread-91:90870344] [django.db.backends:111] [DEBUG]- (0.011) SELECT `autoTest_testcases`.`testCases_id`, `autoTest_testcases`.`testCases_name`, `autoTest_testcases`.`testSuite_function`, `autoTest_testcases`.`parameters`, `autoTest_testcases`.`variables`, `autoTest_testcases`.`headers`, `autoTest_testcases`.`description`, `autoTest_testcases`.`setup_hooks`, `autoTest_testcases`.`teardown_hooks`, `autoTest_testcases`.`output`, `autoTest_testcases`.`testCases_list`, `autoTest_testcases`.`dataType_dict`, `autoTest_testcases`.`description_dict`, `autoTest_testcases`.`file_path` FROM `autoTest_testcases` WHERE `autoTest_testcases`.`testCases_id` = 10; args=(10,)
2019-02-13 11:47:51,114 [Thread-91:90870344] [django.db.backends:111] [DEBUG]- (0.012) SELECT `autoTest_teststep`.`testStep_id`, `autoTest_teststep`.`testStep_name`, `autoTest_teststep`.`skip`, `autoTest_teststep`.`skipIf`, `autoTest_teststep`.`skipUnless`, `autoTest_teststep`.`times`, `autoTest_teststep`.`variables`, `autoTest_teststep`.`url`, `autoTest_teststep`.`headers`, `autoTest_teststep`.`content_type`, `autoTest_teststep`.`method`, `autoTest_teststep`.`body`, `autoTest_teststep`.`description`, `autoTest_teststep`.`extract`, `autoTest_teststep`.`validate`, `autoTest_teststep`.`setup_hooks`, `autoTest_teststep`.`teardown_hooks`, `autoTest_teststep`.`necessaryFlag_dict`, `autoTest_teststep`.`dataType_dict`, `autoTest_teststep`.`description_dict`, `autoTest_teststep`.`relative_api`, `autoTest_teststep`.`relative_pro` FROM `autoTest_teststep` WHERE `autoTest_teststep`.`testStep_id` = 1; args=(1,)
2019-02-13 11:47:51,120 [Thread-91:90870344] [django.server:124] [INFO]- "POST /autoTest/find_data/ HTTP/1.1" 200 227
2019-02-13 11:47:54,797 [Thread-92:90870344] [django.db.backends:111] [DEBUG]- (0.006) SELECT @@SQL_AUTO_IS_NULL; args=None
2019-02-13 11:47:54,805 [Thread-92:90870344] [django.db.backends:111] [DEBUG]- (0.007) SET SESSION TRANSACTION ISOLATION LEVEL READ COMMITTED; args=None
2019-02-13 11:47:54,811 [Thread-92:90870344] [django.db.backends:111] [DEBUG]- (0.006) SELECT VERSION(); args=None
2019-02-13 11:47:54,878 [Thread-92:90870344] [django.db.backends:111] [DEBUG]- (0.009) SET SESSION TRANSACTION ISOLATION LEVEL READ COMMITTED; args=None
2019-02-13 11:47:54,894 [Thread-92:90870344] [django.db.backends:111] [DEBUG]- (0.011) SELECT `autoTest_testcases`.`testCases_id`, `autoTest_testcases`.`testCases_name`, `autoTest_testcases`.`testSuite_function`, `autoTest_testcases`.`parameters`, `autoTest_testcases`.`variables`, `autoTest_testcases`.`headers`, `autoTest_testcases`.`description`, `autoTest_testcases`.`setup_hooks`, `autoTest_testcases`.`teardown_hooks`, `autoTest_testcases`.`output`, `autoTest_testcases`.`testCases_list`, `autoTest_testcases`.`dataType_dict`, `autoTest_testcases`.`description_dict`, `autoTest_testcases`.`file_path` FROM `autoTest_testcases` WHERE `autoTest_testcases`.`testCases_id` = 10; args=(10,)
2019-02-13 11:47:55,469 [Thread-92:90870344] [django.server:124] [INFO]- "POST /autoTest/testCases_run/ HTTP/1.1" 200 138
2019-02-13 11:50:03,523 [Thread-93:90865736] [django.db.backends:111] [DEBUG]- (0.005) SELECT @@SQL_AUTO_IS_NULL; args=None
2019-02-13 11:50:03,529 [Thread-93:90865736] [django.db.backends:111] [DEBUG]- (0.006) SET SESSION TRANSACTION ISOLATION LEVEL READ COMMITTED; args=None
2019-02-13 11:50:03,538 [Thread-93:90865736] [django.db.backends:111] [DEBUG]- (0.008) SELECT COUNT(*) AS `__count` FROM `autoTest_project`; args=()
2019-02-13 11:50:03,549 [Thread-93:90865736] [django.db.backends:111] [DEBUG]- (0.006) SELECT `autoTest_project`.`pro_id`, `autoTest_project`.`pro_name`, `autoTest_project`.`description` FROM `autoTest_project` ORDER BY `autoTest_project`.`pro_id` ASC LIMIT 2; args=()
2019-02-13 11:50:03,551 [Thread-93:90865736] [django.server:124] [INFO]- "GET /autoTest/pro_index/ HTTP/1.1" 200 10719
2019-02-13 11:50:06,315 [Thread-94:90865992] [django.db.backends:111] [DEBUG]- (0.006) SELECT @@SQL_AUTO_IS_NULL; args=None
2019-02-13 11:50:06,323 [Thread-94:90865992] [django.db.backends:111] [DEBUG]- (0.007) SET SESSION TRANSACTION ISOLATION LEVEL READ COMMITTED; args=None
2019-02-13 11:50:06,330 [Thread-94:90865992] [django.db.backends:111] [DEBUG]- (0.006) SELECT COUNT(*) AS `__count` FROM `autoTest_environment`; args=()
2019-02-13 11:50:06,346 [Thread-94:90865992] [django.db.backends:111] [DEBUG]- (0.011) SELECT `autoTest_project`.`pro_id`, `autoTest_project`.`pro_name`, `autoTest_project`.`description` FROM `autoTest_project`; args=()
2019-02-13 11:50:06,353 [Thread-94:90865992] [django.db.backends:111] [DEBUG]- (0.006) SELECT `autoTest_environment`.`env_id`, `autoTest_environment`.`env_name`, `autoTest_environment`.`relative_pro`, `autoTest_environment`.`description`, `autoTest_environment`.`url`, `autoTest_environment`.`port` FROM `autoTest_environment` ORDER BY `autoTest_environment`.`env_id` ASC LIMIT 2; args=()
2019-02-13 11:50:06,354 [Thread-94:90865992] [django.template:878] [DEBUG]- Exception while resolving variable 'project' in template 'autoTest/env_index.html'.
Traceback (most recent call last):
  File "C:\Python36\lib\site-packages\django\template\base.py", line 835, in _resolve_lookup
    current = current[bit]
TypeError: 'Environment' object is not subscriptable

During handling of the above exception, another exception occurred:

Traceback (most recent call last):
  File "C:\Python36\lib\site-packages\django\template\base.py", line 843, in _resolve_lookup
    current = getattr(current, bit)
AttributeError: 'Environment' object has no attribute 'project'

During handling of the above exception, another exception occurred:

Traceback (most recent call last):
  File "C:\Python36\lib\site-packages\django\template\base.py", line 849, in _resolve_lookup
    current = current[int(bit)]
ValueError: invalid literal for int() with base 10: 'project'

During handling of the above exception, another exception occurred:

Traceback (most recent call last):
  File "C:\Python36\lib\site-packages\django\template\base.py", line 856, in _resolve_lookup
    (bit, current))  # missing attribute
django.template.base.VariableDoesNotExist: Failed lookup for key [project] in Éú²ú»·¾³
2019-02-13 11:50:06,362 [Thread-94:90865992] [django.template:878] [DEBUG]- Exception while resolving variable 'project' in template 'autoTest/env_index.html'.
Traceback (most recent call last):
  File "C:\Python36\lib\site-packages\django\template\base.py", line 835, in _resolve_lookup
    current = current[bit]
TypeError: 'Environment' object is not subscriptable

During handling of the above exception, another exception occurred:

Traceback (most recent call last):
  File "C:\Python36\lib\site-packages\django\template\base.py", line 843, in _resolve_lookup
    current = getattr(current, bit)
AttributeError: 'Environment' object has no attribute 'project'

During handling of the above exception, another exception occurred:

Traceback (most recent call last):
  File "C:\Python36\lib\site-packages\django\template\base.py", line 849, in _resolve_lookup
    current = current[int(bit)]
ValueError: invalid literal for int() with base 10: 'project'

During handling of the above exception, another exception occurred:

Traceback (most recent call last):
  File "C:\Python36\lib\site-packages\django\template\base.py", line 856, in _resolve_lookup
    (bit, current))  # missing attribute
django.template.base.VariableDoesNotExist: Failed lookup for key [project] in ±¾µØ»·¾³
2019-02-13 11:50:06,364 [Thread-94:90865992] [django.template:878] [DEBUG]- Exception while resolving variable 'pro_id' in template 'autoTest/env_index.html'.
Traceback (most recent call last):
  File "C:\Python36\lib\site-packages\django\template\base.py", line 835, in _resolve_lookup
    current = current[bit]
TypeError: 'NoneType' object is not subscriptable

During handling of the above exception, another exception occurred:

Traceback (most recent call last):
  File "C:\Python36\lib\site-packages\django\template\base.py", line 843, in _resolve_lookup
    current = getattr(current, bit)
AttributeError: 'NoneType' object has no attribute 'pro_id'

During handling of the above exception, another exception occurred:

Traceback (most recent call last):
  File "C:\Python36\lib\site-packages\django\template\base.py", line 849, in _resolve_lookup
    current = current[int(bit)]
ValueError: invalid literal for int() with base 10: 'pro_id'

During handling of the above exception, another exception occurred:

Traceback (most recent call last):
  File "C:\Python36\lib\site-packages\django\template\base.py", line 856, in _resolve_lookup
    (bit, current))  # missing attribute
django.template.base.VariableDoesNotExist: Failed lookup for key [pro_id] in None
2019-02-13 11:50:06,366 [Thread-94:90865992] [django.server:124] [INFO]- "GET /autoTest/env_index/ HTTP/1.1" 200 11894
2019-02-13 11:50:07,010 [Thread-95:90865736] [django.db.backends:111] [DEBUG]- (0.009) SELECT @@SQL_AUTO_IS_NULL; args=None
2019-02-13 11:50:07,017 [Thread-95:90865736] [django.db.backends:111] [DEBUG]- (0.007) SET SESSION TRANSACTION ISOLATION LEVEL READ COMMITTED; args=None
2019-02-13 11:50:07,024 [Thread-95:90865736] [django.db.backends:111] [DEBUG]- (0.006) SELECT COUNT(*) AS `__count` FROM `autoTest_api`; args=()
2019-02-13 11:50:07,035 [Thread-95:90865736] [django.db.backends:111] [DEBUG]- (0.007) SELECT `autoTest_project`.`pro_id`, `autoTest_project`.`pro_name`, `autoTest_project`.`description` FROM `autoTest_project`; args=()
2019-02-13 11:50:07,045 [Thread-95:90865736] [django.db.backends:111] [DEBUG]- (0.009) SELECT `autoTest_api`.`api_id`, `autoTest_api`.`api_name`, `autoTest_api`.`api_path`, `autoTest_api`.`method`, `autoTest_api`.`headers`, `autoTest_api`.`content_type`, `autoTest_api`.`body`, `autoTest_api`.`description`, `autoTest_api`.`validate`, `autoTest_api`.`encry_flag`, `autoTest_api`.`necessaryFlag_dict`, `autoTest_api`.`dataType_dict`, `autoTest_api`.`description_dict`, `autoTest_api`.`relative_enc`, `autoTest_api`.`relative_pro`, `autoTest_api`.`mock_status`, `autoTest_api`.`default_mockServer_id` FROM `autoTest_api` ORDER BY `autoTest_api`.`api_id` ASC LIMIT 3; args=()
2019-02-13 11:50:07,046 [Thread-95:90865736] [django.template:878] [DEBUG]- Exception while resolving variable 'pro_id' in template 'autoTest/api_index.html'.
Traceback (most recent call last):
  File "C:\Python36\lib\site-packages\django\template\base.py", line 835, in _resolve_lookup
    current = current[bit]
TypeError: 'NoneType' object is not subscriptable

During handling of the above exception, another exception occurred:

Traceback (most recent call last):
  File "C:\Python36\lib\site-packages\django\template\base.py", line 843, in _resolve_lookup
    current = getattr(current, bit)
AttributeError: 'NoneType' object has no attribute 'pro_id'

During handling of the above exception, another exception occurred:

Traceback (most recent call last):
  File "C:\Python36\lib\site-packages\django\template\base.py", line 849, in _resolve_lookup
    current = current[int(bit)]
ValueError: invalid literal for int() with base 10: 'pro_id'

During handling of the above exception, another exception occurred:

Traceback (most recent call last):
  File "C:\Python36\lib\site-packages\django\template\base.py", line 856, in _resolve_lookup
    (bit, current))  # missing attribute
django.template.base.VariableDoesNotExist: Failed lookup for key [pro_id] in None
2019-02-13 11:50:07,048 [Thread-95:90865736] [django.server:124] [INFO]- "GET /autoTest/api_index/ HTTP/1.1" 200 12447
2019-02-13 11:50:08,119 [Thread-96:87177032] [django.db.backends:111] [DEBUG]- (0.008) SELECT @@SQL_AUTO_IS_NULL; args=None
2019-02-13 11:50:08,127 [Thread-96:87177032] [django.db.backends:111] [DEBUG]- (0.008) SET SESSION TRANSACTION ISOLATION LEVEL READ COMMITTED; args=None
2019-02-13 11:50:08,136 [Thread-96:87177032] [django.db.backends:111] [DEBUG]- (0.008) SELECT COUNT(*) AS `__count` FROM `autoTest_teststep`; args=()
2019-02-13 11:50:08,148 [Thread-96:87177032] [django.db.backends:111] [DEBUG]- (0.008) SELECT `autoTest_project`.`pro_id`, `autoTest_project`.`pro_name`, `autoTest_project`.`description` FROM `autoTest_project`; args=()
2019-02-13 11:50:08,161 [Thread-96:87177032] [django.db.backends:111] [DEBUG]- (0.011) SELECT `autoTest_teststep`.`testStep_id`, `autoTest_teststep`.`testStep_name`, `autoTest_teststep`.`skip`, `autoTest_teststep`.`skipIf`, `autoTest_teststep`.`skipUnless`, `autoTest_teststep`.`times`, `autoTest_teststep`.`variables`, `autoTest_teststep`.`url`, `autoTest_teststep`.`headers`, `autoTest_teststep`.`content_type`, `autoTest_teststep`.`method`, `autoTest_teststep`.`body`, `autoTest_teststep`.`description`, `autoTest_teststep`.`extract`, `autoTest_teststep`.`validate`, `autoTest_teststep`.`setup_hooks`, `autoTest_teststep`.`teardown_hooks`, `autoTest_teststep`.`necessaryFlag_dict`, `autoTest_teststep`.`dataType_dict`, `autoTest_teststep`.`description_dict`, `autoTest_teststep`.`relative_api`, `autoTest_teststep`.`relative_pro` FROM `autoTest_teststep` ORDER BY `autoTest_teststep`.`testStep_id` ASC LIMIT 3; args=()
2019-02-13 11:50:08,165 [Thread-96:87177032] [django.server:124] [INFO]- "GET /autoTest/testStep_index/ HTTP/1.1" 200 20735
2019-02-13 11:50:09,233 [Thread-97:90865736] [django.db.backends:111] [DEBUG]- (0.007) SELECT @@SQL_AUTO_IS_NULL; args=None
2019-02-13 11:50:09,240 [Thread-97:90865736] [django.db.backends:111] [DEBUG]- (0.006) SET SESSION TRANSACTION ISOLATION LEVEL READ COMMITTED; args=None
2019-02-13 11:50:09,248 [Thread-97:90865736] [django.db.backends:111] [DEBUG]- (0.007) SELECT COUNT(*) AS `__count` FROM `autoTest_testcases`; args=()
2019-02-13 11:50:09,260 [Thread-97:90865736] [django.db.backends:111] [DEBUG]- (0.008) SELECT `autoTest_testcases`.`testCases_id`, `autoTest_testcases`.`testCases_name`, `autoTest_testcases`.`testSuite_function`, `autoTest_testcases`.`parameters`, `autoTest_testcases`.`variables`, `autoTest_testcases`.`headers`, `autoTest_testcases`.`description`, `autoTest_testcases`.`setup_hooks`, `autoTest_testcases`.`teardown_hooks`, `autoTest_testcases`.`output`, `autoTest_testcases`.`testCases_list`, `autoTest_testcases`.`dataType_dict`, `autoTest_testcases`.`description_dict`, `autoTest_testcases`.`file_path` FROM `autoTest_testcases` ORDER BY `autoTest_testcases`.`testCases_id` ASC LIMIT 1; args=()
2019-02-13 11:50:09,262 [Thread-97:90865736] [django.server:124] [INFO]- "GET /autoTest/testCases_index/ HTTP/1.1" 200 16628
2019-02-13 11:50:10,738 [Thread-98:87177032] [django.db.backends:111] [DEBUG]- (0.009) SELECT @@SQL_AUTO_IS_NULL; args=None
2019-02-13 11:50:10,746 [Thread-98:87177032] [django.db.backends:111] [DEBUG]- (0.008) SET SESSION TRANSACTION ISOLATION LEVEL READ COMMITTED; args=None
2019-02-13 11:50:10,759 [Thread-98:87177032] [django.db.backends:111] [DEBUG]- (0.012) SELECT COUNT(*) AS `__count` FROM `autoTest_report`; args=()
2019-02-13 11:50:10,764 [Thread-98:87177032] [django.server:124] [INFO]- "GET /autoTest/report_index/ HTTP/1.1" 200 9463
2019-02-13 11:50:12,148 [Thread-99:90865736] [django.db.backends:111] [DEBUG]- (0.006) SELECT @@SQL_AUTO_IS_NULL; args=None
2019-02-13 11:50:12,154 [Thread-99:90865736] [django.db.backends:111] [DEBUG]- (0.005) SET SESSION TRANSACTION ISOLATION LEVEL READ COMMITTED; args=None
2019-02-13 11:50:12,165 [Thread-99:90865736] [django.db.backends:111] [DEBUG]- (0.006) SELECT COUNT(*) AS `__count` FROM `django_celery_beat_periodictask`; args=()
2019-02-13 11:50:12,172 [Thread-99:90865736] [django.db.backends:111] [DEBUG]- (0.006) SELECT `django_celery_beat_intervalschedule`.`id`, `django_celery_beat_intervalschedule`.`every`, `django_celery_beat_intervalschedule`.`period` FROM `django_celery_beat_intervalschedule` ORDER BY `django_celery_beat_intervalschedule`.`id` ASC; args=()
2019-02-13 11:50:12,179 [Thread-99:90865736] [django.db.backends:111] [DEBUG]- (0.006) SELECT `django_celery_beat_crontabschedule`.`id`, `django_celery_beat_crontabschedule`.`minute`, `django_celery_beat_crontabschedule`.`hour`, `django_celery_beat_crontabschedule`.`day_of_week`, `django_celery_beat_crontabschedule`.`day_of_month`, `django_celery_beat_crontabschedule`.`month_of_year`, `django_celery_beat_crontabschedule`.`timezone` FROM `django_celery_beat_crontabschedule` ORDER BY `django_celery_beat_crontabschedule`.`id` ASC; args=()
2019-02-13 11:50:12,191 [Thread-99:90865736] [django.db.backends:111] [DEBUG]- (0.008) SELECT `django_celery_beat_periodictask`.`id`, `django_celery_beat_periodictask`.`name`, `django_celery_beat_periodictask`.`task`, `django_celery_beat_periodictask`.`interval_id`, `django_celery_beat_periodictask`.`crontab_id`, `django_celery_beat_periodictask`.`solar_id`, `django_celery_beat_periodictask`.`args`, `django_celery_beat_periodictask`.`kwargs`, `django_celery_beat_periodictask`.`queue`, `django_celery_beat_periodictask`.`exchange`, `django_celery_beat_periodictask`.`routing_key`, `django_celery_beat_periodictask`.`priority`, `django_celery_beat_periodictask`.`expires`, `django_celery_beat_periodictask`.`one_off`, `django_celery_beat_periodictask`.`start_time`, `django_celery_beat_periodictask`.`enabled`, `django_celery_beat_periodictask`.`last_run_at`, `django_celery_beat_periodictask`.`total_run_count`, `django_celery_beat_periodictask`.`date_changed`, `django_celery_beat_periodictask`.`description` FROM `django_celery_beat_periodictask` ORDER BY `django_celery_beat_periodictask`.`id` ASC LIMIT 3; args=()
2019-02-13 11:50:12,194 [Thread-99:90865736] [django.server:124] [INFO]- "GET /autoTest/plan_index/ HTTP/1.1" 200 13446
2019-02-13 11:50:18,690 [Thread-100:87177032] [django.db.backends:111] [DEBUG]- (0.005) SELECT @@SQL_AUTO_IS_NULL; args=None
2019-02-13 11:50:18,697 [Thread-100:87177032] [django.db.backends:111] [DEBUG]- (0.006) SET SESSION TRANSACTION ISOLATION LEVEL READ COMMITTED; args=None
2019-02-13 11:50:18,704 [Thread-100:87177032] [django.db.backends:111] [DEBUG]- (0.006) SELECT COUNT(*) AS `__count` FROM `autoTest_api`; args=()
2019-02-13 11:50:18,714 [Thread-100:87177032] [django.db.backends:111] [DEBUG]- (0.009) SELECT `autoTest_api`.`api_id`, `autoTest_api`.`api_name`, `autoTest_api`.`api_path`, `autoTest_api`.`method`, `autoTest_api`.`headers`, `autoTest_api`.`content_type`, `autoTest_api`.`body`, `autoTest_api`.`description`, `autoTest_api`.`validate`, `autoTest_api`.`encry_flag`, `autoTest_api`.`necessaryFlag_dict`, `autoTest_api`.`dataType_dict`, `autoTest_api`.`description_dict`, `autoTest_api`.`relative_enc`, `autoTest_api`.`relative_pro`, `autoTest_api`.`mock_status`, `autoTest_api`.`default_mockServer_id` FROM `autoTest_api` LIMIT 3; args=()
2019-02-13 11:50:18,724 [Thread-100:87177032] [django.db.backends:111] [DEBUG]- (0.008) SELECT VERSION(); args=None
2019-02-13 11:50:18,738 [Thread-100:87177032] [django.db.backends:111] [DEBUG]- (0.011) SELECT `autoTest_api`.`api_id`, `autoTest_api`.`api_name`, `autoTest_api`.`api_path`, `autoTest_api`.`method`, `autoTest_api`.`headers`, `autoTest_api`.`content_type`, `autoTest_api`.`body`, `autoTest_api`.`description`, `autoTest_api`.`validate`, `autoTest_api`.`encry_flag`, `autoTest_api`.`necessaryFlag_dict`, `autoTest_api`.`dataType_dict`, `autoTest_api`.`description_dict`, `autoTest_api`.`relative_enc`, `autoTest_api`.`relative_pro`, `autoTest_api`.`mock_status`, `autoTest_api`.`default_mockServer_id` FROM `autoTest_api` WHERE `autoTest_api`.`api_id` = 1; args=(1,)
2019-02-13 11:50:18,747 [Thread-100:87177032] [django.db.backends:111] [DEBUG]- (0.008) SELECT `autoTest_mockserver`.`mockServer_id`, `autoTest_mockserver`.`mockServer_name`, `autoTest_mockserver`.`uri`, `autoTest_mockserver`.`relative_pro`, `autoTest_mockserver`.`relative_api`, `autoTest_mockserver`.`setup_hooks`, `autoTest_mockserver`.`teardown_hooks`, `autoTest_mockserver`.`expect_status_code`, `autoTest_mockserver`.`expect_headers`, `autoTest_mockserver`.`expect_response_content_type`, `autoTest_mockserver`.`expect_response`, `autoTest_mockserver`.`mock_status`, `autoTest_mockserver`.`conditions`, `autoTest_mockserver`.`description` FROM `autoTest_mockserver` WHERE `autoTest_mockserver`.`mockServer_id` = 2; args=(2,)
2019-02-13 11:50:18,756 [Thread-100:87177032] [django.db.backends:111] [DEBUG]- (0.008) SELECT `autoTest_mockserver`.`mockServer_id`, `autoTest_mockserver`.`mockServer_name`, `autoTest_mockserver`.`uri`, `autoTest_mockserver`.`relative_pro`, `autoTest_mockserver`.`relative_api`, `autoTest_mockserver`.`setup_hooks`, `autoTest_mockserver`.`teardown_hooks`, `autoTest_mockserver`.`expect_status_code`, `autoTest_mockserver`.`expect_headers`, `autoTest_mockserver`.`expect_response_content_type`, `autoTest_mockserver`.`expect_response`, `autoTest_mockserver`.`mock_status`, `autoTest_mockserver`.`conditions`, `autoTest_mockserver`.`description` FROM `autoTest_mockserver` WHERE (`autoTest_mockserver`.`relative_api` = '1' AND `autoTest_mockserver`.`conditions` = ''); args=('1', '')
2019-02-13 11:50:18,767 [Thread-100:87177032] [django.db.backends:111] [DEBUG]- (0.008) SELECT `autoTest_api`.`api_id`, `autoTest_api`.`api_name`, `autoTest_api`.`api_path`, `autoTest_api`.`method`, `autoTest_api`.`headers`, `autoTest_api`.`content_type`, `autoTest_api`.`body`, `autoTest_api`.`description`, `autoTest_api`.`validate`, `autoTest_api`.`encry_flag`, `autoTest_api`.`necessaryFlag_dict`, `autoTest_api`.`dataType_dict`, `autoTest_api`.`description_dict`, `autoTest_api`.`relative_enc`, `autoTest_api`.`relative_pro`, `autoTest_api`.`mock_status`, `autoTest_api`.`default_mockServer_id` FROM `autoTest_api` WHERE `autoTest_api`.`api_id` = 3; args=(3,)
2019-02-13 11:50:18,776 [Thread-100:87177032] [django.db.backends:111] [DEBUG]- (0.007) SELECT `autoTest_mockserver`.`mockServer_id`, `autoTest_mockserver`.`mockServer_name`, `autoTest_mockserver`.`uri`, `autoTest_mockserver`.`relative_pro`, `autoTest_mockserver`.`relative_api`, `autoTest_mockserver`.`setup_hooks`, `autoTest_mockserver`.`teardown_hooks`, `autoTest_mockserver`.`expect_status_code`, `autoTest_mockserver`.`expect_headers`, `autoTest_mockserver`.`expect_response_content_type`, `autoTest_mockserver`.`expect_response`, `autoTest_mockserver`.`mock_status`, `autoTest_mockserver`.`conditions`, `autoTest_mockserver`.`description` FROM `autoTest_mockserver` WHERE (`autoTest_mockserver`.`relative_api` = '3' AND `autoTest_mockserver`.`conditions` = ''); args=('3', '')
2019-02-13 11:50:18,786 [Thread-100:87177032] [django.db.backends:111] [DEBUG]- (0.009) SELECT `autoTest_api`.`api_id`, `autoTest_api`.`api_name`, `autoTest_api`.`api_path`, `autoTest_api`.`method`, `autoTest_api`.`headers`, `autoTest_api`.`content_type`, `autoTest_api`.`body`, `autoTest_api`.`description`, `autoTest_api`.`validate`, `autoTest_api`.`encry_flag`, `autoTest_api`.`necessaryFlag_dict`, `autoTest_api`.`dataType_dict`, `autoTest_api`.`description_dict`, `autoTest_api`.`relative_enc`, `autoTest_api`.`relative_pro`, `autoTest_api`.`mock_status`, `autoTest_api`.`default_mockServer_id` FROM `autoTest_api` WHERE `autoTest_api`.`api_id` = 4; args=(4,)
2019-02-13 11:50:18,808 [Thread-100:87177032] [django.db.backends:111] [DEBUG]- (0.019) SELECT `autoTest_mockserver`.`mockServer_id`, `autoTest_mockserver`.`mockServer_name`, `autoTest_mockserver`.`uri`, `autoTest_mockserver`.`relative_pro`, `autoTest_mockserver`.`relative_api`, `autoTest_mockserver`.`setup_hooks`, `autoTest_mockserver`.`teardown_hooks`, `autoTest_mockserver`.`expect_status_code`, `autoTest_mockserver`.`expect_headers`, `autoTest_mockserver`.`expect_response_content_type`, `autoTest_mockserver`.`expect_response`, `autoTest_mockserver`.`mock_status`, `autoTest_mockserver`.`conditions`, `autoTest_mockserver`.`description` FROM `autoTest_mockserver` WHERE (`autoTest_mockserver`.`relative_api` = '4' AND `autoTest_mockserver`.`conditions` = ''); args=('4', '')
2019-02-13 11:50:18,821 [Thread-100:87177032] [django.db.backends:111] [DEBUG]- (0.007) SELECT `autoTest_project`.`pro_id`, `autoTest_project`.`pro_name`, `autoTest_project`.`description` FROM `autoTest_project`; args=()
2019-02-13 11:50:18,823 [Thread-100:87177032] [django.template:878] [DEBUG]- Exception while resolving variable 'pro_id' in template 'autoTest/mockServer_index.html'.
Traceback (most recent call last):
  File "C:\Python36\lib\site-packages\django\template\base.py", line 835, in _resolve_lookup
    current = current[bit]
TypeError: 'NoneType' object is not subscriptable

During handling of the above exception, another exception occurred:

Traceback (most recent call last):
  File "C:\Python36\lib\site-packages\django\template\base.py", line 843, in _resolve_lookup
    current = getattr(current, bit)
AttributeError: 'NoneType' object has no attribute 'pro_id'

During handling of the above exception, another exception occurred:

Traceback (most recent call last):
  File "C:\Python36\lib\site-packages\django\template\base.py", line 849, in _resolve_lookup
    current = current[int(bit)]
ValueError: invalid literal for int() with base 10: 'pro_id'

During handling of the above exception, another exception occurred:

Traceback (most recent call last):
  File "C:\Python36\lib\site-packages\django\template\base.py", line 856, in _resolve_lookup
    (bit, current))  # missing attribute
django.template.base.VariableDoesNotExist: Failed lookup for key [pro_id] in None
2019-02-13 11:50:18,828 [Thread-100:87177032] [django.server:124] [INFO]- "GET /autoTest/mockServer_index/ HTTP/1.1" 200 18584
2019-02-13 11:50:24,740 [Thread-101:90865736] [django.db.backends:111] [DEBUG]- (0.007) SELECT @@SQL_AUTO_IS_NULL; args=None
2019-02-13 11:50:24,749 [Thread-101:90865736] [django.db.backends:111] [DEBUG]- (0.008) SET SESSION TRANSACTION ISOLATION LEVEL READ COMMITTED; args=None
2019-02-13 11:50:24,760 [Thread-101:90865736] [django.db.backends:111] [DEBUG]- (0.009) SELECT COUNT(*) AS `__count` FROM `autoTest_encryption`; args=()
2019-02-13 11:50:24,770 [Thread-101:90865736] [django.db.backends:111] [DEBUG]- (0.007) SELECT `autoTest_encryption`.`encry_id`, `autoTest_encryption`.`encry_name`, `autoTest_encryption`.`encry_function`, `autoTest_encryption`.`description` FROM `autoTest_encryption` ORDER BY `autoTest_encryption`.`encry_id` ASC LIMIT 1; args=()
2019-02-13 11:50:24,772 [Thread-101:90865736] [django.server:124] [INFO]- "GET /autoTest/encry_index/ HTTP/1.1" 200 10209
2019-02-13 11:50:29,873 [Thread-102:87177032] [django.db.backends:111] [DEBUG]- (0.007) SELECT @@SQL_AUTO_IS_NULL; args=None
2019-02-13 11:50:29,880 [Thread-102:87177032] [django.db.backends:111] [DEBUG]- (0.007) SET SESSION TRANSACTION ISOLATION LEVEL READ COMMITTED; args=None
2019-02-13 11:50:29,887 [Thread-102:87177032] [django.db.backends:111] [DEBUG]- (0.007) SELECT COUNT(*) AS `__count` FROM `autoTest_testcases`; args=()
2019-02-13 11:50:29,901 [Thread-102:87177032] [django.db.backends:111] [DEBUG]- (0.010) SELECT `autoTest_testcases`.`testCases_id`, `autoTest_testcases`.`testCases_name`, `autoTest_testcases`.`testSuite_function`, `autoTest_testcases`.`parameters`, `autoTest_testcases`.`variables`, `autoTest_testcases`.`headers`, `autoTest_testcases`.`description`, `autoTest_testcases`.`setup_hooks`, `autoTest_testcases`.`teardown_hooks`, `autoTest_testcases`.`output`, `autoTest_testcases`.`testCases_list`, `autoTest_testcases`.`dataType_dict`, `autoTest_testcases`.`description_dict`, `autoTest_testcases`.`file_path` FROM `autoTest_testcases` ORDER BY `autoTest_testcases`.`testCases_id` ASC LIMIT 1; args=()
2019-02-13 11:50:29,903 [Thread-102:87177032] [django.server:124] [INFO]- "GET /autoTest/testCases_index/ HTTP/1.1" 200 16628
2019-02-13 12:23:36,871 [Thread-104:87177032] [django.db.backends:111] [DEBUG]- (0.009) SELECT @@SQL_AUTO_IS_NULL; args=None
2019-02-13 12:23:36,880 [Thread-104:87177032] [django.db.backends:111] [DEBUG]- (0.009) SET SESSION TRANSACTION ISOLATION LEVEL READ COMMITTED; args=None
2019-02-13 12:23:36,890 [Thread-104:87177032] [django.db.backends:111] [DEBUG]- (0.009) SELECT COUNT(*) AS `__count` FROM `autoTest_teststep`; args=()
2019-02-13 12:23:36,904 [Thread-104:87177032] [django.db.backends:111] [DEBUG]- (0.009) SELECT `autoTest_project`.`pro_id`, `autoTest_project`.`pro_name`, `autoTest_project`.`description` FROM `autoTest_project`; args=()
2019-02-13 12:23:36,917 [Thread-104:87177032] [django.db.backends:111] [DEBUG]- (0.012) SELECT `autoTest_teststep`.`testStep_id`, `autoTest_teststep`.`testStep_name`, `autoTest_teststep`.`skip`, `autoTest_teststep`.`skipIf`, `autoTest_teststep`.`skipUnless`, `autoTest_teststep`.`times`, `autoTest_teststep`.`variables`, `autoTest_teststep`.`url`, `autoTest_teststep`.`headers`, `autoTest_teststep`.`content_type`, `autoTest_teststep`.`method`, `autoTest_teststep`.`body`, `autoTest_teststep`.`description`, `autoTest_teststep`.`extract`, `autoTest_teststep`.`validate`, `autoTest_teststep`.`setup_hooks`, `autoTest_teststep`.`teardown_hooks`, `autoTest_teststep`.`necessaryFlag_dict`, `autoTest_teststep`.`dataType_dict`, `autoTest_teststep`.`description_dict`, `autoTest_teststep`.`relative_api`, `autoTest_teststep`.`relative_pro` FROM `autoTest_teststep` ORDER BY `autoTest_teststep`.`testStep_id` ASC LIMIT 3; args=()
2019-02-13 12:23:36,920 [Thread-104:87177032] [django.server:124] [INFO]- "GET /autoTest/testStep_index/ HTTP/1.1" 200 20735
2019-02-13 12:23:37,659 [Thread-105:90865736] [django.db.backends:111] [DEBUG]- (0.008) SELECT @@SQL_AUTO_IS_NULL; args=None
2019-02-13 12:23:37,667 [Thread-105:90865736] [django.db.backends:111] [DEBUG]- (0.008) SET SESSION TRANSACTION ISOLATION LEVEL READ COMMITTED; args=None
2019-02-13 12:23:37,676 [Thread-105:90865736] [django.db.backends:111] [DEBUG]- (0.008) SELECT COUNT(*) AS `__count` FROM `autoTest_testcases`; args=()
2019-02-13 12:23:37,691 [Thread-105:90865736] [django.db.backends:111] [DEBUG]- (0.010) SELECT `autoTest_testcases`.`testCases_id`, `autoTest_testcases`.`testCases_name`, `autoTest_testcases`.`testSuite_function`, `autoTest_testcases`.`parameters`, `autoTest_testcases`.`variables`, `autoTest_testcases`.`headers`, `autoTest_testcases`.`description`, `autoTest_testcases`.`setup_hooks`, `autoTest_testcases`.`teardown_hooks`, `autoTest_testcases`.`output`, `autoTest_testcases`.`testCases_list`, `autoTest_testcases`.`dataType_dict`, `autoTest_testcases`.`description_dict`, `autoTest_testcases`.`file_path` FROM `autoTest_testcases` ORDER BY `autoTest_testcases`.`testCases_id` ASC LIMIT 1; args=()
2019-02-13 12:23:37,693 [Thread-105:90865736] [django.server:124] [INFO]- "GET /autoTest/testCases_index/ HTTP/1.1" 200 16628
2019-02-13 12:24:02,424 [Thread-107:87177032] [django.db.backends:111] [DEBUG]- (0.009) SELECT @@SQL_AUTO_IS_NULL; args=None
2019-02-13 12:24:02,434 [Thread-107:87177032] [django.db.backends:111] [DEBUG]- (0.010) SET SESSION TRANSACTION ISOLATION LEVEL READ COMMITTED; args=None
2019-02-13 12:24:02,443 [Thread-107:87177032] [django.db.backends:111] [DEBUG]- (0.009) SELECT VERSION(); args=None
2019-02-13 12:24:02,501 [Thread-107:87177032] [django.db.backends:111] [DEBUG]- (0.009) SET SESSION TRANSACTION ISOLATION LEVEL READ COMMITTED; args=None
2019-02-13 12:24:02,512 [Thread-107:87177032] [django.db.backends:111] [DEBUG]- (0.011) SELECT `autoTest_testcases`.`testCases_id`, `autoTest_testcases`.`testCases_name`, `autoTest_testcases`.`testSuite_function`, `autoTest_testcases`.`parameters`, `autoTest_testcases`.`variables`, `autoTest_testcases`.`headers`, `autoTest_testcases`.`description`, `autoTest_testcases`.`setup_hooks`, `autoTest_testcases`.`teardown_hooks`, `autoTest_testcases`.`output`, `autoTest_testcases`.`testCases_list`, `autoTest_testcases`.`dataType_dict`, `autoTest_testcases`.`description_dict`, `autoTest_testcases`.`file_path` FROM `autoTest_testcases` WHERE `autoTest_testcases`.`testCases_id` = 10; args=(10,)
2019-02-13 12:24:02,525 [Thread-107:87177032] [django.db.backends:111] [DEBUG]- (0.012) SELECT `autoTest_teststep`.`testStep_id`, `autoTest_teststep`.`testStep_name`, `autoTest_teststep`.`skip`, `autoTest_teststep`.`skipIf`, `autoTest_teststep`.`skipUnless`, `autoTest_teststep`.`times`, `autoTest_teststep`.`variables`, `autoTest_teststep`.`url`, `autoTest_teststep`.`headers`, `autoTest_teststep`.`content_type`, `autoTest_teststep`.`method`, `autoTest_teststep`.`body`, `autoTest_teststep`.`description`, `autoTest_teststep`.`extract`, `autoTest_teststep`.`validate`, `autoTest_teststep`.`setup_hooks`, `autoTest_teststep`.`teardown_hooks`, `autoTest_teststep`.`necessaryFlag_dict`, `autoTest_teststep`.`dataType_dict`, `autoTest_teststep`.`description_dict`, `autoTest_teststep`.`relative_api`, `autoTest_teststep`.`relative_pro` FROM `autoTest_teststep` WHERE `autoTest_teststep`.`testStep_id` = 1; args=(1,)
2019-02-13 12:24:02,527 [Thread-107:87177032] [django.server:124] [INFO]- "POST /autoTest/find_data/ HTTP/1.1" 200 227
2019-02-13 12:24:06,826 [Thread-108:101961032] [django.db.backends:111] [DEBUG]- (0.009) SELECT @@SQL_AUTO_IS_NULL; args=None
2019-02-13 12:24:06,837 [Thread-108:101961032] [django.db.backends:111] [DEBUG]- (0.010) SET SESSION TRANSACTION ISOLATION LEVEL READ COMMITTED; args=None
2019-02-13 12:24:06,847 [Thread-108:101961032] [django.db.backends:111] [DEBUG]- (0.010) SELECT VERSION(); args=None
2019-02-13 12:24:06,895 [Thread-108:101961032] [django.db.backends:111] [DEBUG]- (0.008) SET SESSION TRANSACTION ISOLATION LEVEL READ COMMITTED; args=None
2019-02-13 12:24:06,904 [Thread-108:101961032] [django.db.backends:111] [DEBUG]- (0.009) SELECT `autoTest_testcases`.`testCases_id`, `autoTest_testcases`.`testCases_name`, `autoTest_testcases`.`testSuite_function`, `autoTest_testcases`.`parameters`, `autoTest_testcases`.`variables`, `autoTest_testcases`.`headers`, `autoTest_testcases`.`description`, `autoTest_testcases`.`setup_hooks`, `autoTest_testcases`.`teardown_hooks`, `autoTest_testcases`.`output`, `autoTest_testcases`.`testCases_list`, `autoTest_testcases`.`dataType_dict`, `autoTest_testcases`.`description_dict`, `autoTest_testcases`.`file_path` FROM `autoTest_testcases` WHERE `autoTest_testcases`.`testCases_id` = 10; args=(10,)
2019-02-13 12:24:07,107 [Thread-108:101961032] [django.server:124] [INFO]- "POST /autoTest/testCases_run/ HTTP/1.1" 200 138
2019-02-13 12:28:46,446 [DummyThread-1:87176520] [django.db.backends:111] [DEBUG]- (0.010) SELECT @@SQL_AUTO_IS_NULL; args=None
2019-02-13 12:28:46,455 [DummyThread-1:87176520] [django.db.backends:111] [DEBUG]- (0.009) SET SESSION TRANSACTION ISOLATION LEVEL READ COMMITTED; args=None
2019-02-13 12:28:46,465 [DummyThread-1:87176520] [django.db.backends:111] [DEBUG]- (0.009) SELECT VERSION(); args=None
2019-02-13 12:28:46,757 [DummyThread-1:87176520] [django.db.backends:111] [DEBUG]- (0.008) SET SESSION TRANSACTION ISOLATION LEVEL READ COMMITTED; args=None
2019-02-13 12:28:46,768 [DummyThread-1:87176520] [django.db.backends:111] [DEBUG]- (0.011) SHOW FULL TABLES; args=None
2019-02-13 12:28:46,781 [DummyThread-1:87176520] [django.db.backends:111] [DEBUG]- (0.010) SELECT `django_migrations`.`app`, `django_migrations`.`name` FROM `django_migrations`; args=()
2019-02-13 17:02:25,765 [DummyThread-1:87307592] [django.db.backends:111] [DEBUG]- (0.009) SELECT @@SQL_AUTO_IS_NULL; args=None
2019-02-13 17:02:25,774 [DummyThread-1:87307592] [django.db.backends:111] [DEBUG]- (0.009) SET SESSION TRANSACTION ISOLATION LEVEL READ COMMITTED; args=None
2019-02-13 17:02:25,783 [DummyThread-1:87307592] [django.db.backends:111] [DEBUG]- (0.009) SELECT VERSION(); args=None
2019-02-13 17:02:26,139 [DummyThread-1:87307592] [django.db.backends:111] [DEBUG]- (0.009) SET SESSION TRANSACTION ISOLATION LEVEL READ COMMITTED; args=None
2019-02-13 17:02:26,150 [DummyThread-1:87307592] [django.db.backends:111] [DEBUG]- (0.010) SHOW FULL TABLES; args=None
2019-02-13 17:02:26,171 [DummyThread-1:87307592] [django.db.backends:111] [DEBUG]- (0.010) SELECT `django_migrations`.`app`, `django_migrations`.`name` FROM `django_migrations`; args=()
2019-02-13 17:02:26,404 [Thread-2:102158920] [django.server:124] [INFO]- "GET / HTTP/1.1" 200 7831
2019-02-13 17:02:28,815 [Thread-3:87308104] [django.db.backends:111] [DEBUG]- (0.007) SELECT @@SQL_AUTO_IS_NULL; args=None
2019-02-13 17:02:28,822 [Thread-3:87308104] [django.db.backends:111] [DEBUG]- (0.007) SET SESSION TRANSACTION ISOLATION LEVEL READ COMMITTED; args=None
2019-02-13 17:02:28,829 [Thread-3:87308104] [django.db.backends:111] [DEBUG]- (0.007) SELECT COUNT(*) AS `__count` FROM `autoTest_testcases`; args=()
2019-02-13 17:02:28,837 [Thread-3:87308104] [django.server:124] [INFO]- "GET /autoTest/testCases_index/ HTTP/1.1" 200 15814
2019-02-13 17:02:39,318 [Thread-5:102158920] [django.db.backends:111] [DEBUG]- (0.009) SELECT @@SQL_AUTO_IS_NULL; args=None
2019-02-13 17:02:39,329 [Thread-5:102158920] [django.db.backends:111] [DEBUG]- (0.011) SET SESSION TRANSACTION ISOLATION LEVEL READ COMMITTED; args=None
2019-02-13 17:02:39,341 [Thread-5:102158920] [django.db.backends:111] [DEBUG]- (0.011) SELECT `autoTest_teststep`.`testStep_id`, `autoTest_teststep`.`testStep_name`, `autoTest_teststep`.`skip`, `autoTest_teststep`.`skipIf`, `autoTest_teststep`.`skipUnless`, `autoTest_teststep`.`times`, `autoTest_teststep`.`variables`, `autoTest_teststep`.`url`, `autoTest_teststep`.`headers`, `autoTest_teststep`.`content_type`, `autoTest_teststep`.`method`, `autoTest_teststep`.`body`, `autoTest_teststep`.`description`, `autoTest_teststep`.`extract`, `autoTest_teststep`.`validate`, `autoTest_teststep`.`setup_hooks`, `autoTest_teststep`.`teardown_hooks`, `autoTest_teststep`.`necessaryFlag_dict`, `autoTest_teststep`.`dataType_dict`, `autoTest_teststep`.`description_dict`, `autoTest_teststep`.`relative_api`, `autoTest_teststep`.`relative_pro` FROM `autoTest_teststep` ORDER BY `autoTest_teststep`.`testStep_id` ASC; args=()
2019-02-13 17:02:39,354 [Thread-5:102158920] [django.db.backends:111] [DEBUG]- (0.010) SELECT `autoTest_testcases`.`testCases_id`, `autoTest_testcases`.`testCases_name`, `autoTest_testcases`.`testSuite_function`, `autoTest_testcases`.`parameters`, `autoTest_testcases`.`variables`, `autoTest_testcases`.`headers`, `autoTest_testcases`.`description`, `autoTest_testcases`.`setup_hooks`, `autoTest_testcases`.`teardown_hooks`, `autoTest_testcases`.`output`, `autoTest_testcases`.`testCases_list`, `autoTest_testcases`.`dataType_dict`, `autoTest_testcases`.`description_dict`, `autoTest_testcases`.`file_path` FROM `autoTest_testcases` ORDER BY `autoTest_testcases`.`testCases_id` ASC; args=()
2019-02-13 17:02:39,357 [Thread-5:102158920] [django.template:878] [DEBUG]- Exception while resolving variable 'testStep_id' in template 'autoTest/testCases_add.html'.
Traceback (most recent call last):
  File "C:\Python36\lib\site-packages\django\template\base.py", line 835, in _resolve_lookup
    current = current[bit]
TypeError: string indices must be integers

During handling of the above exception, another exception occurred:

Traceback (most recent call last):
  File "C:\Python36\lib\site-packages\django\template\base.py", line 843, in _resolve_lookup
    current = getattr(current, bit)
AttributeError: 'str' object has no attribute 'testStep_id'

During handling of the above exception, another exception occurred:

Traceback (most recent call last):
  File "C:\Python36\lib\site-packages\django\template\base.py", line 849, in _resolve_lookup
    current = current[int(bit)]
ValueError: invalid literal for int() with base 10: 'testStep_id'

During handling of the above exception, another exception occurred:

Traceback (most recent call last):
  File "C:\Python36\lib\site-packages\django\template\base.py", line 856, in _resolve_lookup
    (bit, current))  # missing attribute
django.template.base.VariableDoesNotExist: Failed lookup for key [testStep_id] in '<li name="testStep" value="1">ËÑË÷¹ÅÊ«´Ê×÷Õß¡ª¡ªÀî°×</li><li name="testStep" value="2">ËÑË÷¹ÅÊ«´Ê×÷Õß¡ª¡ª¶Å¸¦</li><li name="testStep" value="5">Ëæ»úÒ»Ê×Ê«´ÊÍÆ¼ö</li>'
2019-02-13 17:02:39,359 [Thread-5:102158920] [django.template:878] [DEBUG]- Exception while resolving variable 'testStep_name' in template 'autoTest/testCases_add.html'.
Traceback (most recent call last):
  File "C:\Python36\lib\site-packages\django\template\base.py", line 835, in _resolve_lookup
    current = current[bit]
TypeError: string indices must be integers

During handling of the above exception, another exception occurred:

Traceback (most recent call last):
  File "C:\Python36\lib\site-packages\django\template\base.py", line 843, in _resolve_lookup
    current = getattr(current, bit)
AttributeError: 'str' object has no attribute 'testStep_name'

During handling of the above exception, another exception occurred:

Traceback (most recent call last):
  File "C:\Python36\lib\site-packages\django\template\base.py", line 849, in _resolve_lookup
    current = current[int(bit)]
ValueError: invalid literal for int() with base 10: 'testStep_name'

During handling of the above exception, another exception occurred:

Traceback (most recent call last):
  File "C:\Python36\lib\site-packages\django\template\base.py", line 856, in _resolve_lookup
    (bit, current))  # missing attribute
django.template.base.VariableDoesNotExist: Failed lookup for key [testStep_name] in '<li name="testStep" value="1">ËÑË÷¹ÅÊ«´Ê×÷Õß¡ª¡ªÀî°×</li><li name="testStep" value="2">ËÑË÷¹ÅÊ«´Ê×÷Õß¡ª¡ª¶Å¸¦</li><li name="testStep" value="5">Ëæ»úÒ»Ê×Ê«´ÊÍÆ¼ö</li>'
2019-02-13 17:02:39,361 [Thread-5:102158920] [django.server:124] [INFO]- "GET /autoTest/testCases_add/ HTTP/1.1" 200 44944
2019-02-13 17:02:49,174 [Thread-6:102159688] [django.db.backends:111] [DEBUG]- (0.009) SELECT @@SQL_AUTO_IS_NULL; args=None
2019-02-13 17:02:49,182 [Thread-6:102159688] [django.db.backends:111] [DEBUG]- (0.008) SET SESSION TRANSACTION ISOLATION LEVEL READ COMMITTED; args=None
2019-02-13 17:02:49,192 [Thread-6:102159688] [django.db.backends:111] [DEBUG]- (0.008) SELECT VERSION(); args=None
2019-02-13 17:02:49,223 [Thread-6:102159688] [django.db.backends:111] [DEBUG]- (0.005) SET SESSION TRANSACTION ISOLATION LEVEL READ COMMITTED; args=None
2019-02-13 17:02:49,230 [Thread-6:102159688] [django.db.backends:111] [DEBUG]- (0.007) SELECT `autoTest_testcases`.`testCases_id`, `autoTest_testcases`.`testCases_name`, `autoTest_testcases`.`testSuite_function`, `autoTest_testcases`.`parameters`, `autoTest_testcases`.`variables`, `autoTest_testcases`.`headers`, `autoTest_testcases`.`description`, `autoTest_testcases`.`setup_hooks`, `autoTest_testcases`.`teardown_hooks`, `autoTest_testcases`.`output`, `autoTest_testcases`.`testCases_list`, `autoTest_testcases`.`dataType_dict`, `autoTest_testcases`.`description_dict`, `autoTest_testcases`.`file_path` FROM `autoTest_testcases` WHERE `autoTest_testcases`.`testSuite_function` = 'suiteFunction1550048569()'; args=('suiteFunction1550048569()',)
2019-02-13 17:02:49,244 [Thread-6:102159688] [django.db.backends:111] [DEBUG]- (0.006) INSERT INTO `autoTest_testcases` (`testCases_name`, `testSuite_function`, `parameters`, `variables`, `headers`, `description`, `setup_hooks`, `teardown_hooks`, `output`, `testCases_list`, `dataType_dict`, `description_dict`, `file_path`) VALUES ('µ÷ÊÔÓÃÀý¼¯111', 'suiteFunction1550048569()', '[]', '[]', '{}', 'µ÷ÊÔÓÃÀý¼¯111', '[]', '[]', '[  ]', '[\"1\"]', '{\"headers\":[],\"variables\":[],\"parameters\":[]}', '{\"headers\":[],\"variables\":[],\"parameters\":[]}', 'E:\\github\\testGo\\httprunner\\tests\\testcases\\µ÷ÊÔÓÃÀý¼¯111_1550048569.json'); args=['µ÷ÊÔÓÃÀý¼¯111', 'suiteFunction1550048569()', '[]', '[]', '{}', 'µ÷ÊÔÓÃÀý¼¯111', '[]', '[]', '[  ]', '["1"]', '{"headers":[],"variables":[],"parameters":[]}', '{"headers":[],"variables":[],"parameters":[]}', 'E:\\github\\testGo\\httprunner\\tests\\testcases\\µ÷ÊÔÓÃÀý¼¯111_1550048569.json']
2019-02-13 17:02:49,264 [Thread-6:102159688] [django.db.backends:111] [DEBUG]- (0.008) SELECT `autoTest_teststep`.`testStep_id`, `autoTest_teststep`.`testStep_name`, `autoTest_teststep`.`skip`, `autoTest_teststep`.`skipIf`, `autoTest_teststep`.`skipUnless`, `autoTest_teststep`.`times`, `autoTest_teststep`.`variables`, `autoTest_teststep`.`url`, `autoTest_teststep`.`headers`, `autoTest_teststep`.`content_type`, `autoTest_teststep`.`method`, `autoTest_teststep`.`body`, `autoTest_teststep`.`description`, `autoTest_teststep`.`extract`, `autoTest_teststep`.`validate`, `autoTest_teststep`.`setup_hooks`, `autoTest_teststep`.`teardown_hooks`, `autoTest_teststep`.`necessaryFlag_dict`, `autoTest_teststep`.`dataType_dict`, `autoTest_teststep`.`description_dict`, `autoTest_teststep`.`relative_api`, `autoTest_teststep`.`relative_pro` FROM `autoTest_teststep` WHERE `autoTest_teststep`.`testStep_id` = 1; args=(1,)
2019-02-13 17:02:49,271 [Thread-6:102159688] [django.server:124] [INFO]- "POST /autoTest/testCases_add/ HTTP/1.1" 302 0
2019-02-13 17:02:49,340 [Thread-7:102159688] [django.db.backends:111] [DEBUG]- (0.010) SELECT @@SQL_AUTO_IS_NULL; args=None
2019-02-13 17:02:49,349 [Thread-7:102159688] [django.db.backends:111] [DEBUG]- (0.009) SET SESSION TRANSACTION ISOLATION LEVEL READ COMMITTED; args=None
2019-02-13 17:02:49,360 [Thread-7:102159688] [django.db.backends:111] [DEBUG]- (0.010) SELECT COUNT(*) AS `__count` FROM `autoTest_testcases`; args=()
2019-02-13 17:02:49,376 [Thread-7:102159688] [django.db.backends:111] [DEBUG]- (0.011) SELECT `autoTest_testcases`.`testCases_id`, `autoTest_testcases`.`testCases_name`, `autoTest_testcases`.`testSuite_function`, `autoTest_testcases`.`parameters`, `autoTest_testcases`.`variables`, `autoTest_testcases`.`headers`, `autoTest_testcases`.`description`, `autoTest_testcases`.`setup_hooks`, `autoTest_testcases`.`teardown_hooks`, `autoTest_testcases`.`output`, `autoTest_testcases`.`testCases_list`, `autoTest_testcases`.`dataType_dict`, `autoTest_testcases`.`description_dict`, `autoTest_testcases`.`file_path` FROM `autoTest_testcases` ORDER BY `autoTest_testcases`.`testCases_id` ASC LIMIT 1; args=()
2019-02-13 17:02:49,378 [Thread-7:102159688] [django.server:124] [INFO]- "GET /autoTest/testCases_index/ HTTP/1.1" 200 16632
2019-02-13 17:02:50,782 [Thread-8:102159688] [django.db.backends:111] [DEBUG]- (0.006) SELECT @@SQL_AUTO_IS_NULL; args=None
2019-02-13 17:02:50,793 [Thread-8:102159688] [django.db.backends:111] [DEBUG]- (0.008) SET SESSION TRANSACTION ISOLATION LEVEL READ COMMITTED; args=None
2019-02-13 17:02:50,800 [Thread-8:102159688] [django.db.backends:111] [DEBUG]- (0.007) SELECT COUNT(*) AS `__count` FROM `autoTest_testcases`; args=()
2019-02-13 17:02:50,813 [Thread-8:102159688] [django.db.backends:111] [DEBUG]- (0.009) SELECT `autoTest_testcases`.`testCases_id`, `autoTest_testcases`.`testCases_name`, `autoTest_testcases`.`testSuite_function`, `autoTest_testcases`.`parameters`, `autoTest_testcases`.`variables`, `autoTest_testcases`.`headers`, `autoTest_testcases`.`description`, `autoTest_testcases`.`setup_hooks`, `autoTest_testcases`.`teardown_hooks`, `autoTest_testcases`.`output`, `autoTest_testcases`.`testCases_list`, `autoTest_testcases`.`dataType_dict`, `autoTest_testcases`.`description_dict`, `autoTest_testcases`.`file_path` FROM `autoTest_testcases` ORDER BY `autoTest_testcases`.`testCases_id` ASC LIMIT 1; args=()
2019-02-13 17:02:50,817 [Thread-8:102159688] [django.server:124] [INFO]- "GET /autoTest/testCases_index/ HTTP/1.1" 200 16632
2019-02-13 17:05:00,812 [Thread-10:102159944] [django.db.backends:111] [DEBUG]- (0.008) SELECT @@SQL_AUTO_IS_NULL; args=None
2019-02-13 17:05:00,821 [Thread-10:102159944] [django.db.backends:111] [DEBUG]- (0.008) SET SESSION TRANSACTION ISOLATION LEVEL READ COMMITTED; args=None
2019-02-13 17:05:00,832 [Thread-10:102159944] [django.db.backends:111] [DEBUG]- (0.010) SELECT VERSION(); args=None
2019-02-13 17:05:00,886 [Thread-10:102159944] [django.db.backends:111] [DEBUG]- (0.008) SET SESSION TRANSACTION ISOLATION LEVEL READ COMMITTED; args=None
2019-02-13 17:05:00,896 [Thread-10:102159944] [django.db.backends:111] [DEBUG]- (0.009) SELECT `autoTest_report`.`report_id`, `autoTest_report`.`report_name`, `autoTest_report`.`path`, `autoTest_report`.`relative_testCases`, `autoTest_report`.`create_time` FROM `autoTest_report` WHERE `autoTest_report`.`report_id` = 6; args=(6,)
2019-02-13 17:05:00,944 [Thread-10:102159944] [django.server:124] [ERROR]- "GET /autoTest/report_show/?report_id=6 HTTP/1.1" 500 82869
2019-02-13 17:10:32,917 [Thread-12:102159688] [django.db.backends:111] [DEBUG]- (0.005) SELECT @@SQL_AUTO_IS_NULL; args=None
2019-02-13 17:10:32,923 [Thread-12:102159688] [django.db.backends:111] [DEBUG]- (0.005) SET SESSION TRANSACTION ISOLATION LEVEL READ COMMITTED; args=None
2019-02-13 17:10:32,931 [Thread-12:102159688] [django.db.backends:111] [DEBUG]- (0.006) SELECT VERSION(); args=None
2019-02-13 17:10:32,995 [Thread-12:102159688] [django.db.backends:111] [DEBUG]- (0.010) SET SESSION TRANSACTION ISOLATION LEVEL READ COMMITTED; args=None
2019-02-13 17:10:33,011 [Thread-12:102159688] [django.db.backends:111] [DEBUG]- (0.011) SELECT `autoTest_report`.`report_id`, `autoTest_report`.`report_name`, `autoTest_report`.`path`, `autoTest_report`.`relative_testCases`, `autoTest_report`.`create_time` FROM `autoTest_report` WHERE `autoTest_report`.`report_id` = 7; args=(7,)
2019-02-13 17:10:33,046 [Thread-12:102159688] [django.server:124] [ERROR]- "GET /autoTest/report_show/?report_id=7 HTTP/1.1" 500 82640
2019-02-13 17:11:43,189 [Thread-14:102159944] [django.db.backends:111] [DEBUG]- (0.009) SELECT @@SQL_AUTO_IS_NULL; args=None
2019-02-13 17:11:43,681 [Thread-14:102159944] [django.db.backends:111] [DEBUG]- (0.491) SET SESSION TRANSACTION ISOLATION LEVEL READ COMMITTED; args=None
2019-02-13 17:11:43,689 [Thread-14:102159944] [django.db.backends:111] [DEBUG]- (0.007) SELECT VERSION(); args=None
2019-02-13 17:11:43,734 [Thread-14:102159944] [django.db.backends:111] [DEBUG]- (0.007) SET SESSION TRANSACTION ISOLATION LEVEL READ COMMITTED; args=None
2019-02-13 17:11:43,742 [Thread-14:102159944] [django.db.backends:111] [DEBUG]- (0.008) SELECT `autoTest_report`.`report_id`, `autoTest_report`.`report_name`, `autoTest_report`.`path`, `autoTest_report`.`relative_testCases`, `autoTest_report`.`create_time` FROM `autoTest_report` WHERE `autoTest_report`.`report_id` = 7; args=(7,)
2019-02-13 17:11:43,773 [Thread-14:102159944] [django.server:124] [ERROR]- "GET /autoTest/report_show/?report_id=7 HTTP/1.1" 500 82775
2019-02-13 17:11:43,857 [Thread-15:102159688] [django.server:124] [INFO]- "GET /favicon.ico HTTP/1.1" 302 0
2019-02-13 17:11:43,865 [Thread-16:102159688] [django.server:124] [INFO]- "GET /static/img/yjsLogo.jpg HTTP/1.1" 200 9596
2019-02-13 17:19:12,116 [DummyThread-1:87176520] [django.db.backends:111] [DEBUG]- (0.011) SELECT @@SQL_AUTO_IS_NULL; args=None
2019-02-13 17:19:12,129 [DummyThread-1:87176520] [django.db.backends:111] [DEBUG]- (0.010) SET SESSION TRANSACTION ISOLATION LEVEL READ COMMITTED; args=None
2019-02-13 17:19:12,143 [DummyThread-1:87176520] [django.db.backends:111] [DEBUG]- (0.013) SELECT VERSION(); args=None
2019-02-13 17:19:12,447 [DummyThread-1:87176520] [django.db.backends:111] [DEBUG]- (0.007) SET SESSION TRANSACTION ISOLATION LEVEL READ COMMITTED; args=None
2019-02-13 17:19:12,456 [DummyThread-1:87176520] [django.db.backends:111] [DEBUG]- (0.008) SHOW FULL TABLES; args=None
2019-02-13 17:19:12,469 [DummyThread-1:87176520] [django.db.backends:111] [DEBUG]- (0.009) SELECT `django_migrations`.`app`, `django_migrations`.`name` FROM `django_migrations`; args=()
2019-02-13 17:19:33,541 [DummyThread-1:87242056] [django.db.backends:111] [DEBUG]- (0.008) SELECT @@SQL_AUTO_IS_NULL; args=None
2019-02-13 17:19:33,551 [DummyThread-1:87242056] [django.db.backends:111] [DEBUG]- (0.010) SET SESSION TRANSACTION ISOLATION LEVEL READ COMMITTED; args=None
2019-02-13 17:19:33,571 [DummyThread-1:87242056] [django.db.backends:111] [DEBUG]- (0.019) SELECT VERSION(); args=None
2019-02-13 17:19:33,898 [DummyThread-1:87242056] [django.db.backends:111] [DEBUG]- (0.006) SET SESSION TRANSACTION ISOLATION LEVEL READ COMMITTED; args=None
2019-02-13 17:19:33,906 [DummyThread-1:87242056] [django.db.backends:111] [DEBUG]- (0.007) SHOW FULL TABLES; args=None
2019-02-13 17:19:33,918 [DummyThread-1:87242056] [django.db.backends:111] [DEBUG]- (0.009) SELECT `django_migrations`.`app`, `django_migrations`.`name` FROM `django_migrations`; args=()
2019-02-13 17:20:12,214 [DummyThread-1:87307592] [django.db.backends:111] [DEBUG]- (0.010) SELECT @@SQL_AUTO_IS_NULL; args=None
2019-02-13 17:20:12,223 [DummyThread-1:87307592] [django.db.backends:111] [DEBUG]- (0.009) SET SESSION TRANSACTION ISOLATION LEVEL READ COMMITTED; args=None
2019-02-13 17:20:12,232 [DummyThread-1:87307592] [django.db.backends:111] [DEBUG]- (0.009) SELECT VERSION(); args=None
2019-02-13 17:20:12,549 [DummyThread-1:87307592] [django.db.backends:111] [DEBUG]- (0.007) SET SESSION TRANSACTION ISOLATION LEVEL READ COMMITTED; args=None
2019-02-13 17:20:12,560 [DummyThread-1:87307592] [django.db.backends:111] [DEBUG]- (0.010) SHOW FULL TABLES; args=None
2019-02-13 17:20:12,574 [DummyThread-1:87307592] [django.db.backends:111] [DEBUG]- (0.011) SELECT `django_migrations`.`app`, `django_migrations`.`name` FROM `django_migrations`; args=()
2019-02-13 17:22:09,703 [DummyThread-1:87307592] [django.db.backends:111] [DEBUG]- (0.053) SELECT @@SQL_AUTO_IS_NULL; args=None
2019-02-13 17:22:09,754 [DummyThread-1:87307592] [django.db.backends:111] [DEBUG]- (0.050) SET SESSION TRANSACTION ISOLATION LEVEL READ COMMITTED; args=None
2019-02-13 17:22:09,807 [DummyThread-1:87307592] [django.db.backends:111] [DEBUG]- (0.053) SELECT VERSION(); args=None
2019-02-13 17:22:10,211 [DummyThread-1:87307592] [django.db.backends:111] [DEBUG]- (0.007) SET SESSION TRANSACTION ISOLATION LEVEL READ COMMITTED; args=None
2019-02-13 17:22:10,220 [DummyThread-1:87307592] [django.db.backends:111] [DEBUG]- (0.008) SHOW FULL TABLES; args=None
2019-02-13 17:22:10,300 [DummyThread-1:87307592] [django.db.backends:111] [DEBUG]- (0.071) SELECT `django_migrations`.`app`, `django_migrations`.`name` FROM `django_migrations`; args=()
2019-02-13 17:27:03,635 [Thread-2:102019144] [django.db.backends:111] [DEBUG]- (0.011) SELECT @@SQL_AUTO_IS_NULL; args=None
2019-02-13 17:27:03,646 [Thread-2:102019144] [django.db.backends:111] [DEBUG]- (0.011) SET SESSION TRANSACTION ISOLATION LEVEL READ COMMITTED; args=None
2019-02-13 17:27:03,654 [Thread-2:102019144] [django.db.backends:111] [DEBUG]- (0.008) SELECT VERSION(); args=None
2019-02-13 17:27:03,711 [Thread-2:102019144] [django.db.backends:111] [DEBUG]- (0.009) SET SESSION TRANSACTION ISOLATION LEVEL READ COMMITTED; args=None
2019-02-13 17:27:03,723 [Thread-2:102019144] [django.db.backends:111] [DEBUG]- (0.010) SELECT `autoTest_report`.`report_id`, `autoTest_report`.`report_name`, `autoTest_report`.`path`, `autoTest_report`.`relative_testCases`, `autoTest_report`.`create_time` FROM `autoTest_report` WHERE `autoTest_report`.`report_id` = 8; args=(8,)
2019-02-13 17:27:03,767 [Thread-2:102019144] [django.server:124] [ERROR]- "GET /autoTest/report_show/?report_id=8 HTTP/1.1" 500 82640
